2024-08-04 04:59:37.980 [info] Using settings sync service https://vscode-sync.trafficmanager.net/
2024-08-04 04:59:37.980 [info] Auto Sync is enabled.
2024-08-04 04:59:37.980 [info] Auto Sync: Suspended until auth token is available.
2024-08-04 04:59:38.342 [info] Deleting non existing profile from backup /home/peter/.config/Code/User/sync/extensions
2024-08-04 04:59:38.368 [info] Deleting non existing profile from backup /home/peter/.config/Code/User/sync/globalState
2024-08-04 04:59:38.374 [info] Deleting non existing profile from backup /home/peter/.config/Code/User/sync/keybindings
2024-08-04 04:59:38.381 [info] Deleting non existing profile from backup /home/peter/.config/Code/User/sync/profiles
2024-08-04 04:59:38.387 [info] Deleting non existing profile from backup /home/peter/.config/Code/User/sync/settings
2024-08-04 04:59:38.393 [info] Deleting non existing profile from backup /home/peter/.config/Code/User/sync/snippets
2024-08-04 04:59:38.403 [info] Deleting non existing profile from backup /home/peter/.config/Code/User/sync/tasks
2024-08-04 04:59:48.855 [info] Auto Sync: Triggered by Interval
2024-08-04 04:59:48.856 [info] Sync started.
2024-08-04 04:59:50.169 [info] Settings: Last sync resource does not exist locally.
2024-08-04 04:59:50.389 [info] Settings: No changes found during synchronizing settings.
2024-08-04 04:59:50.414 [info] Keybindings: Last sync resource does not exist locally.
2024-08-04 04:59:50.956 [info] Keybindings: No changes found during synchronizing keybindings.
2024-08-04 04:59:50.960 [info] Snippets: Last sync resource does not exist locally.
2024-08-04 04:59:51.063 [info] Snippets: No changes found during synchronizing snippets.
2024-08-04 04:59:51.070 [info] Tasks: Last sync resource does not exist locally.
2024-08-04 04:59:51.164 [info] Tasks: No changes found during synchronizing tasks.
2024-08-04 04:59:51.165 [info] GlobalState: Last sync resource does not exist locally.
2024-08-04 04:59:51.172 [info] GlobalState: Last sync resource does not exist locally.
2024-08-04 04:59:53.510 [info] GlobalState: Updated remote ui state. Updated: commandPalette.mru.cache,commandPalette.mru.counter.
2024-08-04 04:59:53.517 [info] GlobalState: Updated last synchronized ui state
2024-08-04 04:59:53.520 [info] Extensions: Last sync resource does not exist locally.
2024-08-04 04:59:53.731 [info] Extensions: No changes found during synchronizing extensions.
2024-08-04 04:59:53.736 [info] Profiles: Last sync resource does not exist locally.
2024-08-04 04:59:53.935 [info] Profiles: No changes found during synchronizing profiles.
2024-08-04 04:59:53.938 [info] Sync done. Took 5084ms
2024-08-04 04:59:53.938 [info] Auto Sync: Triggered by Activity
2024-08-04 04:59:53.938 [info] Sync started.
2024-08-04 04:59:54.035 [info] Settings: No changes found during synchronizing settings.
2024-08-04 04:59:54.043 [info] Keybindings: No changes found during synchronizing keybindings.
2024-08-04 04:59:54.054 [info] Snippets: No changes found during synchronizing snippets.
2024-08-04 04:59:54.057 [info] Tasks: No changes found during synchronizing tasks.
2024-08-04 04:59:54.066 [info] GlobalState: No changes found during synchronizing ui state.
2024-08-04 04:59:54.157 [info] Extensions: No changes found during synchronizing extensions.
2024-08-04 04:59:54.166 [info] Profiles: No changes found during synchronizing profiles.
2024-08-04 04:59:54.170 [info] Sync done. Took 231ms
2024-08-04 05:00:09.488 [info] Auto Sync: Triggered by Activity
2024-08-04 05:00:09.489 [info] Sync started.
2024-08-04 05:00:09.605 [info] Settings: No changes found during synchronizing settings.
2024-08-04 05:00:09.621 [info] Keybindings: No changes found during synchronizing keybindings.
2024-08-04 05:00:09.627 [info] Snippets: No changes found during synchronizing snippets.
2024-08-04 05:00:09.636 [info] Tasks: No changes found during synchronizing tasks.
2024-08-04 05:00:09.643 [info] GlobalState: No changes found during synchronizing ui state.
2024-08-04 05:00:09.740 [info] Extensions: No changes found during synchronizing extensions.
2024-08-04 05:00:09.742 [info] Profiles: No changes found during synchronizing profiles.
2024-08-04 05:00:09.746 [info] Sync done. Took 258ms
