Initializing document watcher...
agus/uassphp[1].php: {}
agus/uassphp[1].php: Using EditorConfig core...
agus/uassphp2[1].php: {}
agus/uassphp2[1].php: Using EditorConfig core...
agus/uassphp2[1].php: {}
agus/uassphp2[1].php: {}
agus/uassphp2[1].php: {}
agus/uassphp2[1].php: {}
agus/index.css: {}
agus/index.css: Using EditorConfig core...
agus/index.css: {}
agus/index.css: Using EditorConfig core...
agus/index.css: Using EditorConfig core...
agus/index.css: {}
agus/index.css: Using EditorConfig core...
agus/index.css: Using EditorConfig core...
agus/index.css: Using EditorConfig core...
agus/uassphp2[1].php: {}
agus/index.css: {}
agus/uassphp[1].php: {}
agus/uassphp[1].php: Using EditorConfig core...
agus/index.css: {}
agus/index.css: Using EditorConfig core...
agus/index.css: {}
agus/index.css: Using EditorConfig core...
agus/index.css: {}
agus/index.css: Using EditorConfig core...
agus/index.css: {}
agus/uassphp[1].php: {}
agus/index.css: {}
agus/index.css: Using EditorConfig core...
agus/index.css: {}
agus/index.css: Using EditorConfig core...
agus/index.css: {}
agus/index.css: Using EditorConfig core...
agus/index.css: {}
agus/index.css: Using EditorConfig core...
agus/index.css: {}
agus/index.css: {}
agus/uassphp[1].php: {}
agus/index.css: {}
agus/uassphp[1].php: {}
agus/uassphp[1].php: Using EditorConfig core...
agus/index.css: Using EditorConfig core...
agus/uassphp[1].php: {}
agus/uassphp[1].php: {}
agus/index.css: {}
/home/peter/.config/Code/User/settings.json: Using EditorConfig core...
agus/uassphp[1].php: {}
agus/index.css: {}
agus/index.css: Using EditorConfig core...
agus/index.css: {}
agus/index.css: Using EditorConfig core...
agus/index.css: Using EditorConfig core...
agus/index.css: {}
agus/index.css: Using EditorConfig core...
agus/index.css: {}
agus/index.css: Using EditorConfig core...
agus/index.css: {}
agus/index.css: Using EditorConfig core...
agus/index.css: {}
agus/index.css: Using EditorConfig core...
agus/index.css: {}
agus/index.css: Using EditorConfig core...
agus/index.css: Using EditorConfig core...
agus/index.css: Using EditorConfig core...
agus/index.css: Using EditorConfig core...
agus/index.css: Using EditorConfig core...
agus/index.css: {}
agus/index.css: Using EditorConfig core...
agus/index.css: {}
agus/index.css: {}
agus/uassphp[1].php: {}
agus/uassphp[1].php: Using EditorConfig core...
agus/index.css: Using EditorConfig core...
agus/uassphp[1].php: {}
agus/index.css: {}
agus/index.css: Using EditorConfig core...
agus/index.css: {}
agus/index.css: Using EditorConfig core...
agus/index.css: {}
agus/index.css: Using EditorConfig core...
agus/index.css: {}
agus/index.css: Using EditorConfig core...
agus/index.css: {}
agus/index.css: Using EditorConfig core...
agus/index.css: Using EditorConfig core...
agus/index.css: {}
agus/index.css: Using EditorConfig core...
agus/index.css: {}
agus/index.css: Using EditorConfig core...
agus/index.css: {}
agus/index.css: Using EditorConfig core...
agus/index.css: {}
agus/index.css: Using EditorConfig core...
agus/index.css: {}
agus/index.css: {}
agus/index.css: Using EditorConfig core...
agus/index.css: {}
agus/index.css: Using EditorConfig core...
agus/index.css: {}
agus/index.css: Using EditorConfig core...
agus/index.css: {}
agus/index.css: Using EditorConfig core...
agus/index.css: {}
agus/index.css: {}
agus/index.css: {}
agus/index.css: Using EditorConfig core...
agus/index.css: {}
agus/index.css: {}
agus/uassphp2[1].php: {}
agus/uassphp2.php: {}
agus/uassphp[1].php: {}
agus/uassphp.php: {}
agus/uassphp.php: {}
agus/uassphp2.php: {}
agus/uassphp2.php: Using EditorConfig core...
agus/uassphp2.php: {}
agus/uassphp2.php: {}
agus/uassphp2.php: Using EditorConfig core...
agus/uassphp2.php: {}
agus/uassphp2.php: Using EditorConfig core...
agus/uassphp2.php: Using EditorConfig core...
agus/uassphp2.php: Using EditorConfig core...
agus/index.css: {}
agus/uassphp2.php: {}
agus/uassphp2.php: Using EditorConfig core...
agus/uassphp2.php: {}
agus/uassphp2.php: {}
agus/uassphp2.php: Using EditorConfig core...
agus/index.css: {}
agus/uassphp2.php: {}
agus/uassphp2.php: Using EditorConfig core...
agus/uassphp2.php: Using EditorConfig core...
agus/uassphp2.php: Using EditorConfig core...
agus/uassphp2.php: Using EditorConfig core...
agus/index.css: {}
agus/index.css: Using EditorConfig core...
agus/uassphp2.php: {}
agus/uassphp2.php: Using EditorConfig core...
agus/uassphp2.php: Using EditorConfig core...
agus/uassphp2.php: {}
agus/index.css: {}
agus/uassphp2.php: {}
agus/index.css: Using EditorConfig core...
agus/uassphp2.php: {}
agus/uassphp2.php: Using EditorConfig core...
agus/uassphp2.php: {}
agus/uassphp2.php: {}
agus/uassphp2.php: {}
agus/index.css: {}
agus/uassphp2.php: {}
agus/index.css: Using EditorConfig core...
agus/uassphp2.php: {}
agus/uassphp2.php: Using EditorConfig core...
agus/uassphp2.php: Using EditorConfig core...
agus/uassphp2.php: {}
agus/index.css: {}
agus/index.css: {}
agus/uassphp2.php: {}
agus/index.css: {}
agus/index.css: Using EditorConfig core...
agus/index.css: {}
agus/index.css: Using EditorConfig core...
agus/index.css: {}
agus/index.css: Using EditorConfig core...
agus/index.css: {}
agus/index.css: Using EditorConfig core...
agus/index.css: Using EditorConfig core...
agus/index.css: {}
agus/uassphp2.php: {}
agus/uassphp2.php: Using EditorConfig core...
agus/uassphp2.php: Using EditorConfig core...
agus/uassphp2.php: Using EditorConfig core...
agus/uassphp2.php: Using EditorConfig core...
agus/uassphp2.php: Using EditorConfig core...
agus/uassphp2.php: {}
agus/uassphp2.php: {}
agus/uassphp2.php: Using EditorConfig core...
agus/uassphp2.php: {}
agus/index.css: {}
agus/index.css: Using EditorConfig core...
agus/index.css: Using EditorConfig core...
agus/index.css: {}
agus/index.css: Using EditorConfig core...
agus/index.css: {}
agus/index.css: Using EditorConfig core...
agus/index.css: Using EditorConfig core...
agus/index.css: {}
agus/index.css: Using EditorConfig core...
agus/index.css: {}
agus/index.css: Using EditorConfig core...
agus/index.css: {}
agus/index.css: Using EditorConfig core...
agus/index.css: {}
agus/index.css: Using EditorConfig core...
agus/index.css: {}
agus/index.css: Using EditorConfig core...
agus/index.css: {}
agus/index.css: Using EditorConfig core...
agus/index.css: {}
agus/index.css: Using EditorConfig core...
agus/index.css: {}
agus/index.css: {}
agus/uassphp2.php: {}
agus/uassphp2.php: Using EditorConfig core...
agus/uassphp2.php: {}
agus/uassphp2.php: Using EditorConfig core...
agus/uassphp2.php: {}
agus/uassphp2.php: {}
agus/index.css: {}
agus/index.css: Using EditorConfig core...
agus/index.css: {}
agus/index.css: Using EditorConfig core...
agus/index.css: {}
agus/index.css: Using EditorConfig core...
agus/index.css: {}
agus/uassphp2.php: {}
agus/uassphp2.php: Using EditorConfig core...
agus/uassphp2.php: {}
agus/uassphp2.php: {}
agus/index.css: {}
agus/index.css: Using EditorConfig core...
agus/index.css: {}
agus/index.css: Using EditorConfig core...
agus/index.css: {}
agus/index.css: Using EditorConfig core...
agus/index.css: {}
agus/index.css: Using EditorConfig core...
agus/index.css: {}
agus/index.css: Using EditorConfig core...
agus/index.css: {}
agus/index.css: Using EditorConfig core...
agus/index.css: {}
agus/uassphp.php: {}
agus/uas-1.php: {}
agus/uas-1.php: Using EditorConfig core...
agus/uas-2.php: {}
agus/uas-1.php: {}
agus/uas-2.php: {}
agus/index.css: {}
agus/index.css: {}
agus/index.css: {}
agus/index.css: Using EditorConfig core...
agus/index.css: {}
agus/index.css: {}
agus/index.css: {}
agus/index.css: {}
