2024-08-02 09:48:22.026 [info] Extension host with pid 752367 started
2024-08-02 09:48:22.026 [info] Skipping acquiring lock for /home/peter/.config/Code/User/workspaceStorage/5e6cd128407eb3b074970fd5153990cc.
2024-08-02 09:48:22.697 [info] ExtensionService#_doActivateExtension vscode.emmet, startup: false, activationEvent: 'onLanguage'
2024-08-02 09:48:22.708 [info] ExtensionService#_doActivateExtension golang.go, startup: false, activationEvent: 'onLanguage:go'
2024-08-02 09:48:23.298 [info] ExtensionService#_doActivateExtension vscode.git-base, startup: true, activationEvent: '*', root cause: vscode.git
2024-08-02 09:48:23.309 [info] ExtensionService#_doActivateExtension redhat.vscode-yaml, startup: true, activationEvent: '*', root cause: 42Crunch.vscode-openapi
2024-08-02 09:48:23.455 [info] ExtensionService#_doActivateExtension EditorConfig.EditorConfig, startup: true, activationEvent: '*'
2024-08-02 09:48:23.501 [info] ExtensionService#_doActivateExtension formulahendry.auto-rename-tag, startup: true, activationEvent: '*'
2024-08-02 09:48:23.621 [info] ExtensionService#_doActivateExtension vscode.git, startup: true, activationEvent: '*'
2024-08-02 09:48:23.680 [info] ExtensionService#_doActivateExtension vscode.github, startup: true, activationEvent: '*'
2024-08-02 09:48:23.794 [info] ExtensionService#_doActivateExtension ms-vscode.makefile-tools, startup: true, activationEvent: 'workspaceContains:**/makefile,**/Makefile,**/GNUmakefile'
2024-08-02 09:48:24.226 [info] ExtensionService#_doActivateExtension 42Crunch.vscode-openapi, startup: true, activationEvent: '*'
2024-08-02 09:48:24.836 [error] [golang.go] provider FAILED
2024-08-02 09:48:24.852 [error] Error: context canceled
    at handleResponse (/home/peter/.vscode/extensions/golang.go-0.42.0/dist/goMain.js:8606:40)
    at handleMessage (/home/peter/.vscode/extensions/golang.go-0.42.0/dist/goMain.js:8416:11)
    at processMessageQueue (/home/peter/.vscode/extensions/golang.go-0.42.0/dist/goMain.js:8431:13)
    at Immediate.<anonymous> (/home/peter/.vscode/extensions/golang.go-0.42.0/dist/goMain.js:8407:11)
    at processImmediate (node:internal/timers:478:21)
2024-08-02 09:48:24.854 [error] [golang.go] provider FAILED
2024-08-02 09:48:24.855 [error] Error: context canceled
    at handleResponse (/home/peter/.vscode/extensions/golang.go-0.42.0/dist/goMain.js:8606:40)
    at handleMessage (/home/peter/.vscode/extensions/golang.go-0.42.0/dist/goMain.js:8416:11)
    at processMessageQueue (/home/peter/.vscode/extensions/golang.go-0.42.0/dist/goMain.js:8431:13)
    at Immediate.<anonymous> (/home/peter/.vscode/extensions/golang.go-0.42.0/dist/goMain.js:8407:11)
    at processImmediate (node:internal/timers:478:21)
2024-08-02 09:48:25.028 [warning] [redhat.vscode-yaml] Accessing a resource scoped configuration without providing a resource is not expected. To get the effective value for '[yaml]', provide the URI of a resource or 'null' for any resource.
2024-08-02 09:48:25.032 [warning] [redhat.vscode-yaml] Accessing a resource scoped configuration without providing a resource is not expected. To get the effective value for '[yaml]', provide the URI of a resource or 'null' for any resource.
2024-08-02 09:48:25.342 [warning] [redhat.vscode-yaml] Accessing a resource scoped configuration without providing a resource is not expected. To get the effective value for '[yaml]', provide the URI of a resource or 'null' for any resource.
2024-08-02 09:48:25.387 [info] ExtensionService#_doActivateExtension vscode.github-authentication, startup: false, activationEvent: 'onAuthenticationRequest:github'
2024-08-02 09:48:25.545 [info] ExtensionService#_doActivateExtension vscode.microsoft-authentication, startup: false, activationEvent: 'onAuthenticationRequest:microsoft'
2024-08-02 09:48:25.836 [warning] [redhat.vscode-yaml] Accessing a resource scoped configuration without providing a resource is not expected. To get the effective value for '[yaml]', provide the URI of a resource or 'null' for any resource.
2024-08-02 09:48:26.357 [info] ExtensionService#_doActivateExtension vscode.configuration-editing, startup: false, activationEvent: 'onLanguage:jsonc'
2024-08-02 09:48:26.380 [info] ExtensionService#_doActivateExtension vscode.json-language-features, startup: false, activationEvent: 'onLanguage:jsonc'
2024-08-02 09:48:26.417 [info] ExtensionService#_doActivateExtension vscode.typescript-language-features, startup: false, activationEvent: 'onLanguage:jsonc'
2024-08-02 09:48:29.864 [info] Eager extensions activated
2024-08-02 09:48:29.870 [info] ExtensionService#_doActivateExtension vscode.debug-auto-launch, startup: false, activationEvent: 'onStartupFinished'
2024-08-02 09:48:29.873 [info] ExtensionService#_doActivateExtension vscode.merge-conflict, startup: false, activationEvent: 'onStartupFinished'
2024-08-02 09:48:29.893 [info] ExtensionService#_doActivateExtension aaron-bond.better-comments, startup: false, activationEvent: 'onStartupFinished'
2024-08-02 09:48:29.906 [info] ExtensionService#_doActivateExtension bradlc.vscode-tailwindcss, startup: false, activationEvent: 'onStartupFinished'
2024-08-02 09:48:29.938 [info] ExtensionService#_doActivateExtension dsznajder.es7-react-js-snippets, startup: false, activationEvent: 'onStartupFinished'
2024-08-02 09:48:30.530 [info] ExtensionService#_doActivateExtension eamodio.gitlens, startup: false, activationEvent: 'onStartupFinished'
2024-08-02 09:48:30.583 [info] ExtensionService#_doActivateExtension esbenp.prettier-vscode, startup: false, activationEvent: 'onStartupFinished'
2024-08-02 09:48:30.644 [info] ExtensionService#_doActivateExtension phil294.git-log--graph, startup: false, activationEvent: 'onStartupFinished'
2024-08-02 09:48:30.655 [info] ExtensionService#_doActivateExtension ritwickdey.LiveServer, startup: false, activationEvent: 'onStartupFinished'
2024-08-02 09:48:30.670 [info] ExtensionService#_doActivateExtension unthrottled.doki-theme, startup: false, activationEvent: 'onStartupFinished'
2024-08-02 09:48:30.720 [info] ExtensionService#_doActivateExtension usernamehw.errorlens, startup: false, activationEvent: 'onStartupFinished'
2024-08-02 09:48:30.724 [info] ExtensionService#_doActivateExtension vscodevim.vim, startup: false, activationEvent: 'onStartupFinished'
2024-08-02 09:49:23.840 [warning] [redhat.vscode-yaml] Accessing a resource scoped configuration without providing a resource is not expected. To get the effective value for '[yaml]', provide the URI of a resource or 'null' for any resource.
2024-08-02 11:04:24.229 [info] Extension host terminating: renderer closed the MessagePort
2024-08-02 11:04:24.361 [error] TypeError: r.some is not a function
    at Function.saveToDisk (/home/peter/.vscode/extensions/vscodevim.vim-1.27.3/out/extension.js:2:642593)
    at Object.t.deactivate (/home/peter/.vscode/extensions/vscodevim.vim-1.27.3/out/extension.js:2:176670)
    at m.eb (/opt/visual-studio-code/resources/app/out/vs/workbench/api/node/extensionHostProcess.js:160:9844)
    at /opt/visual-studio-code/resources/app/out/vs/workbench/api/node/extensionHostProcess.js:160:7915
    at Array.map (<anonymous>)
    at m.$ (/opt/visual-studio-code/resources/app/out/vs/workbench/api/node/extensionHostProcess.js:160:7902)
    at m.terminate (/opt/visual-studio-code/resources/app/out/vs/workbench/api/node/extensionHostProcess.js:160:8175)
    at d.terminate (/opt/visual-studio-code/resources/app/out/vs/workbench/api/node/extensionHostProcess.js:164:1513)
    at i (/opt/visual-studio-code/resources/app/out/vs/workbench/api/node/extensionHostProcess.js:177:10617)
    at MessagePortMain.<anonymous> (/opt/visual-studio-code/resources/app/out/vs/workbench/api/node/extensionHostProcess.js:177:6809)
    at MessagePortMain.emit (node:events:514:28)
    at Object.MessagePortMain._internalPort.emit (node:electron/js2c/utility_init:2:2285)
2024-08-02 11:04:24.382 [error] Canceled: Canceled
    at new I (/opt/visual-studio-code/resources/app/out/vs/workbench/api/node/extensionHostProcess.js:144:34990)
    at S.U (/opt/visual-studio-code/resources/app/out/vs/workbench/api/node/extensionHostProcess.js:151:6023)
    at Proxy.z.<computed>.F.charCodeAt.T.CharCode.DollarSign.z.<computed> (/opt/visual-studio-code/resources/app/out/vs/workbench/api/node/extensionHostProcess.js:151:3107)
    at f.g (/opt/visual-studio-code/resources/app/out/vs/workbench/api/node/extensionHostProcess.js:154:203861)
    at f.executeCommand (/opt/visual-studio-code/resources/app/out/vs/workbench/api/node/extensionHostProcess.js:154:203299)
    at A.registerCommand.description (/opt/visual-studio-code/resources/app/out/vs/workbench/api/node/extensionHostProcess.js:154:202623)
    at f.h (/opt/visual-studio-code/resources/app/out/vs/workbench/api/node/extensionHostProcess.js:154:204400)
    at f.g (/opt/visual-studio-code/resources/app/out/vs/workbench/api/node/extensionHostProcess.js:154:203392)
    at f.executeCommand (/opt/visual-studio-code/resources/app/out/vs/workbench/api/node/extensionHostProcess.js:154:203299)
    at Object.executeCommand (/opt/visual-studio-code/resources/app/out/vs/workbench/api/node/extensionHostProcess.js:164:23051)
    at w (/home/peter/.vscode/extensions/eamodio.gitlens-15.2.3/dist/gitlens.js:1455:39724)
    at c (/home/peter/.vscode/extensions/eamodio.gitlens-15.2.3/dist/gitlens.js:1455:44783)
    at ActionRunners._updateContextKeys (/home/peter/.vscode/extensions/eamodio.gitlens-15.2.3/dist/gitlens.js:1101:19641)
    at s (/home/peter/.vscode/extensions/eamodio.gitlens-15.2.3/dist/gitlens.js:1101:18085)
    at RegisteredActionRunner.unregister (/home/peter/.vscode/extensions/eamodio.gitlens-15.2.3/dist/gitlens.js:1101:18228)
    at RegisteredActionRunner.dispose (/home/peter/.vscode/extensions/eamodio.gitlens-15.2.3/dist/gitlens.js:1101:16881)
    at ActionRunners.dispose (/home/peter/.vscode/extensions/eamodio.gitlens-15.2.3/dist/gitlens.js:1101:17668)
    at /home/peter/.vscode/extensions/eamodio.gitlens-15.2.3/dist/gitlens.js:1414:20154
    at Array.forEach (<anonymous>)
    at Object.dispose (/home/peter/.vscode/extensions/eamodio.gitlens-15.2.3/dist/gitlens.js:1414:20136)
    at d (/opt/visual-studio-code/resources/app/out/vs/workbench/api/node/extensionHostProcess.js:30:744)
    at m.eb (/opt/visual-studio-code/resources/app/out/vs/workbench/api/node/extensionHostProcess.js:160:10039)
    at /opt/visual-studio-code/resources/app/out/vs/workbench/api/node/extensionHostProcess.js:160:7915
    at Array.map (<anonymous>)
    at m.$ (/opt/visual-studio-code/resources/app/out/vs/workbench/api/node/extensionHostProcess.js:160:7902)
    at m.terminate (/opt/visual-studio-code/resources/app/out/vs/workbench/api/node/extensionHostProcess.js:160:8175)
    at d.terminate (/opt/visual-studio-code/resources/app/out/vs/workbench/api/node/extensionHostProcess.js:164:1513)
    at i (/opt/visual-studio-code/resources/app/out/vs/workbench/api/node/extensionHostProcess.js:177:10617)
    at MessagePortMain.<anonymous> (/opt/visual-studio-code/resources/app/out/vs/workbench/api/node/extensionHostProcess.js:177:6809)
    at MessagePortMain.emit (node:events:514:28)
    at Object.MessagePortMain._internalPort.emit (node:electron/js2c/utility_init:2:2285) setContext undefined
2024-08-02 11:04:24.382 [error] Canceled: Canceled
    at new I (/opt/visual-studio-code/resources/app/out/vs/workbench/api/node/extensionHostProcess.js:144:34990)
    at S.U (/opt/visual-studio-code/resources/app/out/vs/workbench/api/node/extensionHostProcess.js:151:6023)
    at Proxy.z.<computed>.F.charCodeAt.T.CharCode.DollarSign.z.<computed> (/opt/visual-studio-code/resources/app/out/vs/workbench/api/node/extensionHostProcess.js:151:3107)
    at f.g (/opt/visual-studio-code/resources/app/out/vs/workbench/api/node/extensionHostProcess.js:154:203861)
    at f.executeCommand (/opt/visual-studio-code/resources/app/out/vs/workbench/api/node/extensionHostProcess.js:154:203299)
    at A.registerCommand.description (/opt/visual-studio-code/resources/app/out/vs/workbench/api/node/extensionHostProcess.js:154:202623)
    at f.h (/opt/visual-studio-code/resources/app/out/vs/workbench/api/node/extensionHostProcess.js:154:204400)
    at f.g (/opt/visual-studio-code/resources/app/out/vs/workbench/api/node/extensionHostProcess.js:154:203392)
    at f.executeCommand (/opt/visual-studio-code/resources/app/out/vs/workbench/api/node/extensionHostProcess.js:154:203299)
    at Object.executeCommand (/opt/visual-studio-code/resources/app/out/vs/workbench/api/node/extensionHostProcess.js:164:23051)
    at w (/home/peter/.vscode/extensions/eamodio.gitlens-15.2.3/dist/gitlens.js:1455:39724)
    at c (/home/peter/.vscode/extensions/eamodio.gitlens-15.2.3/dist/gitlens.js:1455:44783)
    at ActionRunners._updateContextKeys (/home/peter/.vscode/extensions/eamodio.gitlens-15.2.3/dist/gitlens.js:1101:19641)
    at s (/home/peter/.vscode/extensions/eamodio.gitlens-15.2.3/dist/gitlens.js:1101:18085)
    at RegisteredActionRunner.unregister (/home/peter/.vscode/extensions/eamodio.gitlens-15.2.3/dist/gitlens.js:1101:18228)
    at RegisteredActionRunner.dispose (/home/peter/.vscode/extensions/eamodio.gitlens-15.2.3/dist/gitlens.js:1101:16881)
    at ActionRunners.dispose (/home/peter/.vscode/extensions/eamodio.gitlens-15.2.3/dist/gitlens.js:1101:17668)
    at /home/peter/.vscode/extensions/eamodio.gitlens-15.2.3/dist/gitlens.js:1414:20154
    at Array.forEach (<anonymous>)
    at Object.dispose (/home/peter/.vscode/extensions/eamodio.gitlens-15.2.3/dist/gitlens.js:1414:20136)
    at d (/opt/visual-studio-code/resources/app/out/vs/workbench/api/node/extensionHostProcess.js:30:744)
    at m.eb (/opt/visual-studio-code/resources/app/out/vs/workbench/api/node/extensionHostProcess.js:160:10039)
    at /opt/visual-studio-code/resources/app/out/vs/workbench/api/node/extensionHostProcess.js:160:7915
    at Array.map (<anonymous>)
    at m.$ (/opt/visual-studio-code/resources/app/out/vs/workbench/api/node/extensionHostProcess.js:160:7902)
    at m.terminate (/opt/visual-studio-code/resources/app/out/vs/workbench/api/node/extensionHostProcess.js:160:8175)
    at d.terminate (/opt/visual-studio-code/resources/app/out/vs/workbench/api/node/extensionHostProcess.js:164:1513)
    at i (/opt/visual-studio-code/resources/app/out/vs/workbench/api/node/extensionHostProcess.js:177:10617)
    at MessagePortMain.<anonymous> (/opt/visual-studio-code/resources/app/out/vs/workbench/api/node/extensionHostProcess.js:177:6809)
    at MessagePortMain.emit (node:events:514:28)
    at Object.MessagePortMain._internalPort.emit (node:electron/js2c/utility_init:2:2285) setContext undefined
2024-08-02 11:04:24.383 [error] Canceled: Canceled
    at new I (/opt/visual-studio-code/resources/app/out/vs/workbench/api/node/extensionHostProcess.js:144:34990)
    at S.U (/opt/visual-studio-code/resources/app/out/vs/workbench/api/node/extensionHostProcess.js:151:6023)
    at Proxy.z.<computed>.F.charCodeAt.T.CharCode.DollarSign.z.<computed> (/opt/visual-studio-code/resources/app/out/vs/workbench/api/node/extensionHostProcess.js:151:3107)
    at f.g (/opt/visual-studio-code/resources/app/out/vs/workbench/api/node/extensionHostProcess.js:154:203861)
    at f.executeCommand (/opt/visual-studio-code/resources/app/out/vs/workbench/api/node/extensionHostProcess.js:154:203299)
    at A.registerCommand.description (/opt/visual-studio-code/resources/app/out/vs/workbench/api/node/extensionHostProcess.js:154:202623)
    at f.h (/opt/visual-studio-code/resources/app/out/vs/workbench/api/node/extensionHostProcess.js:154:204400)
    at f.g (/opt/visual-studio-code/resources/app/out/vs/workbench/api/node/extensionHostProcess.js:154:203392)
    at f.executeCommand (/opt/visual-studio-code/resources/app/out/vs/workbench/api/node/extensionHostProcess.js:154:203299)
    at Object.executeCommand (/opt/visual-studio-code/resources/app/out/vs/workbench/api/node/extensionHostProcess.js:164:23051)
    at w (/home/peter/.vscode/extensions/eamodio.gitlens-15.2.3/dist/gitlens.js:1455:39724)
    at c (/home/peter/.vscode/extensions/eamodio.gitlens-15.2.3/dist/gitlens.js:1455:44783)
    at ActionRunners._updateContextKeys (/home/peter/.vscode/extensions/eamodio.gitlens-15.2.3/dist/gitlens.js:1101:19641)
    at s (/home/peter/.vscode/extensions/eamodio.gitlens-15.2.3/dist/gitlens.js:1101:18085)
    at RegisteredActionRunner.unregister (/home/peter/.vscode/extensions/eamodio.gitlens-15.2.3/dist/gitlens.js:1101:18228)
    at RegisteredActionRunner.dispose (/home/peter/.vscode/extensions/eamodio.gitlens-15.2.3/dist/gitlens.js:1101:16881)
    at ActionRunners.dispose (/home/peter/.vscode/extensions/eamodio.gitlens-15.2.3/dist/gitlens.js:1101:17668)
    at /home/peter/.vscode/extensions/eamodio.gitlens-15.2.3/dist/gitlens.js:1414:20154
    at Array.forEach (<anonymous>)
    at Object.dispose (/home/peter/.vscode/extensions/eamodio.gitlens-15.2.3/dist/gitlens.js:1414:20136)
    at d (/opt/visual-studio-code/resources/app/out/vs/workbench/api/node/extensionHostProcess.js:30:744)
    at m.eb (/opt/visual-studio-code/resources/app/out/vs/workbench/api/node/extensionHostProcess.js:160:10039)
    at /opt/visual-studio-code/resources/app/out/vs/workbench/api/node/extensionHostProcess.js:160:7915
    at Array.map (<anonymous>)
    at m.$ (/opt/visual-studio-code/resources/app/out/vs/workbench/api/node/extensionHostProcess.js:160:7902)
    at m.terminate (/opt/visual-studio-code/resources/app/out/vs/workbench/api/node/extensionHostProcess.js:160:8175)
    at d.terminate (/opt/visual-studio-code/resources/app/out/vs/workbench/api/node/extensionHostProcess.js:164:1513)
    at i (/opt/visual-studio-code/resources/app/out/vs/workbench/api/node/extensionHostProcess.js:177:10617)
    at MessagePortMain.<anonymous> (/opt/visual-studio-code/resources/app/out/vs/workbench/api/node/extensionHostProcess.js:177:6809)
    at MessagePortMain.emit (node:events:514:28)
    at Object.MessagePortMain._internalPort.emit (node:electron/js2c/utility_init:2:2285) setContext undefined
2024-08-02 11:04:24.394 [error] Canceled: Canceled
    at new I (/opt/visual-studio-code/resources/app/out/vs/workbench/api/node/extensionHostProcess.js:144:34990)
    at S.U (/opt/visual-studio-code/resources/app/out/vs/workbench/api/node/extensionHostProcess.js:151:6023)
    at Proxy.z.<computed>.F.charCodeAt.T.CharCode.DollarSign.z.<computed> (/opt/visual-studio-code/resources/app/out/vs/workbench/api/node/extensionHostProcess.js:151:3107)
    at f.g (/opt/visual-studio-code/resources/app/out/vs/workbench/api/node/extensionHostProcess.js:154:203861)
    at f.executeCommand (/opt/visual-studio-code/resources/app/out/vs/workbench/api/node/extensionHostProcess.js:154:203299)
    at A.registerCommand.description (/opt/visual-studio-code/resources/app/out/vs/workbench/api/node/extensionHostProcess.js:154:202623)
    at f.h (/opt/visual-studio-code/resources/app/out/vs/workbench/api/node/extensionHostProcess.js:154:204400)
    at f.g (/opt/visual-studio-code/resources/app/out/vs/workbench/api/node/extensionHostProcess.js:154:203392)
    at f.executeCommand (/opt/visual-studio-code/resources/app/out/vs/workbench/api/node/extensionHostProcess.js:154:203299)
    at Object.executeCommand (/opt/visual-studio-code/resources/app/out/vs/workbench/api/node/extensionHostProcess.js:164:23051)
    at pE (/home/peter/.vscode/extensions/bradlc.vscode-tailwindcss-0.12.5/dist/extension.js:40:8764)
    at Ne (/home/peter/.vscode/extensions/bradlc.vscode-tailwindcss-0.12.5/dist/extension.js:4:1357)
    at me (/home/peter/.vscode/extensions/bradlc.vscode-tailwindcss-0.12.5/dist/extension.js:3:6845)
    at Immediate.<anonymous> (/home/peter/.vscode/extensions/bradlc.vscode-tailwindcss-0.12.5/dist/extension.js:3:6723)
    at processImmediate (node:internal/timers:478:21) setContext undefined
2024-08-02 11:04:24.398 [warning] Canceled
2024-08-02 11:04:24.406 [info] Extension host with pid 752367 exiting with code 0
