2024-08-04 03:34:45.908 [info] Reading sessions from keychain...
2024-08-04 03:34:45.908 [info] Getting sessions for all scopes...
2024-08-04 03:34:45.908 [info] Getting sessions for all scopes...
2024-08-04 03:34:45.914 [info] Getting sessions for user:email...
2024-08-04 03:34:45.952 [info] Got stored sessions!
2024-08-04 03:34:45.952 [info] Got 2 verified sessions.
2024-08-04 03:34:45.952 [info] Got 2 sessions for ...
2024-08-04 03:34:45.952 [info] Got 2 sessions for ...
2024-08-04 03:34:45.952 [info] Got 1 sessions for user:email...
2024-08-04 03:34:46.216 [info] Getting sessions for all scopes...
2024-08-04 03:34:46.216 [info] Got 2 sessions for ...
2024-08-04 03:34:46.238 [info] Getting sessions for user:email...
2024-08-04 03:34:46.238 [info] Got 1 sessions for user:email...
2024-08-04 03:34:46.254 [info] Getting sessions for user:email...
2024-08-04 03:34:46.254 [info] Got 1 sessions for user:email...
2024-08-04 03:34:46.256 [info] Getting sessions for all scopes...
2024-08-04 03:34:46.256 [info] Got 2 sessions for ...
2024-08-04 03:34:46.658 [info] Getting sessions for all scopes...
2024-08-04 03:34:46.658 [info] Got 2 sessions for ...
2024-08-04 03:34:50.296 [info] Getting sessions for read:user,repo,user:email...
2024-08-04 03:34:50.296 [info] Got 0 sessions for read:user,repo,user:email...
2024-08-04 03:34:50.333 [info] Getting sessions for all scopes...
2024-08-04 03:34:50.333 [info] Got 2 sessions for ...
