2024-08-03 07:37:17.503 [info] Reading sessions from keychain...
2024-08-03 07:37:17.503 [info] Getting sessions for all scopes...
2024-08-03 07:37:17.503 [info] Getting sessions for all scopes...
2024-08-03 07:37:17.585 [info] Got stored sessions!
2024-08-03 07:37:17.585 [info] Got 2 verified sessions.
2024-08-03 07:37:17.585 [info] Got 2 sessions for ...
2024-08-03 07:37:17.585 [info] Got 2 sessions for ...
2024-08-03 07:37:17.616 [info] Getting sessions for user:email...
2024-08-03 07:37:17.616 [info] Got 1 sessions for user:email...
2024-08-03 07:37:17.746 [info] Getting sessions for user:email...
2024-08-03 07:37:17.746 [info] Got 1 sessions for user:email...
2024-08-03 07:37:17.749 [info] Getting sessions for user:email...
2024-08-03 07:37:17.749 [info] Got 1 sessions for user:email...
2024-08-03 07:37:17.790 [info] Getting sessions for all scopes...
2024-08-03 07:37:17.790 [info] Got 2 sessions for ...
2024-08-03 07:37:18.155 [info] Getting sessions for all scopes...
2024-08-03 07:37:18.155 [info] Got 2 sessions for ...
2024-08-03 07:37:18.172 [info] Getting sessions for all scopes...
2024-08-03 07:37:18.172 [info] Got 2 sessions for ...
2024-08-03 07:37:21.239 [info] Getting sessions for read:user,repo,user:email...
2024-08-03 07:37:21.239 [info] Got 0 sessions for read:user,repo,user:email...
2024-08-03 07:37:21.314 [info] Getting sessions for all scopes...
2024-08-03 07:37:21.314 [info] Got 2 sessions for ...
2024-08-03 07:37:31.377 [info] Getting sessions for all scopes...
2024-08-03 07:37:31.377 [info] Got 2 sessions for ...
2024-08-03 07:37:31.586 [info] Getting sessions for all scopes...
2024-08-03 07:37:31.587 [info] Got 2 sessions for ...
2024-08-03 07:37:32.126 [info] Getting sessions for all scopes...
2024-08-03 07:37:32.126 [info] Got 2 sessions for ...
2024-08-03 07:37:49.519 [info] Getting sessions for all scopes...
2024-08-03 07:37:49.520 [info] Got 2 sessions for ...
2024-08-03 07:37:55.641 [info] Getting sessions for all scopes...
2024-08-03 07:37:55.642 [info] Got 2 sessions for ...
2024-08-03 07:37:56.185 [info] Getting sessions for all scopes...
2024-08-03 07:37:56.185 [info] Got 2 sessions for ...
2024-08-03 07:38:26.360 [info] Getting sessions for all scopes...
2024-08-03 07:38:26.361 [info] Got 2 sessions for ...
2024-08-03 07:38:31.314 [info] Getting sessions for all scopes...
2024-08-03 07:38:31.314 [info] Got 2 sessions for ...
2024-08-03 07:38:32.218 [info] Getting sessions for all scopes...
2024-08-03 07:38:32.218 [info] Got 2 sessions for ...
2024-08-03 07:38:32.447 [info] Getting sessions for all scopes...
2024-08-03 07:38:32.447 [info] Got 2 sessions for ...
2024-08-03 07:38:32.536 [info] Getting sessions for all scopes...
2024-08-03 07:38:32.537 [info] Got 2 sessions for ...
2024-08-03 07:38:32.834 [info] Getting sessions for all scopes...
2024-08-03 07:38:32.834 [info] Got 2 sessions for ...
2024-08-03 07:38:36.196 [info] Getting sessions for all scopes...
2024-08-03 07:38:36.196 [info] Got 2 sessions for ...
2024-08-03 07:38:42.054 [info] Getting sessions for all scopes...
2024-08-03 07:38:42.054 [info] Got 2 sessions for ...
2024-08-03 07:38:44.141 [info] Getting sessions for all scopes...
2024-08-03 07:38:44.141 [info] Got 2 sessions for ...
2024-08-03 07:38:46.136 [info] Getting sessions for all scopes...
2024-08-03 07:38:46.136 [info] Got 2 sessions for ...
2024-08-03 07:38:50.855 [info] Getting sessions for all scopes...
2024-08-03 07:38:50.855 [info] Got 2 sessions for ...
2024-08-03 07:38:52.126 [info] Getting sessions for all scopes...
2024-08-03 07:38:52.127 [info] Got 2 sessions for ...
2024-08-03 07:38:54.464 [info] Getting sessions for all scopes...
2024-08-03 07:38:54.464 [info] Got 2 sessions for ...
