2024-08-02 09:48:20.742 [info] Added views:workbench.panel.markers.view in workbench.panel.markers
2024-08-02 09:48:20.742 [info] Added views:workbench.panel.output in workbench.panel.output
2024-08-02 09:48:20.742 [info] Added views:terminal in terminal
2024-08-02 09:48:20.742 [info] Added views:outline in workbench.view.explorer
2024-08-02 09:48:20.742 [info] Added views:workbench.scm in workbench.view.scm
2024-08-02 09:48:20.742 [info] Added views:workbench.view.search in workbench.view.search
2024-08-02 09:48:20.742 [info] Added views:workbench.explorer.fileView in workbench.view.explorer
2024-08-02 09:48:20.973 [info] Added views:workbench.debug.welcome in workbench.view.debug
2024-08-02 09:48:22.190 [info] Added views:openapiNotSelectedOutline in workbench.view.extension.openapi-explorer
2024-08-02 09:48:22.192 [info] Added views:gitlens.views.home,gitlens.views.workspaces,gitlens.views.account in workbench.view.extension.gitlens
2024-08-02 09:48:22.193 [info] Added views:gitlens.views.commitDetails,gitlens.views.lineHistory,gitlens.views.fileHistory,gitlens.views.searchAndCompare in workbench.view.extension.gitlensInspect
2024-08-02 09:48:22.195 [info] Added views:gitlens.views.commits,gitlens.views.branches,gitlens.views.remotes,gitlens.views.stashes,gitlens.views.tags,gitlens.views.contributors in workbench.view.scm
2024-08-02 09:48:22.198 [info] Added views:dockerContainers,dockerImages,dockerRegistries,dockerNetworks,dockerVolumes,vscode-docker.views.dockerContexts,vscode-docker.views.help in workbench.view.extension.dockerView
2024-08-02 09:48:22.198 [info] Added views:git-log--graph in workbench.view.scm
2024-08-02 09:48:22.701 [info] Added views:workbench.panel.repl.view in workbench.panel.repl
2024-08-02 09:48:23.240 [info] Added views:workbench.view.testing in workbench.view.extension.test
2024-08-02 09:48:23.249 [info] Added views:go.explorer in workbench.view.explorer
2024-08-02 09:48:25.269 [info] Added views:~remote.forwardedPorts in ~remote.forwardedPortsContainer
2024-08-02 09:48:25.614 [info] Added views:makefile.outline in workbench.view.extension.makefile__viewContainer
2024-08-02 09:48:30.966 [info] Removed views:gitlens.views.searchAndCompare,gitlens.views.fileHistory,gitlens.views.lineHistory,gitlens.views.commitDetails from workbench.view.extension.gitlensInspect
2024-08-02 09:48:30.967 [info] Removed views:gitlens.views.contributors,gitlens.views.tags,gitlens.views.stashes,gitlens.views.remotes,gitlens.views.branches,gitlens.views.commits from workbench.view.scm
2024-08-02 09:48:31.228 [info] Added views:gitlens.views.drafts in workbench.view.extension.gitlens
2024-08-02 11:04:24.240 [info] Removed views:workbench.view.testing from workbench.view.extension.test
