2024-08-03 09:05:44.781 [info] Added views:workbench.panel.markers.view in workbench.panel.markers
2024-08-03 09:05:44.782 [info] Added views:workbench.panel.output in workbench.panel.output
2024-08-03 09:05:44.782 [info] Added views:terminal in terminal
2024-08-03 09:05:44.782 [info] Added views:outline in workbench.view.explorer
2024-08-03 09:05:44.782 [info] Added views:workbench.scm in workbench.view.scm
2024-08-03 09:05:44.782 [info] Added views:workbench.view.search in workbench.view.search
2024-08-03 09:05:44.782 [info] Added views:workbench.explorer.fileView in workbench.view.explorer
2024-08-03 09:05:46.415 [info] Added views:openapiNotSelectedOutline in workbench.view.extension.openapi-explorer
2024-08-03 09:05:46.416 [info] Added views:gitlens.views.home,gitlens.views.workspaces,gitlens.views.account in workbench.view.extension.gitlens
2024-08-03 09:05:46.417 [info] Added views:gitlens.views.commitDetails,gitlens.views.lineHistory,gitlens.views.fileHistory,gitlens.views.searchAndCompare in workbench.view.extension.gitlensInspect
2024-08-03 09:05:46.419 [info] Added views:gitlens.views.commits,gitlens.views.branches,gitlens.views.remotes,gitlens.views.stashes,gitlens.views.tags,gitlens.views.contributors in workbench.view.scm
2024-08-03 09:05:46.421 [info] Added views:dockerContainers,dockerImages,dockerRegistries,dockerNetworks,dockerVolumes,vscode-docker.views.dockerContexts,vscode-docker.views.help in workbench.view.extension.dockerView
2024-08-03 09:05:46.421 [info] Added views:git-log--graph in workbench.view.scm
2024-08-03 09:05:46.580 [info] Added views:workbench.debug.variablesView,workbench.debug.watchExpressionsView,workbench.debug.callStackView,workbench.debug.breakPointsView in workbench.view.debug
2024-08-03 09:05:46.726 [info] Added views:workbench.panel.repl.view in workbench.panel.repl
2024-08-03 09:05:46.726 [info] Removed views:workbench.debug.breakPointsView,workbench.debug.callStackView,workbench.debug.watchExpressionsView,workbench.debug.variablesView from workbench.view.debug
2024-08-03 09:05:46.727 [info] Added views:workbench.debug.welcome in workbench.view.debug
2024-08-03 09:05:47.353 [info] Added views:~remote.forwardedPorts in ~remote.forwardedPortsContainer
2024-08-03 09:05:49.359 [info] Added views:makefile.outline in workbench.view.extension.makefile__viewContainer
2024-08-03 09:05:52.453 [info] Removed views:gitlens.views.searchAndCompare,gitlens.views.fileHistory,gitlens.views.lineHistory,gitlens.views.commitDetails from workbench.view.extension.gitlensInspect
2024-08-03 09:05:52.462 [info] Removed views:gitlens.views.contributors,gitlens.views.tags,gitlens.views.stashes,gitlens.views.remotes,gitlens.views.branches,gitlens.views.commits from workbench.view.scm
2024-08-03 09:05:52.995 [info] Added views:gitlens.views.drafts in workbench.view.extension.gitlens
2024-08-03 09:12:10.697 [info] Removed views:outline from workbench.view.explorer
