[Info  - 9:42:33 AM] 2024/08/02 09:42:33 Created View (#1)
	directory=/home/peter/Developer/go/day_1
	view_type="GoMod"
	root_dir="file:///home/peter/Developer/go/day_1"
	go_version="go version go1.22.5 linux/amd64"
	build_flags=[]
	env={GOOS:linux GOARCH:amd64 GOCACHE:/home/peter/.cache/go-build GOMODCACHE:/home/peter/go/pkg/mod GOPATH:/home/peter/go GOPRIVATE: GOFLAGS: GO111MODULE: GOTOOLCHAIN:auto GoVersion:22 GoVersionOutput:go version go1.22.5 linux/amd64
 ExplicitGOWORK: EffectiveGOPACKAGESDRIVER:}
	env_overlay=[]

[Info  - 9:42:34 AM] 2024/08/02 09:42:33 go/packages.Load #1
	view_id="1"
	snapshot=0
	directory=/home/peter/Developer/go/day_1
	query=[/home/peter/Developer/go/day_1/... builtin]
	packages=5
	duration=150.259861ms

[Error - 9:42:35 AM] Request textDocument/codeAction failed.
  Message: context canceled
  Code: 0 
[Info  - 9:43:03 AM] 2024/08/02 09:43:03 background imports cache refresh starting

[Info  - 9:43:03 AM] 2024/08/02 09:43:03 background refresh finished after 106.109555ms

[Info  - 9:43:45 AM] 2024/08/02 09:43:45 background imports cache refresh starting

[Info  - 9:43:45 AM] 2024/08/02 09:43:45 background refresh finished after 6.741235ms

[Info  - 9:44:15 AM] 2024/08/02 09:44:15 background imports cache refresh starting

[Info  - 9:44:15 AM] 2024/08/02 09:44:15 background refresh finished after 2.571616ms

[Error - 9:47:11 AM] Request textDocument/hover failed.
  Message: no package data for file:///home/peter/Developer/go/day_1/internal/cli/cli.go
  Code: 0 
[Info  - 9:47:44 AM] 2024/08/02 09:47:44 background imports cache refresh starting

[Info  - 9:47:44 AM] 2024/08/02 09:47:44 background refresh finished after 6.450833ms

[Info  - 9:48:11 AM] 2024/08/02 09:48:11 Shutdown session
	shutdown_session=1

