2024-08-02 09:12:15.232 [info] Extension host with pid 661868 started
2024-08-02 09:12:15.232 [info] Skipping acquiring lock for /home/peter/.config/Code/User/workspaceStorage/5e6cd128407eb3b074970fd5153990cc.
2024-08-02 09:12:15.839 [info] ExtensionService#_doActivateExtension vscode.git-base, startup: true, activationEvent: '*', root cause: vscode.git
2024-08-02 09:12:15.844 [info] ExtensionService#_doActivateExtension redhat.vscode-yaml, startup: true, activationEvent: '*', root cause: 42Crunch.vscode-openapi
2024-08-02 09:12:15.992 [info] ExtensionService#_doActivateExtension EditorConfig.EditorConfig, startup: true, activationEvent: '*'
2024-08-02 09:12:16.029 [info] ExtensionService#_doActivateExtension formulahendry.auto-rename-tag, startup: true, activationEvent: '*'
2024-08-02 09:12:16.174 [info] ExtensionService#_doActivateExtension vscode.git, startup: true, activationEvent: '*'
2024-08-02 09:12:16.217 [info] ExtensionService#_doActivateExtension vscode.github, startup: true, activationEvent: '*'
2024-08-02 09:12:16.393 [info] ExtensionService#_doActivateExtension ms-vscode.makefile-tools, startup: true, activationEvent: 'workspaceContains:**/makefile,**/Makefile,**/GNUmakefile'
2024-08-02 09:12:16.503 [info] ExtensionService#_doActivateExtension vscode.github-authentication, startup: false, activationEvent: 'onAuthenticationRequest:github'
2024-08-02 09:12:16.531 [info] ExtensionService#_doActivateExtension 42Crunch.vscode-openapi, startup: true, activationEvent: '*'
2024-08-02 09:12:17.481 [warning] [redhat.vscode-yaml] Accessing a resource scoped configuration without providing a resource is not expected. To get the effective value for '[yaml]', provide the URI of a resource or 'null' for any resource.
2024-08-02 09:12:17.487 [info] ExtensionService#_doActivateExtension vscode.microsoft-authentication, startup: false, activationEvent: 'onAuthenticationRequest:microsoft'
2024-08-02 09:12:17.550 [warning] [redhat.vscode-yaml] Accessing a resource scoped configuration without providing a resource is not expected. To get the effective value for '[yaml]', provide the URI of a resource or 'null' for any resource.
2024-08-02 09:12:18.217 [info] ExtensionService#_doActivateExtension vscode.emmet, startup: false, activationEvent: 'onLanguage'
2024-08-02 09:12:18.998 [info] ExtensionService#_doActivateExtension vscode.configuration-editing, startup: false, activationEvent: 'onLanguage:jsonc'
2024-08-02 09:12:19.022 [info] ExtensionService#_doActivateExtension vscode.json-language-features, startup: false, activationEvent: 'onLanguage:jsonc'
2024-08-02 09:12:19.074 [info] ExtensionService#_doActivateExtension vscode.typescript-language-features, startup: false, activationEvent: 'onLanguage:jsonc'
2024-08-02 09:12:20.859 [info] ExtensionService#_doActivateExtension golang.go, startup: false, activationEvent: 'onLanguage:go'
2024-08-02 09:12:23.056 [warning] [redhat.vscode-yaml] Accessing a resource scoped configuration without providing a resource is not expected. To get the effective value for '[yaml]', provide the URI of a resource or 'null' for any resource.
2024-08-02 09:12:24.552 [info] ExtensionService#_doActivateExtension vscodevim.vim, startup: false, activationEvent: 'onCommand:type'
2024-08-02 09:12:25.639 [info] ExtensionService#_doActivateExtension vscode.debug-auto-launch, startup: false, activationEvent: 'onStartupFinished'
2024-08-02 09:12:25.645 [info] ExtensionService#_doActivateExtension vscode.merge-conflict, startup: false, activationEvent: 'onStartupFinished'
2024-08-02 09:12:25.670 [info] ExtensionService#_doActivateExtension aaron-bond.better-comments, startup: false, activationEvent: 'onStartupFinished'
2024-08-02 09:12:25.697 [info] ExtensionService#_doActivateExtension bradlc.vscode-tailwindcss, startup: false, activationEvent: 'onStartupFinished'
2024-08-02 09:12:25.765 [info] ExtensionService#_doActivateExtension dsznajder.es7-react-js-snippets, startup: false, activationEvent: 'onStartupFinished'
2024-08-02 09:12:26.366 [info] ExtensionService#_doActivateExtension eamodio.gitlens, startup: false, activationEvent: 'onStartupFinished'
2024-08-02 09:12:26.458 [info] ExtensionService#_doActivateExtension esbenp.prettier-vscode, startup: false, activationEvent: 'onStartupFinished'
2024-08-02 09:12:26.511 [info] ExtensionService#_doActivateExtension phil294.git-log--graph, startup: false, activationEvent: 'onStartupFinished'
2024-08-02 09:12:26.521 [info] ExtensionService#_doActivateExtension ritwickdey.LiveServer, startup: false, activationEvent: 'onStartupFinished'
2024-08-02 09:12:26.534 [info] ExtensionService#_doActivateExtension unthrottled.doki-theme, startup: false, activationEvent: 'onStartupFinished'
2024-08-02 09:12:26.575 [info] ExtensionService#_doActivateExtension usernamehw.errorlens, startup: false, activationEvent: 'onStartupFinished'
2024-08-02 09:13:59.383 [error] [golang.go] provider FAILED
2024-08-02 09:13:59.385 [error] Error: 54:18: missing ',' before newline in composite literal
    at handleResponse (/home/peter/.vscode/extensions/golang.go-0.42.0/dist/goMain.js:8606:40)
    at handleMessage (/home/peter/.vscode/extensions/golang.go-0.42.0/dist/goMain.js:8416:11)
    at processMessageQueue (/home/peter/.vscode/extensions/golang.go-0.42.0/dist/goMain.js:8431:13)
    at Immediate.<anonymous> (/home/peter/.vscode/extensions/golang.go-0.42.0/dist/goMain.js:8407:11)
    at processImmediate (node:internal/timers:478:21)
2024-08-02 09:17:18.849 [error] [golang.go] provider FAILED
2024-08-02 09:17:18.849 [error] Error: 60:13: expected operand, found ',' (and 2 more errors)
    at handleResponse (/home/peter/.vscode/extensions/golang.go-0.42.0/dist/goMain.js:8606:40)
    at handleMessage (/home/peter/.vscode/extensions/golang.go-0.42.0/dist/goMain.js:8416:11)
    at processMessageQueue (/home/peter/.vscode/extensions/golang.go-0.42.0/dist/goMain.js:8431:13)
    at Immediate.<anonymous> (/home/peter/.vscode/extensions/golang.go-0.42.0/dist/goMain.js:8407:11)
    at processImmediate (node:internal/timers:478:21)
2024-08-02 09:17:44.247 [error] [golang.go] provider FAILED
2024-08-02 09:17:44.247 [error] Error: 59:13: expected operand, found ',' (and 3 more errors)
    at handleResponse (/home/peter/.vscode/extensions/golang.go-0.42.0/dist/goMain.js:8606:40)
    at handleMessage (/home/peter/.vscode/extensions/golang.go-0.42.0/dist/goMain.js:8416:11)
    at processMessageQueue (/home/peter/.vscode/extensions/golang.go-0.42.0/dist/goMain.js:8431:13)
    at Immediate.<anonymous> (/home/peter/.vscode/extensions/golang.go-0.42.0/dist/goMain.js:8407:11)
    at processImmediate (node:internal/timers:478:21)
2024-08-02 09:18:28.348 [error] [golang.go] provider FAILED
2024-08-02 09:18:28.349 [error] Error: 59:13: expected operand, found ',' (and 3 more errors)
    at handleResponse (/home/peter/.vscode/extensions/golang.go-0.42.0/dist/goMain.js:8606:40)
    at handleMessage (/home/peter/.vscode/extensions/golang.go-0.42.0/dist/goMain.js:8416:11)
    at processMessageQueue (/home/peter/.vscode/extensions/golang.go-0.42.0/dist/goMain.js:8431:13)
    at Immediate.<anonymous> (/home/peter/.vscode/extensions/golang.go-0.42.0/dist/goMain.js:8407:11)
    at processImmediate (node:internal/timers:478:21)
2024-08-02 09:19:04.927 [error] [golang.go] provider FAILED
2024-08-02 09:19:04.928 [error] Error: 60:13: expected operand, found ',' (and 3 more errors)
    at handleResponse (/home/peter/.vscode/extensions/golang.go-0.42.0/dist/goMain.js:8606:40)
    at handleMessage (/home/peter/.vscode/extensions/golang.go-0.42.0/dist/goMain.js:8416:11)
    at processMessageQueue (/home/peter/.vscode/extensions/golang.go-0.42.0/dist/goMain.js:8431:13)
    at Immediate.<anonymous> (/home/peter/.vscode/extensions/golang.go-0.42.0/dist/goMain.js:8407:11)
    at processImmediate (node:internal/timers:478:21)
2024-08-02 09:19:37.053 [error] [golang.go] provider FAILED
2024-08-02 09:19:37.054 [error] Error: 61:13: expected operand, found ',' (and 3 more errors)
    at handleResponse (/home/peter/.vscode/extensions/golang.go-0.42.0/dist/goMain.js:8606:40)
    at handleMessage (/home/peter/.vscode/extensions/golang.go-0.42.0/dist/goMain.js:8416:11)
    at processMessageQueue (/home/peter/.vscode/extensions/golang.go-0.42.0/dist/goMain.js:8431:13)
    at Immediate.<anonymous> (/home/peter/.vscode/extensions/golang.go-0.42.0/dist/goMain.js:8407:11)
    at processImmediate (node:internal/timers:478:21)
2024-08-02 09:20:12.674 [error] [golang.go] provider FAILED
2024-08-02 09:20:12.674 [error] Error: 64:13: expected operand, found ',' (and 3 more errors)
    at handleResponse (/home/peter/.vscode/extensions/golang.go-0.42.0/dist/goMain.js:8606:40)
    at handleMessage (/home/peter/.vscode/extensions/golang.go-0.42.0/dist/goMain.js:8416:11)
    at processMessageQueue (/home/peter/.vscode/extensions/golang.go-0.42.0/dist/goMain.js:8431:13)
    at Immediate.<anonymous> (/home/peter/.vscode/extensions/golang.go-0.42.0/dist/goMain.js:8407:11)
    at processImmediate (node:internal/timers:478:21)
2024-08-02 09:28:53.267 [error] [golang.go] provider FAILED
2024-08-02 09:28:53.267 [error] Error: 29:38: expected operand, found ']'
    at handleResponse (/home/peter/.vscode/extensions/golang.go-0.42.0/dist/goMain.js:8606:40)
    at handleMessage (/home/peter/.vscode/extensions/golang.go-0.42.0/dist/goMain.js:8416:11)
    at processMessageQueue (/home/peter/.vscode/extensions/golang.go-0.42.0/dist/goMain.js:8431:13)
    at Immediate.<anonymous> (/home/peter/.vscode/extensions/golang.go-0.42.0/dist/goMain.js:8407:11)
    at processImmediate (node:internal/timers:478:21)
2024-08-02 09:32:14.527 [error] [golang.go] provider FAILED
2024-08-02 09:32:14.527 [error] Error: failed to resolve import "day_1/cli"
    at handleResponse (/home/peter/.vscode/extensions/golang.go-0.42.0/dist/goMain.js:8606:40)
    at handleMessage (/home/peter/.vscode/extensions/golang.go-0.42.0/dist/goMain.js:8416:11)
    at processMessageQueue (/home/peter/.vscode/extensions/golang.go-0.42.0/dist/goMain.js:8431:13)
    at Immediate.<anonymous> (/home/peter/.vscode/extensions/golang.go-0.42.0/dist/goMain.js:8407:11)
    at processImmediate (node:internal/timers:478:21)
2024-08-02 09:32:14.533 [error] [golang.go] provider FAILED
2024-08-02 09:32:14.533 [error] Error: no package data for import "day_1/cli"
    at handleResponse (/home/peter/.vscode/extensions/golang.go-0.42.0/dist/goMain.js:8606:40)
    at handleMessage (/home/peter/.vscode/extensions/golang.go-0.42.0/dist/goMain.js:8416:11)
    at processMessageQueue (/home/peter/.vscode/extensions/golang.go-0.42.0/dist/goMain.js:8431:13)
    at Immediate.<anonymous> (/home/peter/.vscode/extensions/golang.go-0.42.0/dist/goMain.js:8407:11)
    at processImmediate (node:internal/timers:478:21)
2024-08-02 09:36:28.761 [warning] TextEditor is closed/disposed
2024-08-02 09:36:28.761 [warning] TextEditor is closed/disposed
2024-08-02 09:42:09.869 [error] [golang.go] provider FAILED
2024-08-02 09:42:09.870 [error] Error: failed to resolve import "day_1/packages/find"
    at handleResponse (/home/peter/.vscode/extensions/golang.go-0.42.0/dist/goMain.js:8606:40)
    at handleMessage (/home/peter/.vscode/extensions/golang.go-0.42.0/dist/goMain.js:8416:11)
    at processMessageQueue (/home/peter/.vscode/extensions/golang.go-0.42.0/dist/goMain.js:8431:13)
    at Immediate.<anonymous> (/home/peter/.vscode/extensions/golang.go-0.42.0/dist/goMain.js:8407:11)
    at processImmediate (node:internal/timers:478:21)
2024-08-02 09:42:09.878 [error] [golang.go] provider FAILED
2024-08-02 09:42:09.879 [error] Error: no package data for import "day_1/packages/find"
    at handleResponse (/home/peter/.vscode/extensions/golang.go-0.42.0/dist/goMain.js:8606:40)
    at handleMessage (/home/peter/.vscode/extensions/golang.go-0.42.0/dist/goMain.js:8416:11)
    at processMessageQueue (/home/peter/.vscode/extensions/golang.go-0.42.0/dist/goMain.js:8431:13)
    at Immediate.<anonymous> (/home/peter/.vscode/extensions/golang.go-0.42.0/dist/goMain.js:8407:11)
    at processImmediate (node:internal/timers:478:21)
2024-08-02 09:42:30.701 [info] Extension host terminating: renderer closed the MessagePort
2024-08-02 09:42:30.805 [error] TypeError: r.some is not a function
    at Function.saveToDisk (/home/peter/.vscode/extensions/vscodevim.vim-1.27.3/out/extension.js:2:642593)
    at Object.t.deactivate (/home/peter/.vscode/extensions/vscodevim.vim-1.27.3/out/extension.js:2:176670)
    at m.eb (/opt/visual-studio-code/resources/app/out/vs/workbench/api/node/extensionHostProcess.js:160:9844)
    at /opt/visual-studio-code/resources/app/out/vs/workbench/api/node/extensionHostProcess.js:160:7915
    at Array.map (<anonymous>)
    at m.$ (/opt/visual-studio-code/resources/app/out/vs/workbench/api/node/extensionHostProcess.js:160:7902)
    at m.terminate (/opt/visual-studio-code/resources/app/out/vs/workbench/api/node/extensionHostProcess.js:160:8175)
    at d.terminate (/opt/visual-studio-code/resources/app/out/vs/workbench/api/node/extensionHostProcess.js:164:1513)
    at i (/opt/visual-studio-code/resources/app/out/vs/workbench/api/node/extensionHostProcess.js:177:10617)
    at MessagePortMain.<anonymous> (/opt/visual-studio-code/resources/app/out/vs/workbench/api/node/extensionHostProcess.js:177:6809)
    at MessagePortMain.emit (node:events:514:28)
    at Object.MessagePortMain._internalPort.emit (node:electron/js2c/utility_init:2:2285)
2024-08-02 09:42:30.825 [error] Canceled: Canceled
    at new I (/opt/visual-studio-code/resources/app/out/vs/workbench/api/node/extensionHostProcess.js:144:34990)
    at S.U (/opt/visual-studio-code/resources/app/out/vs/workbench/api/node/extensionHostProcess.js:151:6023)
    at Proxy.z.<computed>.F.charCodeAt.T.CharCode.DollarSign.z.<computed> (/opt/visual-studio-code/resources/app/out/vs/workbench/api/node/extensionHostProcess.js:151:3107)
    at f.g (/opt/visual-studio-code/resources/app/out/vs/workbench/api/node/extensionHostProcess.js:154:203861)
    at f.executeCommand (/opt/visual-studio-code/resources/app/out/vs/workbench/api/node/extensionHostProcess.js:154:203299)
    at A.registerCommand.description (/opt/visual-studio-code/resources/app/out/vs/workbench/api/node/extensionHostProcess.js:154:202623)
    at f.h (/opt/visual-studio-code/resources/app/out/vs/workbench/api/node/extensionHostProcess.js:154:204400)
    at f.g (/opt/visual-studio-code/resources/app/out/vs/workbench/api/node/extensionHostProcess.js:154:203392)
    at f.executeCommand (/opt/visual-studio-code/resources/app/out/vs/workbench/api/node/extensionHostProcess.js:154:203299)
    at Object.executeCommand (/opt/visual-studio-code/resources/app/out/vs/workbench/api/node/extensionHostProcess.js:164:23051)
    at w (/home/peter/.vscode/extensions/eamodio.gitlens-15.2.3/dist/gitlens.js:1455:39724)
    at c (/home/peter/.vscode/extensions/eamodio.gitlens-15.2.3/dist/gitlens.js:1455:44783)
    at ActionRunners._updateContextKeys (/home/peter/.vscode/extensions/eamodio.gitlens-15.2.3/dist/gitlens.js:1101:19641)
    at s (/home/peter/.vscode/extensions/eamodio.gitlens-15.2.3/dist/gitlens.js:1101:18085)
    at RegisteredActionRunner.unregister (/home/peter/.vscode/extensions/eamodio.gitlens-15.2.3/dist/gitlens.js:1101:18228)
    at RegisteredActionRunner.dispose (/home/peter/.vscode/extensions/eamodio.gitlens-15.2.3/dist/gitlens.js:1101:16881)
    at ActionRunners.dispose (/home/peter/.vscode/extensions/eamodio.gitlens-15.2.3/dist/gitlens.js:1101:17668)
    at /home/peter/.vscode/extensions/eamodio.gitlens-15.2.3/dist/gitlens.js:1414:20154
    at Array.forEach (<anonymous>)
    at Object.dispose (/home/peter/.vscode/extensions/eamodio.gitlens-15.2.3/dist/gitlens.js:1414:20136)
    at d (/opt/visual-studio-code/resources/app/out/vs/workbench/api/node/extensionHostProcess.js:30:744)
    at m.eb (/opt/visual-studio-code/resources/app/out/vs/workbench/api/node/extensionHostProcess.js:160:10039)
    at /opt/visual-studio-code/resources/app/out/vs/workbench/api/node/extensionHostProcess.js:160:7915
    at Array.map (<anonymous>)
    at m.$ (/opt/visual-studio-code/resources/app/out/vs/workbench/api/node/extensionHostProcess.js:160:7902)
    at m.terminate (/opt/visual-studio-code/resources/app/out/vs/workbench/api/node/extensionHostProcess.js:160:8175)
    at d.terminate (/opt/visual-studio-code/resources/app/out/vs/workbench/api/node/extensionHostProcess.js:164:1513)
    at i (/opt/visual-studio-code/resources/app/out/vs/workbench/api/node/extensionHostProcess.js:177:10617)
    at MessagePortMain.<anonymous> (/opt/visual-studio-code/resources/app/out/vs/workbench/api/node/extensionHostProcess.js:177:6809)
    at MessagePortMain.emit (node:events:514:28)
    at Object.MessagePortMain._internalPort.emit (node:electron/js2c/utility_init:2:2285) setContext undefined
2024-08-02 09:42:30.826 [error] Canceled: Canceled
    at new I (/opt/visual-studio-code/resources/app/out/vs/workbench/api/node/extensionHostProcess.js:144:34990)
    at S.U (/opt/visual-studio-code/resources/app/out/vs/workbench/api/node/extensionHostProcess.js:151:6023)
    at Proxy.z.<computed>.F.charCodeAt.T.CharCode.DollarSign.z.<computed> (/opt/visual-studio-code/resources/app/out/vs/workbench/api/node/extensionHostProcess.js:151:3107)
    at f.g (/opt/visual-studio-code/resources/app/out/vs/workbench/api/node/extensionHostProcess.js:154:203861)
    at f.executeCommand (/opt/visual-studio-code/resources/app/out/vs/workbench/api/node/extensionHostProcess.js:154:203299)
    at A.registerCommand.description (/opt/visual-studio-code/resources/app/out/vs/workbench/api/node/extensionHostProcess.js:154:202623)
    at f.h (/opt/visual-studio-code/resources/app/out/vs/workbench/api/node/extensionHostProcess.js:154:204400)
    at f.g (/opt/visual-studio-code/resources/app/out/vs/workbench/api/node/extensionHostProcess.js:154:203392)
    at f.executeCommand (/opt/visual-studio-code/resources/app/out/vs/workbench/api/node/extensionHostProcess.js:154:203299)
    at Object.executeCommand (/opt/visual-studio-code/resources/app/out/vs/workbench/api/node/extensionHostProcess.js:164:23051)
    at w (/home/peter/.vscode/extensions/eamodio.gitlens-15.2.3/dist/gitlens.js:1455:39724)
    at c (/home/peter/.vscode/extensions/eamodio.gitlens-15.2.3/dist/gitlens.js:1455:44783)
    at ActionRunners._updateContextKeys (/home/peter/.vscode/extensions/eamodio.gitlens-15.2.3/dist/gitlens.js:1101:19641)
    at s (/home/peter/.vscode/extensions/eamodio.gitlens-15.2.3/dist/gitlens.js:1101:18085)
    at RegisteredActionRunner.unregister (/home/peter/.vscode/extensions/eamodio.gitlens-15.2.3/dist/gitlens.js:1101:18228)
    at RegisteredActionRunner.dispose (/home/peter/.vscode/extensions/eamodio.gitlens-15.2.3/dist/gitlens.js:1101:16881)
    at ActionRunners.dispose (/home/peter/.vscode/extensions/eamodio.gitlens-15.2.3/dist/gitlens.js:1101:17668)
    at /home/peter/.vscode/extensions/eamodio.gitlens-15.2.3/dist/gitlens.js:1414:20154
    at Array.forEach (<anonymous>)
    at Object.dispose (/home/peter/.vscode/extensions/eamodio.gitlens-15.2.3/dist/gitlens.js:1414:20136)
    at d (/opt/visual-studio-code/resources/app/out/vs/workbench/api/node/extensionHostProcess.js:30:744)
    at m.eb (/opt/visual-studio-code/resources/app/out/vs/workbench/api/node/extensionHostProcess.js:160:10039)
    at /opt/visual-studio-code/resources/app/out/vs/workbench/api/node/extensionHostProcess.js:160:7915
    at Array.map (<anonymous>)
    at m.$ (/opt/visual-studio-code/resources/app/out/vs/workbench/api/node/extensionHostProcess.js:160:7902)
    at m.terminate (/opt/visual-studio-code/resources/app/out/vs/workbench/api/node/extensionHostProcess.js:160:8175)
    at d.terminate (/opt/visual-studio-code/resources/app/out/vs/workbench/api/node/extensionHostProcess.js:164:1513)
    at i (/opt/visual-studio-code/resources/app/out/vs/workbench/api/node/extensionHostProcess.js:177:10617)
    at MessagePortMain.<anonymous> (/opt/visual-studio-code/resources/app/out/vs/workbench/api/node/extensionHostProcess.js:177:6809)
    at MessagePortMain.emit (node:events:514:28)
    at Object.MessagePortMain._internalPort.emit (node:electron/js2c/utility_init:2:2285) setContext undefined
2024-08-02 09:42:30.827 [error] Canceled: Canceled
    at new I (/opt/visual-studio-code/resources/app/out/vs/workbench/api/node/extensionHostProcess.js:144:34990)
    at S.U (/opt/visual-studio-code/resources/app/out/vs/workbench/api/node/extensionHostProcess.js:151:6023)
    at Proxy.z.<computed>.F.charCodeAt.T.CharCode.DollarSign.z.<computed> (/opt/visual-studio-code/resources/app/out/vs/workbench/api/node/extensionHostProcess.js:151:3107)
    at f.g (/opt/visual-studio-code/resources/app/out/vs/workbench/api/node/extensionHostProcess.js:154:203861)
    at f.executeCommand (/opt/visual-studio-code/resources/app/out/vs/workbench/api/node/extensionHostProcess.js:154:203299)
    at A.registerCommand.description (/opt/visual-studio-code/resources/app/out/vs/workbench/api/node/extensionHostProcess.js:154:202623)
    at f.h (/opt/visual-studio-code/resources/app/out/vs/workbench/api/node/extensionHostProcess.js:154:204400)
    at f.g (/opt/visual-studio-code/resources/app/out/vs/workbench/api/node/extensionHostProcess.js:154:203392)
    at f.executeCommand (/opt/visual-studio-code/resources/app/out/vs/workbench/api/node/extensionHostProcess.js:154:203299)
    at Object.executeCommand (/opt/visual-studio-code/resources/app/out/vs/workbench/api/node/extensionHostProcess.js:164:23051)
    at w (/home/peter/.vscode/extensions/eamodio.gitlens-15.2.3/dist/gitlens.js:1455:39724)
    at c (/home/peter/.vscode/extensions/eamodio.gitlens-15.2.3/dist/gitlens.js:1455:44783)
    at ActionRunners._updateContextKeys (/home/peter/.vscode/extensions/eamodio.gitlens-15.2.3/dist/gitlens.js:1101:19641)
    at s (/home/peter/.vscode/extensions/eamodio.gitlens-15.2.3/dist/gitlens.js:1101:18085)
    at RegisteredActionRunner.unregister (/home/peter/.vscode/extensions/eamodio.gitlens-15.2.3/dist/gitlens.js:1101:18228)
    at RegisteredActionRunner.dispose (/home/peter/.vscode/extensions/eamodio.gitlens-15.2.3/dist/gitlens.js:1101:16881)
    at ActionRunners.dispose (/home/peter/.vscode/extensions/eamodio.gitlens-15.2.3/dist/gitlens.js:1101:17668)
    at /home/peter/.vscode/extensions/eamodio.gitlens-15.2.3/dist/gitlens.js:1414:20154
    at Array.forEach (<anonymous>)
    at Object.dispose (/home/peter/.vscode/extensions/eamodio.gitlens-15.2.3/dist/gitlens.js:1414:20136)
    at d (/opt/visual-studio-code/resources/app/out/vs/workbench/api/node/extensionHostProcess.js:30:744)
    at m.eb (/opt/visual-studio-code/resources/app/out/vs/workbench/api/node/extensionHostProcess.js:160:10039)
    at /opt/visual-studio-code/resources/app/out/vs/workbench/api/node/extensionHostProcess.js:160:7915
    at Array.map (<anonymous>)
    at m.$ (/opt/visual-studio-code/resources/app/out/vs/workbench/api/node/extensionHostProcess.js:160:7902)
    at m.terminate (/opt/visual-studio-code/resources/app/out/vs/workbench/api/node/extensionHostProcess.js:160:8175)
    at d.terminate (/opt/visual-studio-code/resources/app/out/vs/workbench/api/node/extensionHostProcess.js:164:1513)
    at i (/opt/visual-studio-code/resources/app/out/vs/workbench/api/node/extensionHostProcess.js:177:10617)
    at MessagePortMain.<anonymous> (/opt/visual-studio-code/resources/app/out/vs/workbench/api/node/extensionHostProcess.js:177:6809)
    at MessagePortMain.emit (node:events:514:28)
    at Object.MessagePortMain._internalPort.emit (node:electron/js2c/utility_init:2:2285) setContext undefined
2024-08-02 09:42:30.830 [info] Eager extensions activated
2024-08-02 09:42:30.842 [error] Canceled: Canceled
    at new I (/opt/visual-studio-code/resources/app/out/vs/workbench/api/node/extensionHostProcess.js:144:34990)
    at S.U (/opt/visual-studio-code/resources/app/out/vs/workbench/api/node/extensionHostProcess.js:151:6023)
    at Proxy.z.<computed>.F.charCodeAt.T.CharCode.DollarSign.z.<computed> (/opt/visual-studio-code/resources/app/out/vs/workbench/api/node/extensionHostProcess.js:151:3107)
    at f.g (/opt/visual-studio-code/resources/app/out/vs/workbench/api/node/extensionHostProcess.js:154:203861)
    at f.executeCommand (/opt/visual-studio-code/resources/app/out/vs/workbench/api/node/extensionHostProcess.js:154:203299)
    at A.registerCommand.description (/opt/visual-studio-code/resources/app/out/vs/workbench/api/node/extensionHostProcess.js:154:202623)
    at f.h (/opt/visual-studio-code/resources/app/out/vs/workbench/api/node/extensionHostProcess.js:154:204400)
    at f.g (/opt/visual-studio-code/resources/app/out/vs/workbench/api/node/extensionHostProcess.js:154:203392)
    at f.executeCommand (/opt/visual-studio-code/resources/app/out/vs/workbench/api/node/extensionHostProcess.js:154:203299)
    at Object.executeCommand (/opt/visual-studio-code/resources/app/out/vs/workbench/api/node/extensionHostProcess.js:164:23051)
    at pE (/home/peter/.vscode/extensions/bradlc.vscode-tailwindcss-0.12.5/dist/extension.js:40:8764)
    at Ne (/home/peter/.vscode/extensions/bradlc.vscode-tailwindcss-0.12.5/dist/extension.js:4:1357)
    at me (/home/peter/.vscode/extensions/bradlc.vscode-tailwindcss-0.12.5/dist/extension.js:3:6845)
    at Immediate.<anonymous> (/home/peter/.vscode/extensions/bradlc.vscode-tailwindcss-0.12.5/dist/extension.js:3:6723)
    at processImmediate (node:internal/timers:478:21) setContext undefined
2024-08-02 09:42:30.848 [warning] Canceled
2024-08-02 09:42:30.858 [info] Extension host with pid 661868 exiting with code 0
2024-08-02 09:42:32.924 [info] Extension host with pid 738686 started
2024-08-02 09:42:32.925 [info] Skipping acquiring lock for /home/peter/.config/Code/User/workspaceStorage/5e6cd128407eb3b074970fd5153990cc.
2024-08-02 09:42:33.235 [info] ExtensionService#_doActivateExtension vscode.emmet, startup: false, activationEvent: 'onLanguage'
2024-08-02 09:42:33.249 [info] ExtensionService#_doActivateExtension golang.go, startup: false, activationEvent: 'onLanguage:go'
2024-08-02 09:42:33.923 [info] ExtensionService#_doActivateExtension vscode.git-base, startup: true, activationEvent: '*', root cause: vscode.git
2024-08-02 09:42:33.927 [info] ExtensionService#_doActivateExtension redhat.vscode-yaml, startup: true, activationEvent: '*', root cause: 42Crunch.vscode-openapi
2024-08-02 09:42:34.073 [info] ExtensionService#_doActivateExtension EditorConfig.EditorConfig, startup: true, activationEvent: '*'
2024-08-02 09:42:34.103 [info] ExtensionService#_doActivateExtension formulahendry.auto-rename-tag, startup: true, activationEvent: '*'
2024-08-02 09:42:34.203 [info] ExtensionService#_doActivateExtension vscode.git, startup: true, activationEvent: '*'
2024-08-02 09:42:34.284 [info] ExtensionService#_doActivateExtension vscode.github, startup: true, activationEvent: '*'
2024-08-02 09:42:34.414 [info] ExtensionService#_doActivateExtension ms-vscode.makefile-tools, startup: true, activationEvent: 'workspaceContains:**/makefile,**/Makefile,**/GNUmakefile'
2024-08-02 09:42:34.968 [info] ExtensionService#_doActivateExtension 42Crunch.vscode-openapi, startup: true, activationEvent: '*'
2024-08-02 09:42:35.523 [error] [golang.go] provider FAILED
2024-08-02 09:42:35.540 [error] Error: context canceled
    at handleResponse (/home/peter/.vscode/extensions/golang.go-0.42.0/dist/goMain.js:8606:40)
    at handleMessage (/home/peter/.vscode/extensions/golang.go-0.42.0/dist/goMain.js:8416:11)
    at processMessageQueue (/home/peter/.vscode/extensions/golang.go-0.42.0/dist/goMain.js:8431:13)
    at Immediate.<anonymous> (/home/peter/.vscode/extensions/golang.go-0.42.0/dist/goMain.js:8407:11)
    at processImmediate (node:internal/timers:478:21)
2024-08-02 09:42:35.657 [warning] [redhat.vscode-yaml] Accessing a resource scoped configuration without providing a resource is not expected. To get the effective value for '[yaml]', provide the URI of a resource or 'null' for any resource.
2024-08-02 09:42:35.660 [warning] [redhat.vscode-yaml] Accessing a resource scoped configuration without providing a resource is not expected. To get the effective value for '[yaml]', provide the URI of a resource or 'null' for any resource.
2024-08-02 09:42:36.017 [warning] [redhat.vscode-yaml] Accessing a resource scoped configuration without providing a resource is not expected. To get the effective value for '[yaml]', provide the URI of a resource or 'null' for any resource.
2024-08-02 09:42:36.026 [info] ExtensionService#_doActivateExtension vscode.github-authentication, startup: false, activationEvent: 'onAuthenticationRequest:github'
2024-08-02 09:42:36.064 [info] ExtensionService#_doActivateExtension vscode.microsoft-authentication, startup: false, activationEvent: 'onAuthenticationRequest:microsoft'
2024-08-02 09:42:36.365 [warning] [redhat.vscode-yaml] Accessing a resource scoped configuration without providing a resource is not expected. To get the effective value for '[yaml]', provide the URI of a resource or 'null' for any resource.
2024-08-02 09:42:40.962 [info] ExtensionService#_doActivateExtension vscodevim.vim, startup: false, activationEvent: 'onCommand:type'
2024-08-02 09:42:43.784 [info] ExtensionService#_doActivateExtension vscode.debug-auto-launch, startup: false, activationEvent: 'onStartupFinished'
2024-08-02 09:42:43.789 [info] ExtensionService#_doActivateExtension vscode.merge-conflict, startup: false, activationEvent: 'onStartupFinished'
2024-08-02 09:42:43.804 [info] ExtensionService#_doActivateExtension aaron-bond.better-comments, startup: false, activationEvent: 'onStartupFinished'
2024-08-02 09:42:43.815 [info] ExtensionService#_doActivateExtension bradlc.vscode-tailwindcss, startup: false, activationEvent: 'onStartupFinished'
2024-08-02 09:42:43.844 [info] ExtensionService#_doActivateExtension dsznajder.es7-react-js-snippets, startup: false, activationEvent: 'onStartupFinished'
2024-08-02 09:42:44.286 [info] ExtensionService#_doActivateExtension eamodio.gitlens, startup: false, activationEvent: 'onStartupFinished'
2024-08-02 09:42:44.344 [info] ExtensionService#_doActivateExtension esbenp.prettier-vscode, startup: false, activationEvent: 'onStartupFinished'
2024-08-02 09:42:44.399 [info] ExtensionService#_doActivateExtension phil294.git-log--graph, startup: false, activationEvent: 'onStartupFinished'
2024-08-02 09:42:44.408 [info] ExtensionService#_doActivateExtension ritwickdey.LiveServer, startup: false, activationEvent: 'onStartupFinished'
2024-08-02 09:42:44.423 [info] ExtensionService#_doActivateExtension unthrottled.doki-theme, startup: false, activationEvent: 'onStartupFinished'
2024-08-02 09:42:44.465 [info] ExtensionService#_doActivateExtension usernamehw.errorlens, startup: false, activationEvent: 'onStartupFinished'
2024-08-02 09:47:11.936 [error] [golang.go] provider FAILED
2024-08-02 09:47:11.937 [error] Error: no package data for file:///home/peter/Developer/go/day_1/internal/cli/cli.go
    at handleResponse (/home/peter/.vscode/extensions/golang.go-0.42.0/dist/goMain.js:8606:40)
    at handleMessage (/home/peter/.vscode/extensions/golang.go-0.42.0/dist/goMain.js:8416:11)
    at processMessageQueue (/home/peter/.vscode/extensions/golang.go-0.42.0/dist/goMain.js:8431:13)
    at Immediate.<anonymous> (/home/peter/.vscode/extensions/golang.go-0.42.0/dist/goMain.js:8407:11)
    at processImmediate (node:internal/timers:478:21)
2024-08-02 09:48:11.821 [info] Extension host terminating: renderer closed the MessagePort
2024-08-02 09:48:11.921 [error] Canceled: Canceled
    at new I (/opt/visual-studio-code/resources/app/out/vs/workbench/api/node/extensionHostProcess.js:144:34990)
    at S.U (/opt/visual-studio-code/resources/app/out/vs/workbench/api/node/extensionHostProcess.js:151:6023)
    at Proxy.z.<computed>.F.charCodeAt.T.CharCode.DollarSign.z.<computed> (/opt/visual-studio-code/resources/app/out/vs/workbench/api/node/extensionHostProcess.js:151:3107)
    at f.g (/opt/visual-studio-code/resources/app/out/vs/workbench/api/node/extensionHostProcess.js:154:203861)
    at f.executeCommand (/opt/visual-studio-code/resources/app/out/vs/workbench/api/node/extensionHostProcess.js:154:203299)
    at A.registerCommand.description (/opt/visual-studio-code/resources/app/out/vs/workbench/api/node/extensionHostProcess.js:154:202623)
    at f.h (/opt/visual-studio-code/resources/app/out/vs/workbench/api/node/extensionHostProcess.js:154:204400)
    at f.g (/opt/visual-studio-code/resources/app/out/vs/workbench/api/node/extensionHostProcess.js:154:203392)
    at f.executeCommand (/opt/visual-studio-code/resources/app/out/vs/workbench/api/node/extensionHostProcess.js:154:203299)
    at Object.executeCommand (/opt/visual-studio-code/resources/app/out/vs/workbench/api/node/extensionHostProcess.js:164:23051)
    at w (/home/peter/.vscode/extensions/eamodio.gitlens-15.2.3/dist/gitlens.js:1455:39724)
    at c (/home/peter/.vscode/extensions/eamodio.gitlens-15.2.3/dist/gitlens.js:1455:44783)
    at ActionRunners._updateContextKeys (/home/peter/.vscode/extensions/eamodio.gitlens-15.2.3/dist/gitlens.js:1101:19641)
    at s (/home/peter/.vscode/extensions/eamodio.gitlens-15.2.3/dist/gitlens.js:1101:18085)
    at RegisteredActionRunner.unregister (/home/peter/.vscode/extensions/eamodio.gitlens-15.2.3/dist/gitlens.js:1101:18228)
    at RegisteredActionRunner.dispose (/home/peter/.vscode/extensions/eamodio.gitlens-15.2.3/dist/gitlens.js:1101:16881)
    at ActionRunners.dispose (/home/peter/.vscode/extensions/eamodio.gitlens-15.2.3/dist/gitlens.js:1101:17668)
    at /home/peter/.vscode/extensions/eamodio.gitlens-15.2.3/dist/gitlens.js:1414:20154
    at Array.forEach (<anonymous>)
    at Object.dispose (/home/peter/.vscode/extensions/eamodio.gitlens-15.2.3/dist/gitlens.js:1414:20136)
    at d (/opt/visual-studio-code/resources/app/out/vs/workbench/api/node/extensionHostProcess.js:30:744)
    at m.eb (/opt/visual-studio-code/resources/app/out/vs/workbench/api/node/extensionHostProcess.js:160:10039)
    at /opt/visual-studio-code/resources/app/out/vs/workbench/api/node/extensionHostProcess.js:160:7915
    at Array.map (<anonymous>)
    at m.$ (/opt/visual-studio-code/resources/app/out/vs/workbench/api/node/extensionHostProcess.js:160:7902)
    at m.terminate (/opt/visual-studio-code/resources/app/out/vs/workbench/api/node/extensionHostProcess.js:160:8175)
    at d.terminate (/opt/visual-studio-code/resources/app/out/vs/workbench/api/node/extensionHostProcess.js:164:1513)
    at i (/opt/visual-studio-code/resources/app/out/vs/workbench/api/node/extensionHostProcess.js:177:10617)
    at MessagePortMain.<anonymous> (/opt/visual-studio-code/resources/app/out/vs/workbench/api/node/extensionHostProcess.js:177:6809)
    at MessagePortMain.emit (node:events:514:28)
    at Object.MessagePortMain._internalPort.emit (node:electron/js2c/utility_init:2:2285) setContext undefined
2024-08-02 09:48:11.923 [error] Canceled: Canceled
    at new I (/opt/visual-studio-code/resources/app/out/vs/workbench/api/node/extensionHostProcess.js:144:34990)
    at S.U (/opt/visual-studio-code/resources/app/out/vs/workbench/api/node/extensionHostProcess.js:151:6023)
    at Proxy.z.<computed>.F.charCodeAt.T.CharCode.DollarSign.z.<computed> (/opt/visual-studio-code/resources/app/out/vs/workbench/api/node/extensionHostProcess.js:151:3107)
    at f.g (/opt/visual-studio-code/resources/app/out/vs/workbench/api/node/extensionHostProcess.js:154:203861)
    at f.executeCommand (/opt/visual-studio-code/resources/app/out/vs/workbench/api/node/extensionHostProcess.js:154:203299)
    at A.registerCommand.description (/opt/visual-studio-code/resources/app/out/vs/workbench/api/node/extensionHostProcess.js:154:202623)
    at f.h (/opt/visual-studio-code/resources/app/out/vs/workbench/api/node/extensionHostProcess.js:154:204400)
    at f.g (/opt/visual-studio-code/resources/app/out/vs/workbench/api/node/extensionHostProcess.js:154:203392)
    at f.executeCommand (/opt/visual-studio-code/resources/app/out/vs/workbench/api/node/extensionHostProcess.js:154:203299)
    at Object.executeCommand (/opt/visual-studio-code/resources/app/out/vs/workbench/api/node/extensionHostProcess.js:164:23051)
    at w (/home/peter/.vscode/extensions/eamodio.gitlens-15.2.3/dist/gitlens.js:1455:39724)
    at c (/home/peter/.vscode/extensions/eamodio.gitlens-15.2.3/dist/gitlens.js:1455:44783)
    at ActionRunners._updateContextKeys (/home/peter/.vscode/extensions/eamodio.gitlens-15.2.3/dist/gitlens.js:1101:19641)
    at s (/home/peter/.vscode/extensions/eamodio.gitlens-15.2.3/dist/gitlens.js:1101:18085)
    at RegisteredActionRunner.unregister (/home/peter/.vscode/extensions/eamodio.gitlens-15.2.3/dist/gitlens.js:1101:18228)
    at RegisteredActionRunner.dispose (/home/peter/.vscode/extensions/eamodio.gitlens-15.2.3/dist/gitlens.js:1101:16881)
    at ActionRunners.dispose (/home/peter/.vscode/extensions/eamodio.gitlens-15.2.3/dist/gitlens.js:1101:17668)
    at /home/peter/.vscode/extensions/eamodio.gitlens-15.2.3/dist/gitlens.js:1414:20154
    at Array.forEach (<anonymous>)
    at Object.dispose (/home/peter/.vscode/extensions/eamodio.gitlens-15.2.3/dist/gitlens.js:1414:20136)
    at d (/opt/visual-studio-code/resources/app/out/vs/workbench/api/node/extensionHostProcess.js:30:744)
    at m.eb (/opt/visual-studio-code/resources/app/out/vs/workbench/api/node/extensionHostProcess.js:160:10039)
    at /opt/visual-studio-code/resources/app/out/vs/workbench/api/node/extensionHostProcess.js:160:7915
    at Array.map (<anonymous>)
    at m.$ (/opt/visual-studio-code/resources/app/out/vs/workbench/api/node/extensionHostProcess.js:160:7902)
    at m.terminate (/opt/visual-studio-code/resources/app/out/vs/workbench/api/node/extensionHostProcess.js:160:8175)
    at d.terminate (/opt/visual-studio-code/resources/app/out/vs/workbench/api/node/extensionHostProcess.js:164:1513)
    at i (/opt/visual-studio-code/resources/app/out/vs/workbench/api/node/extensionHostProcess.js:177:10617)
    at MessagePortMain.<anonymous> (/opt/visual-studio-code/resources/app/out/vs/workbench/api/node/extensionHostProcess.js:177:6809)
    at MessagePortMain.emit (node:events:514:28)
    at Object.MessagePortMain._internalPort.emit (node:electron/js2c/utility_init:2:2285) setContext undefined
2024-08-02 09:48:11.925 [error] Canceled: Canceled
    at new I (/opt/visual-studio-code/resources/app/out/vs/workbench/api/node/extensionHostProcess.js:144:34990)
    at S.U (/opt/visual-studio-code/resources/app/out/vs/workbench/api/node/extensionHostProcess.js:151:6023)
    at Proxy.z.<computed>.F.charCodeAt.T.CharCode.DollarSign.z.<computed> (/opt/visual-studio-code/resources/app/out/vs/workbench/api/node/extensionHostProcess.js:151:3107)
    at f.g (/opt/visual-studio-code/resources/app/out/vs/workbench/api/node/extensionHostProcess.js:154:203861)
    at f.executeCommand (/opt/visual-studio-code/resources/app/out/vs/workbench/api/node/extensionHostProcess.js:154:203299)
    at A.registerCommand.description (/opt/visual-studio-code/resources/app/out/vs/workbench/api/node/extensionHostProcess.js:154:202623)
    at f.h (/opt/visual-studio-code/resources/app/out/vs/workbench/api/node/extensionHostProcess.js:154:204400)
    at f.g (/opt/visual-studio-code/resources/app/out/vs/workbench/api/node/extensionHostProcess.js:154:203392)
    at f.executeCommand (/opt/visual-studio-code/resources/app/out/vs/workbench/api/node/extensionHostProcess.js:154:203299)
    at Object.executeCommand (/opt/visual-studio-code/resources/app/out/vs/workbench/api/node/extensionHostProcess.js:164:23051)
    at w (/home/peter/.vscode/extensions/eamodio.gitlens-15.2.3/dist/gitlens.js:1455:39724)
    at c (/home/peter/.vscode/extensions/eamodio.gitlens-15.2.3/dist/gitlens.js:1455:44783)
    at ActionRunners._updateContextKeys (/home/peter/.vscode/extensions/eamodio.gitlens-15.2.3/dist/gitlens.js:1101:19641)
    at s (/home/peter/.vscode/extensions/eamodio.gitlens-15.2.3/dist/gitlens.js:1101:18085)
    at RegisteredActionRunner.unregister (/home/peter/.vscode/extensions/eamodio.gitlens-15.2.3/dist/gitlens.js:1101:18228)
    at RegisteredActionRunner.dispose (/home/peter/.vscode/extensions/eamodio.gitlens-15.2.3/dist/gitlens.js:1101:16881)
    at ActionRunners.dispose (/home/peter/.vscode/extensions/eamodio.gitlens-15.2.3/dist/gitlens.js:1101:17668)
    at /home/peter/.vscode/extensions/eamodio.gitlens-15.2.3/dist/gitlens.js:1414:20154
    at Array.forEach (<anonymous>)
    at Object.dispose (/home/peter/.vscode/extensions/eamodio.gitlens-15.2.3/dist/gitlens.js:1414:20136)
    at d (/opt/visual-studio-code/resources/app/out/vs/workbench/api/node/extensionHostProcess.js:30:744)
    at m.eb (/opt/visual-studio-code/resources/app/out/vs/workbench/api/node/extensionHostProcess.js:160:10039)
    at /opt/visual-studio-code/resources/app/out/vs/workbench/api/node/extensionHostProcess.js:160:7915
    at Array.map (<anonymous>)
    at m.$ (/opt/visual-studio-code/resources/app/out/vs/workbench/api/node/extensionHostProcess.js:160:7902)
    at m.terminate (/opt/visual-studio-code/resources/app/out/vs/workbench/api/node/extensionHostProcess.js:160:8175)
    at d.terminate (/opt/visual-studio-code/resources/app/out/vs/workbench/api/node/extensionHostProcess.js:164:1513)
    at i (/opt/visual-studio-code/resources/app/out/vs/workbench/api/node/extensionHostProcess.js:177:10617)
    at MessagePortMain.<anonymous> (/opt/visual-studio-code/resources/app/out/vs/workbench/api/node/extensionHostProcess.js:177:6809)
    at MessagePortMain.emit (node:events:514:28)
    at Object.MessagePortMain._internalPort.emit (node:electron/js2c/utility_init:2:2285) setContext undefined
2024-08-02 09:48:11.928 [info] Eager extensions activated
2024-08-02 09:48:11.939 [error] Canceled: Canceled
    at new I (/opt/visual-studio-code/resources/app/out/vs/workbench/api/node/extensionHostProcess.js:144:34990)
    at S.U (/opt/visual-studio-code/resources/app/out/vs/workbench/api/node/extensionHostProcess.js:151:6023)
    at Proxy.z.<computed>.F.charCodeAt.T.CharCode.DollarSign.z.<computed> (/opt/visual-studio-code/resources/app/out/vs/workbench/api/node/extensionHostProcess.js:151:3107)
    at f.g (/opt/visual-studio-code/resources/app/out/vs/workbench/api/node/extensionHostProcess.js:154:203861)
    at f.executeCommand (/opt/visual-studio-code/resources/app/out/vs/workbench/api/node/extensionHostProcess.js:154:203299)
    at A.registerCommand.description (/opt/visual-studio-code/resources/app/out/vs/workbench/api/node/extensionHostProcess.js:154:202623)
    at f.h (/opt/visual-studio-code/resources/app/out/vs/workbench/api/node/extensionHostProcess.js:154:204400)
    at f.g (/opt/visual-studio-code/resources/app/out/vs/workbench/api/node/extensionHostProcess.js:154:203392)
    at f.executeCommand (/opt/visual-studio-code/resources/app/out/vs/workbench/api/node/extensionHostProcess.js:154:203299)
    at Object.executeCommand (/opt/visual-studio-code/resources/app/out/vs/workbench/api/node/extensionHostProcess.js:164:23051)
    at pE (/home/peter/.vscode/extensions/bradlc.vscode-tailwindcss-0.12.5/dist/extension.js:40:8764)
    at Ne (/home/peter/.vscode/extensions/bradlc.vscode-tailwindcss-0.12.5/dist/extension.js:4:1357)
    at me (/home/peter/.vscode/extensions/bradlc.vscode-tailwindcss-0.12.5/dist/extension.js:3:6845)
    at Immediate.<anonymous> (/home/peter/.vscode/extensions/bradlc.vscode-tailwindcss-0.12.5/dist/extension.js:3:6723)
    at processImmediate (node:internal/timers:478:21) setContext undefined
2024-08-02 09:48:11.947 [info] Extension host with pid 738686 exiting with code 0
