2024-08-03 09:05:53.126 [error] Remapping of 'undefined' should be a string array.
2024-08-03 09:05:55.642 [info] /home/peter/.config/Code/User/settings.json closed
2024-08-03 09:05:55.877 [info] /home/peter/.config/Code/User/keybindings.json closed
2024-08-03 09:05:57.350 [info] Executing :w
2024-08-03 09:05:58.126 [info] Executing :w
2024-08-03 09:05:59.674 [info] Active editor: file:///home/peter/Documents/agus/uassphp2%5B1%5D.php
2024-08-03 09:06:12.525 [info] Executing :w
2024-08-03 09:06:19.047 [info] Executing :w
2024-08-03 09:06:19.644 [info] Executing :w
2024-08-03 09:06:22.221 [info] Configuration changed
2024-08-03 09:06:22.226 [error] Remapping of 'undefined' should be a string array.
2024-08-03 09:07:20.912 [info] Executing :w
2024-08-03 09:07:37.194 [info] Executing :w
2024-08-03 09:07:40.545 [info] Active editor: file:///home/peter/Documents/agus/index.css
2024-08-03 09:07:57.963 [info] Executing :w
2024-08-03 09:08:08.446 [info] Executing :w
2024-08-03 09:08:18.266 [info] Executing :w
2024-08-03 09:08:23.432 [info] Executing :w
2024-08-03 09:08:33.776 [info] Executing :w
2024-08-03 09:08:37.488 [info] Active editor: file:///home/peter/Documents/agus/uassphp2%5B1%5D.php
2024-08-03 09:08:39.631 [info] /home/peter/Documents/agus/uassphp2[1].php closed
2024-08-03 09:08:39.643 [info] Active editor: file:///home/peter/Documents/agus/index.css
2024-08-03 09:08:40.250 [info] Active editor: file:///home/peter/Documents/agus/uassphp%5B1%5D.php
2024-08-03 09:08:53.972 [info] Executing :w
2024-08-03 09:08:59.590 [info] Active editor: file:///home/peter/Documents/agus/index.css
2024-08-03 09:09:21.572 [info] Executing :w
2024-08-03 09:09:29.104 [info] Executing :w
2024-08-03 09:09:52.785 [info] Executing :w
2024-08-03 09:10:00.777 [info] Active editor: file:///home/peter/Documents/agus/uassphp%5B1%5D.php
2024-08-03 09:10:09.740 [info] Active editor: file:///home/peter/Documents/agus/index.css
2024-08-03 09:11:24.136 [info] Executing :w
2024-08-03 09:11:42.036 [info] Executing :w
2024-08-03 09:11:46.670 [info] Executing :w
2024-08-03 09:11:53.156 [info] Active editor: file:///home/peter/Documents/agus/uassphp%5B1%5D.php
2024-08-03 09:12:22.715 [info] Active editor: file:///home/peter/Documents/agus/index.css
2024-08-03 09:12:31.943 [info] Active editor: file:///home/peter/Documents/agus/uassphp%5B1%5D.php
2024-08-03 09:12:42.992 [info] Executing :w
2024-08-03 09:13:10.197 [info] Active editor: file:///home/peter/Documents/agus/index.css
2024-08-03 09:13:24.683 [info] /home/peter/.config/Code/User/settings.json closed
2024-08-03 09:13:24.770 [info] Configuration changed
2024-08-03 09:13:24.782 [error] Remapping of 'undefined' should be a string array.
2024-08-03 09:13:38.076 [info] Active editor: file:///home/peter/Documents/agus/uassphp%5B1%5D.php
2024-08-03 09:13:43.701 [info] Active editor: file:///home/peter/Documents/agus/index.css
2024-08-03 09:13:52.447 [info] Executing :w
2024-08-03 09:13:59.564 [info] Executing :w
2024-08-03 09:14:04.020 [info] Executing :w
2024-08-03 09:14:31.046 [info] Executing :w
2024-08-03 09:14:37.798 [info] Executing :w
2024-08-03 09:14:45.372 [info] Executing :w
2024-08-03 09:14:48.688 [info] Executing :w
2024-08-03 09:14:59.054 [info] Executing :w
2024-08-03 09:15:00.510 [info] Executing :w
2024-08-03 09:15:28.641 [info] Executing :w
2024-08-03 09:15:29.914 [info] Executing :w
2024-08-03 09:15:37.626 [info] Executing :w
2024-08-03 09:15:52.477 [info] Executing :w
2024-08-03 09:16:24.560 [info] Executing :w
2024-08-03 09:16:32.530 [info] Executing :w
2024-08-03 09:17:00.213 [info] Executing :w
2024-08-03 09:17:06.329 [info] Active editor: file:///home/peter/Documents/agus/uassphp%5B1%5D.php
2024-08-03 09:17:26.979 [info] Executing :w
2024-08-03 09:17:30.544 [info] Active editor: file:///home/peter/Documents/agus/index.css
2024-08-03 09:17:41.418 [info] Executing :w
2024-08-03 09:17:49.683 [info] Executing :w
2024-08-03 09:17:59.344 [info] Executing :w
2024-08-03 09:18:00.208 [info] Executing :w
2024-08-03 09:18:09.491 [info] Executing :w
2024-08-03 09:18:21.878 [info] Executing :w
2024-08-03 09:18:22.542 [info] Executing :w
2024-08-03 09:18:30.552 [info] Executing :w
2024-08-03 09:18:31.322 [info] Executing :w
2024-08-03 09:18:51.068 [info] Executing :w
2024-08-03 09:18:58.266 [info] Executing :w
2024-08-03 09:19:09.950 [info] Executing :w
2024-08-03 09:19:23.289 [info] Executing :w
2024-08-03 09:19:24.998 [info] Executing :w
2024-08-03 09:19:33.913 [info] Executing :w
2024-08-03 09:19:40.302 [info] Executing :w
2024-08-03 09:19:43.678 [info] Executing :w
2024-08-03 09:20:00.101 [info] Executing :w
2024-08-03 09:20:06.007 [info] Executing :w
2024-08-03 09:20:18.882 [info] Executing :w
2024-08-03 09:21:04.304 [info] Executing :w
2024-08-03 09:21:05.590 [info] Executing :w
2024-08-03 09:21:31.383 [info] Active editor: file:///home/peter/Documents/agus/uassphp2%5B1%5D.php
2024-08-03 09:21:38.961 [info] /home/peter/Documents/agus/uassphp2[1].php closed
2024-08-03 09:21:39.036 [info] Active editor: file:///home/peter/Documents/agus/uassphp2.php
2024-08-03 09:21:40.510 [info] Active editor: file:///home/peter/Documents/agus/uassphp%5B1%5D.php
2024-08-03 09:21:43.689 [info] /home/peter/Documents/agus/uassphp[1].php closed
2024-08-03 09:21:43.808 [info] Active editor: file:///home/peter/Documents/agus/uassphp.php
2024-08-03 09:21:46.285 [info] Executing :w
2024-08-03 09:22:08.979 [info] Active editor: file:///home/peter/Documents/agus/uassphp2.php
2024-08-03 09:22:53.123 [info] Executing :w
2024-08-03 09:22:59.089 [info] Executing :w
2024-08-03 09:23:22.573 [info] Executing :w
2024-08-03 09:23:25.662 [info] Executing :w
2024-08-03 09:23:27.158 [info] Executing :w
2024-08-03 09:23:29.549 [info] Active editor: file:///home/peter/Documents/agus/index.css
2024-08-03 09:23:40.030 [info] Active editor: file:///home/peter/Documents/agus/uassphp2.php
2024-08-03 09:23:45.150 [info] Executing :w
2024-08-03 09:23:45.797 [info] Executing :w
2024-08-03 09:23:59.738 [info] Executing :w
2024-08-03 09:24:00.762 [info] Executing :w
2024-08-03 09:24:09.002 [info] Active editor: file:///home/peter/Documents/agus/index.css
2024-08-03 09:24:36.026 [info] Active editor: file:///home/peter/Documents/agus/uassphp2.php
2024-08-03 09:25:27.245 [info] Executing :w
2024-08-03 09:26:17.038 [info] Executing :w
2024-08-03 09:26:24.134 [info] Executing :w
2024-08-03 09:26:38.653 [info] Executing :w
2024-08-03 09:27:18.337 [info] Active editor: file:///home/peter/Documents/agus/index.css
2024-08-03 09:27:31.355 [info] Executing :w
2024-08-03 09:27:36.004 [info] Active editor: file:///home/peter/Documents/agus/uassphp2.php
2024-08-03 09:28:47.596 [info] Executing :w
2024-08-03 09:30:12.732 [info] Executing :w
2024-08-03 09:30:13.259 [info] Executing :w
2024-08-03 09:30:15.758 [info] Executing :w
2024-08-03 09:30:24.869 [info] Active editor: file:///home/peter/Documents/agus/index.css
2024-08-03 09:30:30.316 [info] Active editor: file:///home/peter/Documents/agus/uassphp2.php
2024-08-03 09:31:12.873 [info] Executing :w
2024-08-03 09:31:13.779 [info] Executing :w
2024-08-03 09:31:24.065 [info] Active editor: file:///home/peter/Documents/agus/index.css
2024-08-03 09:31:27.345 [info] Active editor: file:///home/peter/Documents/agus/uassphp2.php
2024-08-03 09:32:09.250 [info] Executing :w
2024-08-03 09:32:18.742 [info] Executing :w
2024-08-03 09:32:29.643 [info] Active editor: file:///home/peter/Documents/agus/index.css
2024-08-03 09:32:38.347 [info] Active editor: file:///home/peter/Documents/agus/uassphp2.php
2024-08-03 09:32:46.126 [info] Active editor: file:///home/peter/Documents/agus/index.css
2024-08-03 09:32:53.771 [info] Executing :w
2024-08-03 09:33:09.511 [info] Executing :w
2024-08-03 09:33:16.896 [info] Executing :w
2024-08-03 09:33:23.296 [info] Executing :w
2024-08-03 09:33:42.082 [info] Executing :w
2024-08-03 09:33:51.469 [info] Active editor: file:///home/peter/Documents/agus/uassphp2.php
2024-08-03 09:34:24.130 [info] Executing :w
2024-08-03 09:34:48.209 [info] Executing :w
2024-08-03 09:35:03.899 [info] Executing :w
2024-08-03 09:35:13.301 [info] Executing :w
2024-08-03 09:35:44.504 [info] Executing :w
2024-08-03 09:35:46.593 [info] Executing :w
2024-08-03 09:36:18.629 [info] Executing :w
2024-08-03 09:36:27.475 [info] Executing :w
2024-08-03 09:36:29.259 [info] Executing :w
2024-08-03 09:36:34.636 [info] Executing :w
2024-08-03 09:36:41.291 [info] Executing :w
2024-08-03 09:36:50.413 [info] Active editor: file:///home/peter/Documents/agus/index.css
2024-08-03 09:36:54.667 [info] Executing :w
2024-08-03 09:36:56.214 [info] Executing :w
2024-08-03 09:37:09.072 [info] Executing :w
2024-08-03 09:37:29.344 [info] Executing :w
2024-08-03 09:37:29.924 [info] Executing :w
2024-08-03 09:37:38.666 [info] Executing :w
2024-08-03 09:37:42.423 [info] Executing :w
2024-08-03 09:37:43.018 [info] Executing :w
2024-08-03 09:37:49.736 [info] Executing :w
2024-08-03 09:38:17.410 [info] Executing :w
2024-08-03 09:38:32.301 [info] Executing :w
2024-08-03 09:38:37.303 [info] Executing :w
2024-08-03 09:38:46.371 [info] Executing :w
2024-08-03 09:38:47.219 [info] Executing :w
2024-08-03 09:39:01.819 [info] Executing :w
2024-08-03 09:39:11.369 [info] Executing :w
2024-08-03 09:39:18.706 [info] Executing :w
2024-08-03 09:39:29.543 [info] Executing :w
2024-08-03 09:39:46.679 [info] Active editor: file:///home/peter/Documents/agus/uassphp2.php
2024-08-03 09:40:07.193 [info] Executing :w
2024-08-03 09:40:14.048 [info] Executing :w
2024-08-03 09:40:30.300 [info] Executing :w
2024-08-03 09:40:40.378 [info] Active editor: file:///home/peter/Documents/agus/index.css
2024-08-03 09:40:47.710 [info] Executing :w
2024-08-03 09:41:06.729 [info] Executing :w
2024-08-03 09:41:21.079 [info] Executing :w
2024-08-03 09:41:29.768 [info] Active editor: file:///home/peter/Documents/agus/uassphp2.php
2024-08-03 09:41:47.180 [info] Executing :w
2024-08-03 09:42:16.667 [info] Active editor: file:///home/peter/Documents/agus/index.css
2024-08-03 09:42:31.045 [info] Executing :w
2024-08-03 09:42:44.195 [info] Executing :w
2024-08-03 09:42:51.523 [info] Executing :w
2024-08-03 09:43:06.532 [info] Executing :w
2024-08-03 09:43:13.275 [info] Executing :w
2024-08-03 09:43:19.802 [info] Executing :w
2024-08-03 09:43:30.905 [info] Active editor: file:///home/peter/Documents/agus/uassphp.php
2024-08-03 09:43:38.242 [info] /home/peter/Documents/agus/uassphp.php closed
2024-08-03 09:43:38.336 [info] Active editor: file:///home/peter/Documents/agus/uas-1.php
2024-08-03 09:43:47.768 [info] /home/peter/Documents/agus/uassphp2.php closed
2024-08-03 09:43:55.951 [info] Executing :w
2024-08-03 09:44:00.539 [info] Active editor: file:///home/peter/Documents/agus/uas-2.php
2024-08-03 09:44:05.603 [info] Executing :w
2024-08-03 09:44:06.071 [info] Executing :w
2024-08-03 09:44:06.605 [info] Executing :w
2024-08-03 09:44:08.310 [info] Active editor: file:///home/peter/Documents/agus/uas-1.php
2024-08-03 09:44:09.767 [info] Executing :w
2024-08-03 09:44:12.552 [info] Active editor: file:///home/peter/Documents/agus/uas-2.php
2024-08-03 09:44:12.725 [info] Active editor: file:///home/peter/Documents/agus/index.css
2024-08-03 09:44:44.723 [info] Executing :w
2024-08-03 09:44:45.342 [info] Executing :w
2024-08-03 09:46:03.491 [info] Executing :w
2024-08-03 09:46:04.000 [info] Executing :w
2024-08-03 09:46:10.848 [info] Executing :w
2024-08-03 09:46:11.412 [info] Executing :w
2024-08-03 09:46:16.676 [info] Executing :w
2024-08-03 09:46:19.457 [info] Executing :w
