2024-08-03 07:37:17.082 [info] Log level: Info
2024-08-03 07:37:17.082 [info] Validating found git in: "git"
2024-08-03 07:37:17.082 [info] Using git "2.45.2" from "git"
2024-08-03 07:37:17.082 [info] > git rev-parse --show-toplevel [26ms]
2024-08-03 07:37:17.082 [info] > git rev-parse --git-dir --git-common-dir [14ms]
2024-08-03 07:37:17.082 [info] Open repository: /home/peter/Developer/nextjs/day_2
2024-08-03 07:37:17.082 [info] > git rev-parse --show-toplevel [15ms]
2024-08-03 07:37:17.082 [info] > git config --get commit.template [19ms]
2024-08-03 07:37:17.088 [info] No remotes found in the git config file.
2024-08-03 07:37:17.093 [info] > git rev-parse --show-toplevel [6ms]
2024-08-03 07:37:17.101 [info] > git for-each-ref --format=%(refname)%00%(upstream:short)%00%(objectname)%00%(upstream:track)%00%(upstream:remotename)%00%(upstream:remoteref) refs/heads/main refs/remotes/main [9ms]
2024-08-03 07:37:17.109 [info] > git rev-parse --show-toplevel [10ms]
2024-08-03 07:37:17.113 [info] > git status -z -uall [6ms]
2024-08-03 07:37:17.153 [info] > git for-each-ref --format=%(refname)%00%(upstream:short)%00%(objectname)%00%(upstream:track)%00%(upstream:remotename)%00%(upstream:remoteref) refs/heads/main refs/remotes/main [29ms]
2024-08-03 07:37:17.192 [info] > git config --local branch.main.vscode-merge-base [29ms]
2024-08-03 07:37:17.192 [warning] git config failed: Failed to execute git
2024-08-03 07:37:17.208 [info] > git config --get commit.template [56ms]
2024-08-03 07:37:17.228 [info] > git reflog main --grep-reflog=branch: Created from *. [20ms]
2024-08-03 07:37:17.281 [info] No remotes found in the git config file.
2024-08-03 07:37:17.282 [info] > git symbolic-ref --short refs/remotes/origin/HEAD [47ms]
2024-08-03 07:37:17.282 [info] fatal: ref refs/remotes/origin/HEAD is not a symbolic ref
2024-08-03 07:37:17.283 [info] > git for-each-ref --format=%(refname)%00%(upstream:short)%00%(objectname)%00%(upstream:track)%00%(upstream:remotename)%00%(upstream:remoteref) refs/heads/main refs/remotes/main [3ms]
2024-08-03 07:37:17.296 [info] > git status -z -uall [4ms]
2024-08-03 07:37:17.308 [info] > git for-each-ref --format=%(refname)%00%(upstream:short)%00%(objectname)%00%(upstream:track)%00%(upstream:remotename)%00%(upstream:remoteref) refs/heads/main refs/remotes/main [5ms]
2024-08-03 07:37:17.317 [info] > git config --local branch.main.vscode-merge-base [1ms]
2024-08-03 07:37:17.317 [warning] git config failed: Failed to execute git
2024-08-03 07:37:17.325 [info] > git reflog main --grep-reflog=branch: Created from *. [2ms]
2024-08-03 07:37:17.332 [info] > git symbolic-ref --short refs/remotes/origin/HEAD [2ms]
2024-08-03 07:37:17.332 [info] fatal: ref refs/remotes/origin/HEAD is not a symbolic ref
2024-08-03 07:37:17.764 [info] > git check-ignore -v -z --stdin [2ms]
2024-08-03 07:37:23.982 [info] > git check-ignore -v -z --stdin [5ms]
2024-08-03 07:37:27.429 [info] > git check-ignore -v -z --stdin [4ms]
2024-08-03 07:37:30.920 [info] > git show --textconv :src/app/page.tsx [24ms]
2024-08-03 07:37:30.931 [info] > git ls-files --stage -- /home/peter/Developer/nextjs/day_2/src/app/page.tsx [14ms]
2024-08-03 07:37:31.007 [info] > git cat-file -s 2acfd440d7c9eb66792802a8660bf245a4f5a3ab [58ms]
2024-08-03 07:37:49.675 [info] > git show --textconv :.prettierrc [20ms]
2024-08-03 07:37:49.679 [info] > git ls-files --stage -- /home/peter/Developer/nextjs/day_2/.prettierrc [6ms]
2024-08-03 07:38:31.470 [info] > git show --textconv :.prettierrc.json [20ms]
2024-08-03 07:38:31.479 [info] > git ls-files --stage -- /home/peter/Developer/nextjs/day_2/.prettierrc.json [11ms]
2024-08-03 07:38:31.686 [info] > git check-ignore -v -z --stdin [4ms]
2024-08-03 07:38:32.307 [info] No remotes found in the git config file.
2024-08-03 07:38:32.310 [info] > git for-each-ref --format=%(refname)%00%(upstream:short)%00%(objectname)%00%(upstream:track)%00%(upstream:remotename)%00%(upstream:remoteref) refs/heads/main refs/remotes/main [4ms]
2024-08-03 07:38:32.311 [info] > git config --get commit.template [18ms]
2024-08-03 07:38:32.320 [info] > git status -z -uall [2ms]
2024-08-03 07:38:32.331 [info] > git for-each-ref --format=%(refname)%00%(upstream:short)%00%(objectname)%00%(upstream:track)%00%(upstream:remotename)%00%(upstream:remoteref) refs/heads/main refs/remotes/main [4ms]
2024-08-03 07:38:32.340 [info] > git config --local branch.main.vscode-merge-base [2ms]
2024-08-03 07:38:32.340 [warning] git config failed: Failed to execute git
2024-08-03 07:38:32.348 [info] > git reflog main --grep-reflog=branch: Created from *. [2ms]
2024-08-03 07:38:32.356 [info] > git symbolic-ref --short refs/remotes/origin/HEAD [1ms]
2024-08-03 07:38:32.356 [info] fatal: ref refs/remotes/origin/HEAD is not a symbolic ref
2024-08-03 07:38:36.362 [info] > git show --textconv :src/app/page.tsx [20ms]
2024-08-03 07:38:36.375 [info] > git ls-files --stage -- /home/peter/Developer/nextjs/day_2/src/app/page.tsx [15ms]
2024-08-03 07:38:36.398 [info] > git cat-file -s 2acfd440d7c9eb66792802a8660bf245a4f5a3ab [12ms]
2024-08-03 07:38:45.209 [info] > git config --get commit.template [5ms]
2024-08-03 07:38:45.228 [info] No remotes found in the git config file.
2024-08-03 07:38:45.234 [info] > git for-each-ref --format=%(refname)%00%(upstream:short)%00%(objectname)%00%(upstream:track)%00%(upstream:remotename)%00%(upstream:remoteref) refs/heads/main refs/remotes/main [7ms]
2024-08-03 07:38:45.253 [info] > git status -z -uall [3ms]
2024-08-03 07:38:45.266 [info] > git for-each-ref --format=%(refname)%00%(upstream:short)%00%(objectname)%00%(upstream:track)%00%(upstream:remotename)%00%(upstream:remoteref) refs/heads/main refs/remotes/main [4ms]
2024-08-03 07:38:45.275 [info] > git config --local branch.main.vscode-merge-base [2ms]
2024-08-03 07:38:45.275 [warning] git config failed: Failed to execute git
2024-08-03 07:38:45.287 [info] > git reflog main --grep-reflog=branch: Created from *. [2ms]
2024-08-03 07:38:45.298 [info] > git symbolic-ref --short refs/remotes/origin/HEAD [3ms]
2024-08-03 07:38:45.298 [info] fatal: ref refs/remotes/origin/HEAD is not a symbolic ref
2024-08-03 07:38:51.941 [info] No remotes found in the git config file.
2024-08-03 07:38:51.950 [info] > git for-each-ref --format=%(refname)%00%(upstream:short)%00%(objectname)%00%(upstream:track)%00%(upstream:remotename)%00%(upstream:remoteref) refs/heads/main refs/remotes/main [9ms]
2024-08-03 07:38:51.951 [info] > git config --get commit.template [30ms]
2024-08-03 07:38:51.970 [info] > git status -z -uall [4ms]
2024-08-03 07:38:51.984 [info] > git for-each-ref --format=%(refname)%00%(upstream:short)%00%(objectname)%00%(upstream:track)%00%(upstream:remotename)%00%(upstream:remoteref) refs/heads/main refs/remotes/main [4ms]
2024-08-03 07:38:51.993 [info] > git config --local branch.main.vscode-merge-base [2ms]
2024-08-03 07:38:51.993 [warning] git config failed: Failed to execute git
2024-08-03 07:38:52.005 [info] > git reflog main --grep-reflog=branch: Created from *. [2ms]
2024-08-03 07:38:52.016 [info] > git symbolic-ref --short refs/remotes/origin/HEAD [3ms]
2024-08-03 07:38:52.016 [info] fatal: ref refs/remotes/origin/HEAD is not a symbolic ref
