2024-08-03 08:17:30.702 [info] Added views:workbench.panel.markers.view in workbench.panel.markers
2024-08-03 08:17:30.702 [info] Added views:workbench.panel.output in workbench.panel.output
2024-08-03 08:17:30.702 [info] Added views:terminal in terminal
2024-08-03 08:17:30.702 [info] Added views:outline in workbench.view.explorer
2024-08-03 08:17:30.702 [info] Added views:workbench.scm in workbench.view.scm
2024-08-03 08:17:30.702 [info] Added views:workbench.view.search in workbench.view.search
2024-08-03 08:17:30.702 [info] Added views:workbench.explorer.fileView in workbench.view.explorer
2024-08-03 08:17:30.921 [info] Added views:workbench.debug.welcome in workbench.view.debug
2024-08-03 08:17:31.775 [info] Added views:openapiNotSelectedOutline in workbench.view.extension.openapi-explorer
2024-08-03 08:17:31.775 [info] Added views:gitlens.views.home,gitlens.views.workspaces,gitlens.views.account in workbench.view.extension.gitlens
2024-08-03 08:17:31.776 [info] Added views:gitlens.views.commitDetails,gitlens.views.lineHistory,gitlens.views.fileHistory,gitlens.views.searchAndCompare in workbench.view.extension.gitlensInspect
2024-08-03 08:17:31.777 [info] Added views:gitlens.views.commits,gitlens.views.branches,gitlens.views.remotes,gitlens.views.stashes,gitlens.views.tags,gitlens.views.contributors in workbench.view.scm
2024-08-03 08:17:31.779 [info] Added views:dockerContainers,dockerImages,dockerRegistries,dockerNetworks,dockerVolumes,vscode-docker.views.dockerContexts,vscode-docker.views.help in workbench.view.extension.dockerView
2024-08-03 08:17:31.779 [info] Added views:git-log--graph in workbench.view.scm
2024-08-03 08:17:32.137 [info] Added views:workbench.panel.repl.view in workbench.panel.repl
2024-08-03 08:17:33.543 [info] Added views:~remote.forwardedPorts in ~remote.forwardedPortsContainer
2024-08-03 08:17:35.982 [info] Added views:makefile.outline in workbench.view.extension.makefile__viewContainer
2024-08-03 08:17:40.253 [info] Added views:gitlens.views.drafts in workbench.view.extension.gitlens
2024-08-03 08:17:40.638 [info] Added views:gitlens.views.graph,gitlens.views.graphDetails in workbench.view.extension.gitlensPanel
2024-08-03 08:17:40.639 [info] Added views:gitlens.views.timeline in workbench.view.extension.gitlensInspect
2024-08-03 08:17:40.642 [info] Added views:gitlens.views.worktrees in workbench.view.scm
