2024-08-03 05:59:52.133 [info] Reading sessions from keychain...
2024-08-03 05:59:52.133 [info] Getting sessions for all scopes...
2024-08-03 05:59:52.133 [info] Getting sessions for all scopes...
2024-08-03 05:59:52.133 [info] Got stored sessions!
2024-08-03 05:59:52.133 [info] Got 1 verified sessions.
2024-08-03 05:59:52.133 [info] Got 1 sessions for ...
2024-08-03 05:59:52.133 [info] Got 1 sessions for ...
2024-08-03 05:59:52.133 [info] Getting sessions for user:email...
2024-08-03 05:59:52.133 [info] Got 1 sessions for user:email...
2024-08-03 05:59:52.186 [info] Getting sessions for user:email...
2024-08-03 05:59:52.186 [info] Got 1 sessions for user:email...
2024-08-03 05:59:52.497 [info] Getting sessions for all scopes...
2024-08-03 05:59:52.497 [info] Got 1 sessions for ...
2024-08-03 05:59:55.716 [info] Getting sessions for read:user,repo,user:email...
2024-08-03 05:59:55.716 [info] Got 0 sessions for read:user,repo,user:email...
2024-08-03 05:59:55.893 [info] Getting sessions for all scopes...
2024-08-03 05:59:55.893 [info] Got 1 sessions for ...
2024-08-03 05:59:56.006 [info] Getting sessions for all scopes...
2024-08-03 05:59:56.006 [info] Got 1 sessions for ...
2024-08-03 05:59:56.210 [info] Getting sessions for all scopes...
2024-08-03 05:59:56.211 [info] Got 1 sessions for ...
2024-08-03 05:59:58.103 [info] Getting sessions for all scopes...
2024-08-03 05:59:58.103 [info] Got 1 sessions for ...
2024-08-03 06:00:06.032 [info] Getting sessions for all scopes...
2024-08-03 06:00:06.032 [info] Got 1 sessions for ...
2024-08-03 06:00:12.159 [info] Getting sessions for all scopes...
2024-08-03 06:00:12.159 [info] Got 1 sessions for ...
2024-08-03 06:00:13.950 [info] Getting sessions for all scopes...
2024-08-03 06:00:13.951 [info] Got 1 sessions for ...
2024-08-03 06:00:21.741 [info] Getting sessions for all scopes...
2024-08-03 06:00:21.741 [info] Got 1 sessions for ...
2024-08-03 06:00:21.899 [info] Getting sessions for all scopes...
2024-08-03 06:00:21.899 [info] Got 1 sessions for ...
2024-08-03 06:05:28.243 [info] Getting sessions for all scopes...
2024-08-03 06:05:28.244 [info] Got 1 sessions for ...
2024-08-03 06:05:51.680 [info] Getting sessions for all scopes...
2024-08-03 06:05:51.680 [info] Got 1 sessions for ...
2024-08-03 06:06:18.388 [info] Getting sessions for gist,user:email...
2024-08-03 06:06:18.389 [info] Got 0 sessions for gist,user:email...
2024-08-03 06:06:20.051 [info] Logging in for the following scopes: gist user:email
2024-08-03 06:06:20.059 [info] Trying without local server... (gist user:email)
2024-08-03 06:06:28.290 [info] Exchanging code for token...
2024-08-03 06:06:28.902 [info] Token exchange success!
2024-08-03 06:06:28.906 [info] Getting user info...
2024-08-03 06:06:29.725 [info] Got account info!
2024-08-03 06:06:29.726 [info] Storing 2 sessions...
2024-08-03 06:06:29.736 [info] Reading sessions from keychain...
2024-08-03 06:06:29.737 [info] Stored 2 sessions!
2024-08-03 06:06:29.737 [info] Login success!
2024-08-03 06:06:29.750 [info] Getting sessions for user:email...
2024-08-03 06:06:29.753 [info] Getting sessions for user:email...
2024-08-03 06:06:29.799 [info] Got stored sessions!
2024-08-03 06:06:29.799 [info] Got 2 verified sessions.
2024-08-03 06:06:29.800 [info] Got 1 sessions for user:email...
2024-08-03 06:06:29.800 [info] Got 1 sessions for user:email...
2024-08-03 06:06:29.809 [info] Getting sessions for read:user,repo,user:email...
2024-08-03 06:06:29.809 [info] Got 0 sessions for read:user,repo,user:email...
2024-08-03 06:06:29.813 [info] Getting sessions for read:user,repo,user:email...
2024-08-03 06:06:29.814 [info] Got 0 sessions for read:user,repo,user:email...
2024-08-03 06:07:00.384 [info] Getting sessions for all scopes...
2024-08-03 06:07:00.384 [info] Got 2 sessions for ...
2024-08-03 06:07:17.241 [info] Getting sessions for all scopes...
2024-08-03 06:07:17.241 [info] Got 2 sessions for ...
