2024-08-02 09:48:25.497 [info] Reading sessions from keychain...
2024-08-02 09:48:25.505 [info] Getting sessions for all scopes...
2024-08-02 09:48:25.505 [info] Getting sessions for all scopes...
2024-08-02 09:48:25.506 [info] Getting sessions for user:email...
2024-08-02 09:48:25.521 [info] Got stored sessions!
2024-08-02 09:48:25.521 [info] Got 1 verified sessions.
2024-08-02 09:48:25.521 [info] Got 1 sessions for ...
2024-08-02 09:48:25.521 [info] Got 1 sessions for ...
2024-08-02 09:48:25.521 [info] Got 1 sessions for user:email...
2024-08-02 09:48:25.568 [info] Getting sessions for all scopes...
2024-08-02 09:48:25.568 [info] Got 1 sessions for ...
2024-08-02 09:48:25.582 [info] Getting sessions for user:email...
2024-08-02 09:48:25.582 [info] Got 1 sessions for user:email...
2024-08-02 09:48:25.587 [info] Getting sessions for user:email...
2024-08-02 09:48:25.587 [info] Got 1 sessions for user:email...
2024-08-02 09:48:25.605 [info] Getting sessions for all scopes...
2024-08-02 09:48:25.605 [info] Got 1 sessions for ...
2024-08-02 09:48:25.846 [info] Getting sessions for all scopes...
2024-08-02 09:48:25.846 [info] Got 1 sessions for ...
2024-08-02 09:48:25.929 [info] Getting sessions for all scopes...
2024-08-02 09:48:25.929 [info] Got 1 sessions for ...
2024-08-02 09:48:31.449 [info] Getting sessions for read:user,repo,user:email...
2024-08-02 09:48:31.449 [info] Got 0 sessions for read:user,repo,user:email...
2024-08-02 09:48:31.629 [info] Getting sessions for all scopes...
2024-08-02 09:48:31.629 [info] Got 1 sessions for ...
2024-08-02 09:48:44.966 [info] Getting sessions for all scopes...
2024-08-02 09:48:44.966 [info] Got 1 sessions for ...
2024-08-02 09:48:50.602 [info] Getting sessions for all scopes...
2024-08-02 09:48:50.602 [info] Got 1 sessions for ...
2024-08-02 09:48:59.487 [info] Getting sessions for all scopes...
2024-08-02 09:48:59.487 [info] Got 1 sessions for ...
2024-08-02 09:49:02.054 [info] Getting sessions for all scopes...
2024-08-02 09:49:02.054 [info] Got 1 sessions for ...
2024-08-02 09:49:11.317 [info] Getting sessions for all scopes...
2024-08-02 09:49:11.317 [info] Got 1 sessions for ...
2024-08-02 09:49:12.774 [info] Getting sessions for all scopes...
2024-08-02 09:49:12.774 [info] Got 1 sessions for ...
2024-08-02 09:49:16.176 [info] Getting sessions for all scopes...
2024-08-02 09:49:16.176 [info] Got 1 sessions for ...
2024-08-02 09:49:19.324 [info] Getting sessions for all scopes...
2024-08-02 09:49:19.324 [info] Got 1 sessions for ...
2024-08-02 09:49:28.945 [info] Getting sessions for all scopes...
2024-08-02 09:49:28.946 [info] Got 1 sessions for ...
2024-08-02 09:49:30.446 [info] Getting sessions for all scopes...
2024-08-02 09:49:30.446 [info] Got 1 sessions for ...
