[Info  - 9:48:23 AM] 2024/08/02 09:48:23 Created View (#1)
	directory=/home/peter/Developer/go/day_1
	view_type="GoMod"
	root_dir="file:///home/peter/Developer/go/day_1"
	go_version="go version go1.22.5 linux/amd64"
	build_flags=[]
	env={GOOS:linux GOARCH:amd64 GOCACHE:/home/peter/.cache/go-build GOMODCACHE:/home/peter/go/pkg/mod GOPATH:/home/peter/go GOPRIVATE: GOFLAGS: GO111MODULE: GOTOOLCHAIN:auto GoVersion:22 GoVersionOutput:go version go1.22.5 linux/amd64
 ExplicitGOWORK: EffectiveGOPACKAGESDRIVER:}
	env_overlay=[]

[Info  - 9:48:23 AM] 2024/08/02 09:48:23 go/packages.Load #1
	view_id="1"
	snapshot=0
	directory=/home/peter/Developer/go/day_1
	query=[/home/peter/Developer/go/day_1/... builtin]
	packages=5
	duration=118.594711ms

[Error - 9:48:24 AM] Request textDocument/codeAction failed.
  Message: context canceled
  Code: 0 
[Error - 9:48:24 AM] Request textDocument/codeAction failed.
  Message: context canceled
  Code: 0 
[Info  - 9:48:53 AM] 2024/08/02 09:48:53 background imports cache refresh starting

[Info  - 9:48:53 AM] 2024/08/02 09:48:53 background refresh finished after 37.129119ms

[Error - 9:48:56 AM] 2024/08/02 09:48:56 signature help failed: call operand is not a func or type: *ast.CallExpr (&{0xc001330708 78278 [] 0 78279})
	position=12:14

[Info  - 9:49:23 AM] 2024/08/02 09:49:23 background imports cache refresh starting

[Info  - 9:49:23 AM] 2024/08/02 09:49:23 background refresh finished after 1.066599ms

[Info  - 9:49:58 AM] 2024/08/02 09:49:58 background imports cache refresh starting

[Info  - 9:49:58 AM] 2024/08/02 09:49:58 background refresh finished after 3.922705ms

[Info  - 9:59:41 AM] 2024/08/02 09:59:41 background imports cache refresh starting

[Info  - 9:59:41 AM] 2024/08/02 09:59:41 background refresh finished after 5.732189ms

[Info  - 10:27:23 AM] 2024/08/02 10:27:23 background imports cache refresh starting

[Info  - 10:27:23 AM] 2024/08/02 10:27:23 background refresh finished after 1.454274ms

[Info  - 11:04:24 AM] 2024/08/02 11:04:24 Shutdown session
	shutdown_session=1

