Initializing document watcher...
day_1/cmd/main.go: Using EditorConfig core...
day_1/internal/cli/cli.go: {}
day_1/cmd/main.go: {}
day_1/cmd/main.go: Using EditorConfig core...
/home/peter/.config/Code/User/settings.json: Using EditorConfig core...
day_1/internal/cli/cli.go: {}
day_1/internal/cli/cli.go: {}
day_1/internal/cli/cli.go: {}
day_1/internal/cli/cli.go: {}
day_1/internal/cli/cli.go: {}
day_1/internal/cli/cli.go: {}
day_1/internal/cli/cli.go: {}
day_1/internal/cli/cli.go: {}
day_1/internal/cli/cli.go: {}
day_1/internal/cli/cli.go: {}
day_1/internal/cli/cli.go: {}
day_1/internal/cli/cli.go: {}
day_1/internal/cli/cli.go: {}
day_1/internal/cli/cli.go: {}
day_1/internal/cli/cli.go: {}
day_1/internal/cli/cli.go: {}
