2024-08-03 06:08:10.510 [info] Added views:workbench.panel.markers.view in workbench.panel.markers
2024-08-03 06:08:10.510 [info] Added views:workbench.panel.output in workbench.panel.output
2024-08-03 06:08:10.510 [info] Added views:terminal in terminal
2024-08-03 06:08:10.510 [info] Added views:outline in workbench.view.explorer
2024-08-03 06:08:10.510 [info] Added views:workbench.scm in workbench.view.scm
2024-08-03 06:08:10.510 [info] Added views:workbench.view.search in workbench.view.search
2024-08-03 06:08:10.510 [info] Added views:workbench.explorer.fileView in workbench.view.explorer
2024-08-03 06:08:11.385 [info] Added views:openapiNotSelectedOutline in workbench.view.extension.openapi-explorer
2024-08-03 06:08:11.386 [info] Added views:gitlens.views.home,gitlens.views.workspaces,gitlens.views.account in workbench.view.extension.gitlens
2024-08-03 06:08:11.387 [info] Added views:gitlens.views.commitDetails,gitlens.views.lineHistory,gitlens.views.fileHistory,gitlens.views.searchAndCompare in workbench.view.extension.gitlensInspect
2024-08-03 06:08:11.388 [info] Added views:gitlens.views.commits,gitlens.views.branches,gitlens.views.remotes,gitlens.views.stashes,gitlens.views.tags,gitlens.views.contributors in workbench.view.scm
2024-08-03 06:08:11.389 [info] Added views:dockerContainers,dockerImages,dockerRegistries,dockerNetworks,dockerVolumes,vscode-docker.views.dockerContexts,vscode-docker.views.help in workbench.view.extension.dockerView
2024-08-03 06:08:11.481 [info] Added views:workbench.debug.variablesView,workbench.debug.watchExpressionsView,workbench.debug.callStackView,workbench.debug.breakPointsView in workbench.view.debug
2024-08-03 06:08:11.577 [info] Added views:workbench.panel.repl.view in workbench.panel.repl
2024-08-03 06:08:11.579 [info] Removed views:workbench.debug.breakPointsView,workbench.debug.callStackView,workbench.debug.watchExpressionsView,workbench.debug.variablesView from workbench.view.debug
2024-08-03 06:08:11.579 [info] Added views:workbench.debug.welcome in workbench.view.debug
2024-08-03 06:08:12.067 [info] Added views:~remote.forwardedPorts in ~remote.forwardedPortsContainer
2024-08-03 06:08:15.632 [info] Added views:makefile.outline in workbench.view.extension.makefile__viewContainer
2024-08-03 06:08:15.634 [info] Added views:git-log--graph in workbench.view.scm
2024-08-03 06:08:15.719 [info] Removed views:gitlens.views.workspaces from workbench.view.extension.gitlens
2024-08-03 06:08:15.721 [info] Removed views:gitlens.views.searchAndCompare,gitlens.views.fileHistory,gitlens.views.lineHistory,gitlens.views.commitDetails from workbench.view.extension.gitlensInspect
2024-08-03 06:08:15.723 [info] Removed views:gitlens.views.contributors,gitlens.views.tags,gitlens.views.stashes,gitlens.views.remotes,gitlens.views.branches,gitlens.views.commits from workbench.view.scm
2024-08-03 06:08:15.930 [info] Added views:gitlens.views.drafts,gitlens.views.workspaces in workbench.view.extension.gitlens
