Initializing document watcher...
day_1/internal/cli/cli.go: {}
day_1/internal/cli/cli.go: Using EditorConfig core...
day_1/internal/cli/cli.go: Using EditorConfig core...
day_1/internal/cli/cli.go: Using EditorConfig core...
day_1/internal/cli/cli.go: {}
day_1/internal/cli/cli.go: {}
day_1/internal/cli/cli.go: Using EditorConfig core...
day_1/internal/cli/cli.go: Using EditorConfig core...
day_1/internal/cli/cli.go: Using EditorConfig core...
day_1/internal/cli/cli.go: Using EditorConfig core...
day_1/internal/cli/cli.go: {}
day_1/internal/cli/cli.go: Using EditorConfig core...
day_1/internal/cli/cli.go: Using EditorConfig core...
day_1/internal/cli/cli.go: Using EditorConfig core...
day_1/internal/cli/cli.go: Using EditorConfig core...
day_1/internal/cli/cli.go: Using EditorConfig core...
day_1/internal/cli/cli.go: Using EditorConfig core...
day_1/internal/cli/cli.go: Using EditorConfig core...
day_1/internal/input/input.go: {}
day_1/internal/cli/cli.go: {}
day_1/internal/cli/cli.go: Using EditorConfig core...
day_1/internal/cli/cli.go: Using EditorConfig core...
day_1/internal/cli/cli.go: Using EditorConfig core...
day_1/internal/cli/cli.go: Using EditorConfig core...
day_1/internal/cli/cli.go: Using EditorConfig core...
day_1/internal/cli/cli.go: Using EditorConfig core...
day_1/internal/cli/cli.go: Using EditorConfig core...
day_1/internal/cli/cli.go: Using EditorConfig core...
day_1/internal/cli/cli.go: Using EditorConfig core...
day_1/internal/cli/cli.go: Using EditorConfig core...
day_1/internal/cli/cli.go: Using EditorConfig core...
day_1/internal/cli/cli.go: Using EditorConfig core...
day_1/internal/cli/cli.go: Using EditorConfig core...
day_1/internal/cli/cli.go: Using EditorConfig core...
day_1/internal/cli/cli.go: Using EditorConfig core...
day_1/internal/cli/cli.go: Using EditorConfig core...
day_1/internal/cli/cli.go: {}
day_1/internal/cli/cli.go: Using EditorConfig core...
day_1/internal/cli/cli.go: Using EditorConfig core...
day_1/internal/cli/cli.go: Using EditorConfig core...
day_1/internal/cli/cli.go: Using EditorConfig core...
day_1/internal/cli/cli.go: Using EditorConfig core...
day_1/internal/cli/cli.go: Using EditorConfig core...
day_1/internal/cli/cli.go: Using EditorConfig core...
day_1/internal/cli/cli.go: Using EditorConfig core...
day_1/internal/cli/cli.go: Using EditorConfig core...
day_1/internal/cli/cli.go: Using EditorConfig core...
day_1/internal/cli/cli.go: Using EditorConfig core...
day_1/internal/cli/cli.go: Using EditorConfig core...
day_1/internal/cli/cli.go: Using EditorConfig core...
day_1/internal/cli/cli.go: Using EditorConfig core...
day_1/internal/cli/cli.go: Using EditorConfig core...
day_1/internal/cli/cli.go: Using EditorConfig core...
day_1/internal/cli/cli.go: Using EditorConfig core...
day_1/packages/find/find.go: {}
day_1/packages/find/find.go: Using EditorConfig core...
day_1/packages/find/find.go: Using EditorConfig core...
day_1/internal/cli/cli.go: {}
day_1/internal/cli/cli.go: Using EditorConfig core...
day_1/internal/cli/cli.go: Using EditorConfig core...
day_1/packages/find/find.go: {}
day_1/packages/find/find.go: Using EditorConfig core...
day_1/packages/find/find.go: Using EditorConfig core...
day_1/packages/find/find.go: Using EditorConfig core...
day_1/packages/find/find.go: Using EditorConfig core...
day_1/packages/find/find.go: Using EditorConfig core...
day_1/packages/find/find.go: Using EditorConfig core...
day_1/packages/find/find.go: Using EditorConfig core...
day_1/packages/find/find.go: Using EditorConfig core...
day_1/packages/find/find.go: Using EditorConfig core...
day_1/internal/input/input.go: {}
day_1/packages/find/find.go: {}
day_1/internal/input/input.go: {}
day_1/packages/find/find.go: {}
day_1/internal/cli/cli.go: {}
day_1/internal/cli/cli.go: Using EditorConfig core...
day_1/packages/find/find.go: {}
day_1/packages/find/find.go: Using EditorConfig core...
day_1/packages/find/find.go: Using EditorConfig core...
day_1/go.mod: {}
day_1/packages/find/find.go: {}
day_1/packages/find/find.go: {}
day_1/packages/find/find.go: {}
day_1/internal/cli/cli.go: {}
