2024-08-03 09:05:48.270 [info] Log level: Info
2024-08-03 09:05:48.270 [info] Validating found git in: "git"
2024-08-03 09:05:48.270 [info] Using git "2.45.2" from "git"
2024-08-03 09:05:48.270 [info] > git rev-parse --show-toplevel [9ms]
2024-08-03 09:05:48.270 [info] fatal: not a git repository (or any of the parent directories): .git
2024-08-03 09:05:48.823 [info] > git rev-parse --show-toplevel [3ms]
2024-08-03 09:05:48.823 [info] fatal: not a git repository (or any of the parent directories): .git
2024-08-03 09:05:50.133 [info] > git rev-parse --show-toplevel [41ms]
2024-08-03 09:05:50.133 [info] fatal: not a git repository (or any of the parent directories): .git
2024-08-03 09:05:59.689 [info] > git rev-parse --show-toplevel [5ms]
2024-08-03 09:05:59.689 [info] fatal: not a git repository (or any of the parent directories): .git
2024-08-03 09:06:22.243 [info] > git rev-parse --show-toplevel [3ms]
2024-08-03 09:06:22.243 [info] fatal: not a git repository (or any of the parent directories): .git
2024-08-03 09:07:40.566 [info] > git rev-parse --show-toplevel [3ms]
2024-08-03 09:07:40.566 [info] fatal: not a git repository (or any of the parent directories): .git
2024-08-03 09:08:37.507 [info] > git rev-parse --show-toplevel [6ms]
2024-08-03 09:08:37.507 [info] fatal: not a git repository (or any of the parent directories): .git
2024-08-03 09:08:39.657 [info] > git rev-parse --show-toplevel [4ms]
2024-08-03 09:08:39.657 [info] fatal: not a git repository (or any of the parent directories): .git
2024-08-03 09:08:40.278 [info] > git rev-parse --show-toplevel [8ms]
2024-08-03 09:08:40.278 [info] fatal: not a git repository (or any of the parent directories): .git
2024-08-03 09:08:59.603 [info] > git rev-parse --show-toplevel [5ms]
2024-08-03 09:08:59.603 [info] fatal: not a git repository (or any of the parent directories): .git
2024-08-03 09:10:00.792 [info] > git rev-parse --show-toplevel [3ms]
2024-08-03 09:10:00.792 [info] fatal: not a git repository (or any of the parent directories): .git
2024-08-03 09:10:09.761 [info] > git rev-parse --show-toplevel [7ms]
2024-08-03 09:10:09.761 [info] fatal: not a git repository (or any of the parent directories): .git
2024-08-03 09:11:53.166 [info] > git rev-parse --show-toplevel [2ms]
2024-08-03 09:11:53.166 [info] fatal: not a git repository (or any of the parent directories): .git
2024-08-03 09:12:22.737 [info] > git rev-parse --show-toplevel [8ms]
2024-08-03 09:12:22.737 [info] fatal: not a git repository (or any of the parent directories): .git
2024-08-03 09:12:31.964 [info] > git rev-parse --show-toplevel [5ms]
2024-08-03 09:12:31.964 [info] fatal: not a git repository (or any of the parent directories): .git
2024-08-03 09:13:10.220 [info] > git rev-parse --show-toplevel [7ms]
2024-08-03 09:13:10.220 [info] fatal: not a git repository (or any of the parent directories): .git
2024-08-03 09:13:24.816 [info] > git rev-parse --show-toplevel [19ms]
2024-08-03 09:13:24.816 [info] fatal: not a git repository (or any of the parent directories): .git
2024-08-03 09:13:38.113 [info] > git rev-parse --show-toplevel [8ms]
2024-08-03 09:13:38.113 [info] fatal: not a git repository (or any of the parent directories): .git
2024-08-03 09:13:43.714 [info] > git rev-parse --show-toplevel [5ms]
2024-08-03 09:13:43.715 [info] fatal: not a git repository (or any of the parent directories): .git
2024-08-03 09:17:06.342 [info] > git rev-parse --show-toplevel [3ms]
2024-08-03 09:17:06.342 [info] fatal: not a git repository (or any of the parent directories): .git
2024-08-03 09:17:30.566 [info] > git rev-parse --show-toplevel [3ms]
2024-08-03 09:17:30.566 [info] fatal: not a git repository (or any of the parent directories): .git
2024-08-03 09:21:31.402 [info] > git rev-parse --show-toplevel [5ms]
2024-08-03 09:21:31.402 [info] fatal: not a git repository (or any of the parent directories): .git
2024-08-03 09:21:39.052 [info] > git rev-parse --show-toplevel [5ms]
2024-08-03 09:21:39.052 [info] fatal: not a git repository (or any of the parent directories): .git
2024-08-03 09:21:40.524 [info] > git rev-parse --show-toplevel [4ms]
2024-08-03 09:21:40.524 [info] fatal: not a git repository (or any of the parent directories): .git
2024-08-03 09:21:43.828 [info] > git rev-parse --show-toplevel [4ms]
2024-08-03 09:21:43.828 [info] fatal: not a git repository (or any of the parent directories): .git
2024-08-03 09:22:08.994 [info] > git rev-parse --show-toplevel [5ms]
2024-08-03 09:22:08.994 [info] fatal: not a git repository (or any of the parent directories): .git
2024-08-03 09:23:29.563 [info] > git rev-parse --show-toplevel [3ms]
2024-08-03 09:23:29.563 [info] fatal: not a git repository (or any of the parent directories): .git
2024-08-03 09:23:40.045 [info] > git rev-parse --show-toplevel [2ms]
2024-08-03 09:23:40.045 [info] fatal: not a git repository (or any of the parent directories): .git
2024-08-03 09:24:09.020 [info] > git rev-parse --show-toplevel [7ms]
2024-08-03 09:24:09.020 [info] fatal: not a git repository (or any of the parent directories): .git
2024-08-03 09:24:36.041 [info] > git rev-parse --show-toplevel [4ms]
2024-08-03 09:24:36.041 [info] fatal: not a git repository (or any of the parent directories): .git
2024-08-03 09:27:18.350 [info] > git rev-parse --show-toplevel [4ms]
2024-08-03 09:27:18.350 [info] fatal: not a git repository (or any of the parent directories): .git
2024-08-03 09:27:36.016 [info] > git rev-parse --show-toplevel [3ms]
2024-08-03 09:27:36.016 [info] fatal: not a git repository (or any of the parent directories): .git
2024-08-03 09:30:24.890 [info] > git rev-parse --show-toplevel [5ms]
2024-08-03 09:30:24.890 [info] fatal: not a git repository (or any of the parent directories): .git
2024-08-03 09:30:30.338 [info] > git rev-parse --show-toplevel [6ms]
2024-08-03 09:30:30.338 [info] fatal: not a git repository (or any of the parent directories): .git
2024-08-03 09:31:24.089 [info] > git rev-parse --show-toplevel [7ms]
2024-08-03 09:31:24.089 [info] fatal: not a git repository (or any of the parent directories): .git
2024-08-03 09:31:27.359 [info] > git rev-parse --show-toplevel [4ms]
2024-08-03 09:31:27.359 [info] fatal: not a git repository (or any of the parent directories): .git
2024-08-03 09:32:29.656 [info] > git rev-parse --show-toplevel [3ms]
2024-08-03 09:32:29.656 [info] fatal: not a git repository (or any of the parent directories): .git
2024-08-03 09:32:38.359 [info] > git rev-parse --show-toplevel [2ms]
2024-08-03 09:32:38.359 [info] fatal: not a git repository (or any of the parent directories): .git
2024-08-03 09:32:46.148 [info] > git rev-parse --show-toplevel [9ms]
2024-08-03 09:32:46.148 [info] fatal: not a git repository (or any of the parent directories): .git
2024-08-03 09:33:51.485 [info] > git rev-parse --show-toplevel [2ms]
2024-08-03 09:33:51.486 [info] fatal: not a git repository (or any of the parent directories): .git
2024-08-03 09:36:50.427 [info] > git rev-parse --show-toplevel [3ms]
2024-08-03 09:36:50.427 [info] fatal: not a git repository (or any of the parent directories): .git
2024-08-03 09:39:46.694 [info] > git rev-parse --show-toplevel [4ms]
2024-08-03 09:39:46.694 [info] fatal: not a git repository (or any of the parent directories): .git
2024-08-03 09:40:40.392 [info] > git rev-parse --show-toplevel [4ms]
2024-08-03 09:40:40.392 [info] fatal: not a git repository (or any of the parent directories): .git
2024-08-03 09:41:29.785 [info] > git rev-parse --show-toplevel [2ms]
2024-08-03 09:41:29.785 [info] fatal: not a git repository (or any of the parent directories): .git
2024-08-03 09:42:16.694 [info] > git rev-parse --show-toplevel [8ms]
2024-08-03 09:42:16.694 [info] fatal: not a git repository (or any of the parent directories): .git
2024-08-03 09:43:30.916 [info] > git rev-parse --show-toplevel [2ms]
2024-08-03 09:43:30.916 [info] fatal: not a git repository (or any of the parent directories): .git
2024-08-03 09:43:38.355 [info] > git rev-parse --show-toplevel [4ms]
2024-08-03 09:43:38.355 [info] fatal: not a git repository (or any of the parent directories): .git
2024-08-03 09:44:00.560 [info] > git rev-parse --show-toplevel [5ms]
2024-08-03 09:44:00.561 [info] fatal: not a git repository (or any of the parent directories): .git
2024-08-03 09:44:08.320 [info] > git rev-parse --show-toplevel [3ms]
2024-08-03 09:44:08.320 [info] fatal: not a git repository (or any of the parent directories): .git
2024-08-03 09:44:12.581 [info] > git rev-parse --show-toplevel [8ms]
2024-08-03 09:44:12.582 [info] fatal: not a git repository (or any of the parent directories): .git
2024-08-03 09:44:12.740 [info] > git rev-parse --show-toplevel [6ms]
2024-08-03 09:44:12.740 [info] fatal: not a git repository (or any of the parent directories): .git
