2024-08-03 06:08:12.417 [info] Reading sessions from keychain...
2024-08-03 06:08:12.417 [info] Getting sessions for all scopes...
2024-08-03 06:08:12.417 [info] Getting sessions for all scopes...
2024-08-03 06:08:12.418 [info] Getting sessions for user:email...
2024-08-03 06:08:12.421 [info] Got stored sessions!
2024-08-03 06:08:12.421 [info] Got 2 verified sessions.
2024-08-03 06:08:12.421 [info] Got 2 sessions for ...
2024-08-03 06:08:12.421 [info] Got 2 sessions for ...
2024-08-03 06:08:12.421 [info] Got 1 sessions for user:email...
2024-08-03 06:08:12.995 [info] Getting sessions for user:email...
2024-08-03 06:08:12.995 [info] Got 1 sessions for user:email...
2024-08-03 06:08:13.013 [info] Getting sessions for user:email...
2024-08-03 06:08:13.013 [info] Got 1 sessions for user:email...
2024-08-03 06:08:13.215 [info] Getting sessions for all scopes...
2024-08-03 06:08:13.215 [info] Got 2 sessions for ...
2024-08-03 06:08:13.455 [info] Getting sessions for all scopes...
2024-08-03 06:08:13.455 [info] Got 2 sessions for ...
2024-08-03 06:08:15.993 [info] Getting sessions for read:user,repo,user:email...
2024-08-03 06:08:15.993 [info] Got 0 sessions for read:user,repo,user:email...
2024-08-03 06:08:16.641 [info] Getting sessions for all scopes...
2024-08-03 06:08:16.641 [info] Got 2 sessions for ...
2024-08-03 06:08:17.618 [info] Getting sessions for all scopes...
2024-08-03 06:08:17.618 [info] Got 2 sessions for ...
