2024-08-02 09:12:16.448 [info] Log level: Info
2024-08-02 09:12:16.448 [info] Validating found git in: "git"
2024-08-02 09:12:16.448 [info] Using git "2.45.2" from "git"
2024-08-02 09:12:16.448 [info] > git rev-parse --show-toplevel [5ms]
2024-08-02 09:12:16.448 [info] fatal: not a git repository (or any of the parent directories): .git
2024-08-02 09:12:16.448 [info] > git rev-parse --show-toplevel [40ms]
2024-08-02 09:12:16.448 [info] fatal: not a git repository (or any of the parent directories): .git
2024-08-02 09:12:16.448 [info] > git rev-parse --show-toplevel [2ms]
2024-08-02 09:12:16.448 [info] fatal: not a git repository (or any of the parent directories): .git
2024-08-02 09:12:16.448 [info] > git rev-parse --show-toplevel [2ms]
2024-08-02 09:12:16.448 [info] fatal: not a git repository (or any of the parent directories): .git
2024-08-02 09:12:17.484 [info] > git rev-parse --show-toplevel [24ms]
2024-08-02 09:12:17.484 [info] fatal: not a git repository (or any of the parent directories): .git
2024-08-02 09:12:20.856 [info] > git rev-parse --show-toplevel [2ms]
2024-08-02 09:12:20.856 [info] fatal: not a git repository (or any of the parent directories): .git
2024-08-02 09:12:22.852 [info] > git rev-parse --show-toplevel [5ms]
2024-08-02 09:12:22.852 [info] fatal: not a git repository (or any of the parent directories): .git
2024-08-02 09:12:23.063 [info] > git rev-parse --show-toplevel [8ms]
2024-08-02 09:12:23.064 [info] fatal: not a git repository (or any of the parent directories): .git
2024-08-02 09:13:45.854 [info] > git rev-parse --show-toplevel [9ms]
2024-08-02 09:13:45.854 [info] fatal: not a git repository (or any of the parent directories): .git
2024-08-02 09:19:22.718 [info] > git rev-parse --show-toplevel [4ms]
2024-08-02 09:19:22.718 [info] fatal: not a git repository (or any of the parent directories): .git
2024-08-02 09:19:29.451 [info] > git rev-parse --show-toplevel [3ms]
2024-08-02 09:19:29.451 [info] fatal: not a git repository (or any of the parent directories): .git
2024-08-02 09:31:30.491 [info] > git rev-parse --show-toplevel [2ms]
2024-08-02 09:31:30.491 [info] fatal: not a git repository (or any of the parent directories): .git
2024-08-02 09:32:49.481 [info] > git rev-parse --show-toplevel [3ms]
2024-08-02 09:32:49.481 [info] fatal: not a git repository (or any of the parent directories): .git
2024-08-02 09:33:07.978 [info] > git rev-parse --show-toplevel [3ms]
2024-08-02 09:33:07.978 [info] fatal: not a git repository (or any of the parent directories): .git
2024-08-02 09:36:24.857 [info] > git rev-parse --show-toplevel [2ms]
2024-08-02 09:36:24.857 [info] fatal: not a git repository (or any of the parent directories): .git
2024-08-02 09:36:27.489 [info] > git rev-parse --show-toplevel [2ms]
2024-08-02 09:36:27.489 [info] fatal: not a git repository (or any of the parent directories): .git
2024-08-02 09:36:28.760 [info] > git rev-parse --show-toplevel [4ms]
2024-08-02 09:36:28.760 [info] fatal: not a git repository (or any of the parent directories): .git
2024-08-02 09:36:30.085 [info] > git rev-parse --show-toplevel [8ms]
2024-08-02 09:36:30.085 [info] fatal: not a git repository (or any of the parent directories): .git
2024-08-02 09:36:33.010 [info] > git rev-parse --show-toplevel [5ms]
2024-08-02 09:36:33.010 [info] fatal: not a git repository (or any of the parent directories): .git
2024-08-02 09:39:22.008 [info] > git rev-parse --show-toplevel [2ms]
2024-08-02 09:39:22.008 [info] fatal: not a git repository (or any of the parent directories): .git
2024-08-02 09:40:17.382 [info] > git rev-parse --show-toplevel [2ms]
2024-08-02 09:40:17.382 [info] fatal: not a git repository (or any of the parent directories): .git
2024-08-02 09:40:21.402 [info] > git rev-parse --show-toplevel [2ms]
2024-08-02 09:40:21.402 [info] fatal: not a git repository (or any of the parent directories): .git
2024-08-02 09:42:04.890 [info] > git rev-parse --show-toplevel [3ms]
2024-08-02 09:42:04.890 [info] fatal: not a git repository (or any of the parent directories): .git
2024-08-02 09:42:34.600 [info] Log level: Info
2024-08-02 09:42:34.600 [info] Validating found git in: "git"
2024-08-02 09:42:34.600 [info] Using git "2.45.2" from "git"
2024-08-02 09:42:34.600 [info] > git rev-parse --show-toplevel [22ms]
2024-08-02 09:42:34.600 [info] fatal: not a git repository (or any of the parent directories): .git
2024-08-02 09:42:34.642 [info] > git rev-parse --show-toplevel [31ms]
2024-08-02 09:42:34.643 [info] fatal: not a git repository (or any of the parent directories): .git
2024-08-02 09:42:34.670 [info] > git rev-parse --show-toplevel [9ms]
2024-08-02 09:42:34.670 [info] fatal: not a git repository (or any of the parent directories): .git
2024-08-02 09:42:34.700 [info] > git rev-parse --show-toplevel [9ms]
2024-08-02 09:42:34.700 [info] fatal: not a git repository (or any of the parent directories): .git
2024-08-02 09:42:34.722 [info] > git rev-parse --show-toplevel [7ms]
2024-08-02 09:42:34.722 [info] fatal: not a git repository (or any of the parent directories): .git
2024-08-02 09:42:35.785 [info] > git rev-parse --show-toplevel [69ms]
2024-08-02 09:42:35.785 [info] fatal: not a git repository (or any of the parent directories): .git
2024-08-02 09:42:36.020 [info] > git rev-parse --show-toplevel [5ms]
2024-08-02 09:42:36.020 [info] fatal: not a git repository (or any of the parent directories): .git
2024-08-02 09:42:36.368 [info] > git rev-parse --show-toplevel [6ms]
2024-08-02 09:42:36.368 [info] fatal: not a git repository (or any of the parent directories): .git
2024-08-02 09:42:36.922 [info] > git rev-parse --show-toplevel [3ms]
2024-08-02 09:42:36.922 [info] fatal: not a git repository (or any of the parent directories): .git
2024-08-02 09:48:01.475 [info] > git rev-parse --show-toplevel [6ms]
2024-08-02 09:48:01.475 [info] fatal: not a git repository (or any of the parent directories): .git
