2024-08-03 09:05:48.760 [info] Reading sessions from keychain...
2024-08-03 09:05:48.760 [info] Getting sessions for all scopes...
2024-08-03 09:05:48.760 [info] Getting sessions for all scopes...
2024-08-03 09:05:48.827 [info] Getting sessions for user:email...
2024-08-03 09:05:49.052 [info] Got stored sessions!
2024-08-03 09:05:49.052 [info] Got 2 verified sessions.
2024-08-03 09:05:49.052 [info] Got 2 sessions for ...
2024-08-03 09:05:49.052 [info] Got 2 sessions for ...
2024-08-03 09:05:49.052 [info] Got 1 sessions for user:email...
2024-08-03 09:05:49.133 [info] Getting sessions for user:email...
2024-08-03 09:05:49.133 [info] Got 1 sessions for user:email...
2024-08-03 09:05:49.809 [info] Getting sessions for all scopes...
2024-08-03 09:05:49.809 [info] Got 2 sessions for ...
2024-08-03 09:05:50.133 [info] Getting sessions for all scopes...
2024-08-03 09:05:50.134 [info] Got 2 sessions for ...
2024-08-03 09:05:50.196 [info] Getting sessions for all scopes...
2024-08-03 09:05:50.196 [info] Got 2 sessions for ...
2024-08-03 09:05:53.371 [info] Getting sessions for read:user,repo,user:email...
2024-08-03 09:05:53.371 [info] Got 0 sessions for read:user,repo,user:email...
2024-08-03 09:05:53.705 [info] Getting sessions for all scopes...
2024-08-03 09:05:53.707 [info] Got 2 sessions for ...
2024-08-03 09:05:53.743 [info] Getting sessions for all scopes...
2024-08-03 09:05:53.743 [info] Got 2 sessions for ...
2024-08-03 09:05:55.875 [info] Getting sessions for all scopes...
2024-08-03 09:05:55.875 [info] Got 2 sessions for ...
2024-08-03 09:05:57.481 [info] Getting sessions for all scopes...
2024-08-03 09:05:57.481 [info] Got 2 sessions for ...
2024-08-03 09:05:58.715 [info] Getting sessions for all scopes...
2024-08-03 09:05:58.715 [info] Got 2 sessions for ...
2024-08-03 09:05:59.873 [info] Getting sessions for all scopes...
2024-08-03 09:05:59.873 [info] Got 2 sessions for ...
2024-08-03 09:06:00.448 [info] Getting sessions for all scopes...
2024-08-03 09:06:00.448 [info] Got 2 sessions for ...
2024-08-03 09:06:06.674 [info] Getting sessions for all scopes...
2024-08-03 09:06:06.674 [info] Got 2 sessions for ...
2024-08-03 09:06:12.797 [info] Getting sessions for all scopes...
2024-08-03 09:06:12.797 [info] Got 2 sessions for ...
2024-08-03 09:06:22.650 [info] Getting sessions for all scopes...
2024-08-03 09:06:22.650 [info] Got 2 sessions for ...
2024-08-03 09:06:31.768 [info] Getting sessions for all scopes...
2024-08-03 09:06:31.768 [info] Got 2 sessions for ...
2024-08-03 09:07:07.771 [info] Getting sessions for all scopes...
2024-08-03 09:07:07.771 [info] Got 2 sessions for ...
2024-08-03 09:07:35.541 [info] Getting sessions for all scopes...
2024-08-03 09:07:35.541 [info] Got 2 sessions for ...
2024-08-03 09:07:40.676 [info] Getting sessions for all scopes...
2024-08-03 09:07:40.676 [info] Got 2 sessions for ...
2024-08-03 09:07:41.979 [info] Getting sessions for all scopes...
2024-08-03 09:07:41.979 [info] Got 2 sessions for ...
2024-08-03 09:07:43.792 [info] Getting sessions for all scopes...
2024-08-03 09:07:43.792 [info] Got 2 sessions for ...
2024-08-03 09:07:47.157 [info] Getting sessions for all scopes...
2024-08-03 09:07:47.157 [info] Got 2 sessions for ...
2024-08-03 09:07:58.029 [info] Getting sessions for all scopes...
2024-08-03 09:07:58.029 [info] Got 2 sessions for ...
2024-08-03 09:07:58.368 [info] Getting sessions for all scopes...
2024-08-03 09:07:58.368 [info] Got 2 sessions for ...
2024-08-03 09:08:08.607 [info] Getting sessions for all scopes...
2024-08-03 09:08:08.607 [info] Got 2 sessions for ...
2024-08-03 09:08:13.705 [info] Getting sessions for all scopes...
2024-08-03 09:08:13.705 [info] Got 2 sessions for ...
2024-08-03 09:08:18.330 [info] Getting sessions for all scopes...
2024-08-03 09:08:18.330 [info] Got 2 sessions for ...
2024-08-03 09:08:20.547 [info] Getting sessions for all scopes...
2024-08-03 09:08:20.547 [info] Got 2 sessions for ...
2024-08-03 09:08:23.515 [info] Getting sessions for all scopes...
2024-08-03 09:08:23.515 [info] Got 2 sessions for ...
2024-08-03 09:08:24.762 [info] Getting sessions for all scopes...
2024-08-03 09:08:24.762 [info] Got 2 sessions for ...
2024-08-03 09:08:33.849 [info] Getting sessions for all scopes...
2024-08-03 09:08:33.849 [info] Got 2 sessions for ...
2024-08-03 09:08:37.704 [info] Getting sessions for all scopes...
2024-08-03 09:08:37.704 [info] Got 2 sessions for ...
2024-08-03 09:08:39.694 [info] Getting sessions for all scopes...
2024-08-03 09:08:39.694 [info] Got 2 sessions for ...
2024-08-03 09:08:40.353 [info] Getting sessions for all scopes...
2024-08-03 09:08:40.354 [info] Got 2 sessions for ...
2024-08-03 09:08:48.448 [info] Getting sessions for all scopes...
2024-08-03 09:08:48.448 [info] Got 2 sessions for ...
2024-08-03 09:08:54.129 [info] Getting sessions for all scopes...
2024-08-03 09:08:54.129 [info] Got 2 sessions for ...
2024-08-03 09:08:59.770 [info] Getting sessions for all scopes...
2024-08-03 09:08:59.770 [info] Got 2 sessions for ...
2024-08-03 09:09:00.893 [info] Getting sessions for all scopes...
2024-08-03 09:09:00.893 [info] Got 2 sessions for ...
2024-08-03 09:09:21.649 [info] Getting sessions for all scopes...
2024-08-03 09:09:21.649 [info] Got 2 sessions for ...
2024-08-03 09:09:26.349 [info] Getting sessions for all scopes...
2024-08-03 09:09:26.349 [info] Got 2 sessions for ...
2024-08-03 09:09:29.285 [info] Getting sessions for all scopes...
2024-08-03 09:09:29.285 [info] Got 2 sessions for ...
2024-08-03 09:09:32.350 [info] Getting sessions for all scopes...
2024-08-03 09:09:32.350 [info] Got 2 sessions for ...
2024-08-03 09:09:52.885 [info] Getting sessions for all scopes...
2024-08-03 09:09:52.885 [info] Got 2 sessions for ...
2024-08-03 09:10:00.889 [info] Getting sessions for all scopes...
2024-08-03 09:10:00.889 [info] Got 2 sessions for ...
2024-08-03 09:10:09.856 [info] Getting sessions for all scopes...
2024-08-03 09:10:09.856 [info] Got 2 sessions for ...
2024-08-03 09:10:12.368 [info] Getting sessions for all scopes...
2024-08-03 09:10:12.369 [info] Got 2 sessions for ...
2024-08-03 09:10:21.365 [info] Getting sessions for all scopes...
2024-08-03 09:10:21.365 [info] Got 2 sessions for ...
2024-08-03 09:10:23.009 [info] Getting sessions for all scopes...
2024-08-03 09:10:23.009 [info] Got 2 sessions for ...
2024-08-03 09:10:26.053 [info] Getting sessions for all scopes...
2024-08-03 09:10:26.054 [info] Got 2 sessions for ...
2024-08-03 09:11:13.487 [info] Getting sessions for all scopes...
2024-08-03 09:11:13.487 [info] Got 2 sessions for ...
2024-08-03 09:11:24.304 [info] Getting sessions for all scopes...
2024-08-03 09:11:24.305 [info] Got 2 sessions for ...
2024-08-03 09:11:36.321 [info] Getting sessions for all scopes...
2024-08-03 09:11:36.321 [info] Got 2 sessions for ...
2024-08-03 09:11:42.134 [info] Getting sessions for all scopes...
2024-08-03 09:11:42.134 [info] Got 2 sessions for ...
2024-08-03 09:11:45.298 [info] Getting sessions for all scopes...
2024-08-03 09:11:45.299 [info] Got 2 sessions for ...
2024-08-03 09:11:46.768 [info] Getting sessions for all scopes...
2024-08-03 09:11:46.768 [info] Got 2 sessions for ...
2024-08-03 09:11:53.259 [info] Getting sessions for all scopes...
2024-08-03 09:11:53.259 [info] Got 2 sessions for ...
2024-08-03 09:12:02.547 [info] Getting sessions for all scopes...
2024-08-03 09:12:02.547 [info] Got 2 sessions for ...
2024-08-03 09:12:11.815 [info] Getting sessions for all scopes...
2024-08-03 09:12:11.815 [info] Got 2 sessions for ...
2024-08-03 09:12:12.444 [info] Getting sessions for all scopes...
2024-08-03 09:12:12.444 [info] Got 2 sessions for ...
2024-08-03 09:12:12.799 [info] Getting sessions for all scopes...
2024-08-03 09:12:12.799 [info] Got 2 sessions for ...
2024-08-03 09:12:22.828 [info] Getting sessions for all scopes...
2024-08-03 09:12:22.828 [info] Got 2 sessions for ...
2024-08-03 09:12:27.739 [info] Getting sessions for all scopes...
2024-08-03 09:12:27.739 [info] Got 2 sessions for ...
2024-08-03 09:12:32.033 [info] Getting sessions for all scopes...
2024-08-03 09:12:32.034 [info] Got 2 sessions for ...
2024-08-03 09:12:39.337 [info] Getting sessions for all scopes...
2024-08-03 09:12:39.337 [info] Got 2 sessions for ...
2024-08-03 09:12:43.129 [info] Getting sessions for all scopes...
2024-08-03 09:12:43.129 [info] Got 2 sessions for ...
2024-08-03 09:13:10.314 [info] Getting sessions for all scopes...
2024-08-03 09:13:10.314 [info] Got 2 sessions for ...
2024-08-03 09:13:38.217 [info] Getting sessions for all scopes...
2024-08-03 09:13:38.218 [info] Got 2 sessions for ...
2024-08-03 09:13:43.775 [info] Getting sessions for all scopes...
2024-08-03 09:13:43.775 [info] Got 2 sessions for ...
2024-08-03 09:13:44.820 [info] Getting sessions for all scopes...
2024-08-03 09:13:44.820 [info] Got 2 sessions for ...
2024-08-03 09:13:52.526 [info] Getting sessions for all scopes...
2024-08-03 09:13:52.526 [info] Got 2 sessions for ...
2024-08-03 09:13:57.158 [info] Getting sessions for all scopes...
2024-08-03 09:13:57.158 [info] Got 2 sessions for ...
2024-08-03 09:13:59.628 [info] Getting sessions for all scopes...
2024-08-03 09:13:59.628 [info] Got 2 sessions for ...
2024-08-03 09:13:59.805 [info] Getting sessions for all scopes...
2024-08-03 09:13:59.805 [info] Got 2 sessions for ...
2024-08-03 09:14:04.090 [info] Getting sessions for all scopes...
2024-08-03 09:14:04.090 [info] Got 2 sessions for ...
2024-08-03 09:14:15.098 [info] Getting sessions for all scopes...
2024-08-03 09:14:15.099 [info] Got 2 sessions for ...
2024-08-03 09:14:19.948 [info] Getting sessions for all scopes...
2024-08-03 09:14:19.948 [info] Got 2 sessions for ...
2024-08-03 09:14:27.975 [info] Getting sessions for all scopes...
2024-08-03 09:14:27.975 [info] Got 2 sessions for ...
2024-08-03 09:14:31.113 [info] Getting sessions for all scopes...
2024-08-03 09:14:31.113 [info] Got 2 sessions for ...
2024-08-03 09:14:36.787 [info] Getting sessions for all scopes...
2024-08-03 09:14:36.787 [info] Got 2 sessions for ...
2024-08-03 09:14:37.861 [info] Getting sessions for all scopes...
2024-08-03 09:14:37.861 [info] Got 2 sessions for ...
2024-08-03 09:14:49.793 [info] Getting sessions for all scopes...
2024-08-03 09:14:49.793 [info] Got 2 sessions for ...
2024-08-03 09:14:59.139 [info] Getting sessions for all scopes...
2024-08-03 09:14:59.139 [info] Got 2 sessions for ...
2024-08-03 09:15:20.674 [info] Getting sessions for all scopes...
2024-08-03 09:15:20.674 [info] Got 2 sessions for ...
2024-08-03 09:15:28.696 [info] Getting sessions for all scopes...
2024-08-03 09:15:28.696 [info] Got 2 sessions for ...
2024-08-03 09:15:29.078 [info] Getting sessions for all scopes...
2024-08-03 09:15:29.078 [info] Got 2 sessions for ...
2024-08-03 09:15:29.981 [info] Getting sessions for all scopes...
2024-08-03 09:15:29.981 [info] Got 2 sessions for ...
2024-08-03 09:15:30.505 [info] Getting sessions for all scopes...
2024-08-03 09:15:30.505 [info] Got 2 sessions for ...
2024-08-03 09:15:37.677 [info] Getting sessions for all scopes...
2024-08-03 09:15:37.677 [info] Got 2 sessions for ...
2024-08-03 09:15:41.412 [info] Getting sessions for all scopes...
2024-08-03 09:15:41.412 [info] Got 2 sessions for ...
2024-08-03 09:15:52.538 [info] Getting sessions for all scopes...
2024-08-03 09:15:52.538 [info] Got 2 sessions for ...
2024-08-03 09:16:09.398 [info] Getting sessions for all scopes...
2024-08-03 09:16:09.398 [info] Got 2 sessions for ...
2024-08-03 09:16:24.631 [info] Getting sessions for all scopes...
2024-08-03 09:16:24.631 [info] Got 2 sessions for ...
2024-08-03 09:16:28.529 [info] Getting sessions for all scopes...
2024-08-03 09:16:28.529 [info] Got 2 sessions for ...
2024-08-03 09:16:32.608 [info] Getting sessions for all scopes...
2024-08-03 09:16:32.608 [info] Got 2 sessions for ...
2024-08-03 09:17:03.165 [info] Getting sessions for all scopes...
2024-08-03 09:17:03.165 [info] Got 2 sessions for ...
2024-08-03 09:17:06.532 [info] Getting sessions for all scopes...
2024-08-03 09:17:06.532 [info] Got 2 sessions for ...
2024-08-03 09:17:20.388 [info] Getting sessions for all scopes...
2024-08-03 09:17:20.388 [info] Got 2 sessions for ...
2024-08-03 09:17:27.097 [info] Getting sessions for all scopes...
2024-08-03 09:17:27.098 [info] Got 2 sessions for ...
2024-08-03 09:17:30.735 [info] Getting sessions for all scopes...
2024-08-03 09:17:30.735 [info] Got 2 sessions for ...
2024-08-03 09:17:32.332 [info] Getting sessions for all scopes...
2024-08-03 09:17:32.332 [info] Got 2 sessions for ...
2024-08-03 09:17:41.514 [info] Getting sessions for all scopes...
2024-08-03 09:17:41.514 [info] Got 2 sessions for ...
2024-08-03 09:17:47.081 [info] Getting sessions for all scopes...
2024-08-03 09:17:47.081 [info] Got 2 sessions for ...
2024-08-03 09:17:49.749 [info] Getting sessions for all scopes...
2024-08-03 09:17:49.749 [info] Got 2 sessions for ...
2024-08-03 09:17:55.345 [info] Getting sessions for all scopes...
2024-08-03 09:17:55.345 [info] Got 2 sessions for ...
2024-08-03 09:17:59.446 [info] Getting sessions for all scopes...
2024-08-03 09:17:59.446 [info] Got 2 sessions for ...
2024-08-03 09:18:04.081 [info] Getting sessions for all scopes...
2024-08-03 09:18:04.081 [info] Got 2 sessions for ...
2024-08-03 09:18:09.580 [info] Getting sessions for all scopes...
2024-08-03 09:18:09.580 [info] Got 2 sessions for ...
2024-08-03 09:18:21.184 [info] Getting sessions for all scopes...
2024-08-03 09:18:21.184 [info] Got 2 sessions for ...
2024-08-03 09:18:21.967 [info] Getting sessions for all scopes...
2024-08-03 09:18:21.967 [info] Got 2 sessions for ...
2024-08-03 09:18:47.776 [info] Getting sessions for all scopes...
2024-08-03 09:18:47.776 [info] Got 2 sessions for ...
2024-08-03 09:18:51.137 [info] Getting sessions for all scopes...
2024-08-03 09:18:51.137 [info] Got 2 sessions for ...
2024-08-03 09:18:57.712 [info] Getting sessions for all scopes...
2024-08-03 09:18:57.712 [info] Got 2 sessions for ...
2024-08-03 09:18:58.322 [info] Getting sessions for all scopes...
2024-08-03 09:18:58.323 [info] Got 2 sessions for ...
2024-08-03 09:19:08.252 [info] Getting sessions for all scopes...
2024-08-03 09:19:08.252 [info] Got 2 sessions for ...
2024-08-03 09:19:10.122 [info] Getting sessions for all scopes...
2024-08-03 09:19:10.122 [info] Got 2 sessions for ...
2024-08-03 09:19:22.790 [info] Getting sessions for all scopes...
2024-08-03 09:19:22.790 [info] Got 2 sessions for ...
2024-08-03 09:19:23.398 [info] Getting sessions for all scopes...
2024-08-03 09:19:23.398 [info] Got 2 sessions for ...
2024-08-03 09:19:33.110 [info] Getting sessions for all scopes...
2024-08-03 09:19:33.110 [info] Got 2 sessions for ...
2024-08-03 09:19:34.038 [info] Getting sessions for all scopes...
2024-08-03 09:19:34.038 [info] Got 2 sessions for ...
2024-08-03 09:19:39.832 [info] Getting sessions for all scopes...
2024-08-03 09:19:39.832 [info] Got 2 sessions for ...
2024-08-03 09:19:40.463 [info] Getting sessions for all scopes...
2024-08-03 09:19:40.463 [info] Got 2 sessions for ...
2024-08-03 09:19:52.066 [info] Getting sessions for all scopes...
2024-08-03 09:19:52.066 [info] Got 2 sessions for ...
2024-08-03 09:20:00.265 [info] Getting sessions for all scopes...
2024-08-03 09:20:00.266 [info] Got 2 sessions for ...
2024-08-03 09:20:02.867 [info] Getting sessions for all scopes...
2024-08-03 09:20:02.867 [info] Got 2 sessions for ...
2024-08-03 09:20:06.058 [info] Getting sessions for all scopes...
2024-08-03 09:20:06.058 [info] Got 2 sessions for ...
2024-08-03 09:20:17.201 [info] Getting sessions for all scopes...
2024-08-03 09:20:17.202 [info] Got 2 sessions for ...
2024-08-03 09:20:18.956 [info] Getting sessions for all scopes...
2024-08-03 09:20:18.956 [info] Got 2 sessions for ...
2024-08-03 09:20:43.117 [info] Getting sessions for all scopes...
2024-08-03 09:20:43.117 [info] Got 2 sessions for ...
2024-08-03 09:21:04.408 [info] Getting sessions for all scopes...
2024-08-03 09:21:04.408 [info] Got 2 sessions for ...
2024-08-03 09:21:31.480 [info] Getting sessions for all scopes...
2024-08-03 09:21:31.480 [info] Got 2 sessions for ...
2024-08-03 09:21:33.652 [info] Getting sessions for all scopes...
2024-08-03 09:21:33.652 [info] Got 2 sessions for ...
2024-08-03 09:21:34.231 [info] Getting sessions for all scopes...
2024-08-03 09:21:34.231 [info] Got 2 sessions for ...
2024-08-03 09:21:34.865 [info] Getting sessions for all scopes...
2024-08-03 09:21:34.865 [info] Got 2 sessions for ...
2024-08-03 09:21:39.148 [info] Getting sessions for all scopes...
2024-08-03 09:21:39.148 [info] Got 2 sessions for ...
2024-08-03 09:21:40.598 [info] Getting sessions for all scopes...
2024-08-03 09:21:40.598 [info] Got 2 sessions for ...
2024-08-03 09:21:43.913 [info] Getting sessions for all scopes...
2024-08-03 09:21:43.913 [info] Got 2 sessions for ...
2024-08-03 09:21:45.398 [info] Getting sessions for all scopes...
2024-08-03 09:21:45.398 [info] Got 2 sessions for ...
2024-08-03 09:22:09.045 [info] Getting sessions for all scopes...
2024-08-03 09:22:09.045 [info] Got 2 sessions for ...
2024-08-03 09:22:18.456 [info] Getting sessions for all scopes...
2024-08-03 09:22:18.456 [info] Got 2 sessions for ...
2024-08-03 09:22:21.887 [info] Getting sessions for all scopes...
2024-08-03 09:22:21.887 [info] Got 2 sessions for ...
2024-08-03 09:22:35.567 [info] Getting sessions for all scopes...
2024-08-03 09:22:35.567 [info] Got 2 sessions for ...
2024-08-03 09:22:37.281 [info] Getting sessions for all scopes...
2024-08-03 09:22:37.281 [info] Got 2 sessions for ...
2024-08-03 09:22:49.668 [info] Getting sessions for all scopes...
2024-08-03 09:22:49.668 [info] Got 2 sessions for ...
2024-08-03 09:22:50.506 [info] Getting sessions for all scopes...
2024-08-03 09:22:50.506 [info] Got 2 sessions for ...
2024-08-03 09:22:52.355 [info] Getting sessions for all scopes...
2024-08-03 09:22:52.355 [info] Got 2 sessions for ...
2024-08-03 09:22:53.208 [info] Getting sessions for all scopes...
2024-08-03 09:22:53.208 [info] Got 2 sessions for ...
2024-08-03 09:22:57.644 [info] Getting sessions for all scopes...
2024-08-03 09:22:57.644 [info] Got 2 sessions for ...
2024-08-03 09:22:59.195 [info] Getting sessions for all scopes...
2024-08-03 09:22:59.195 [info] Got 2 sessions for ...
2024-08-03 09:23:08.456 [info] Getting sessions for all scopes...
2024-08-03 09:23:08.456 [info] Got 2 sessions for ...
2024-08-03 09:23:22.703 [info] Getting sessions for all scopes...
2024-08-03 09:23:22.703 [info] Got 2 sessions for ...
2024-08-03 09:23:24.966 [info] Getting sessions for all scopes...
2024-08-03 09:23:24.966 [info] Got 2 sessions for ...
2024-08-03 09:23:25.783 [info] Getting sessions for all scopes...
2024-08-03 09:23:25.784 [info] Got 2 sessions for ...
2024-08-03 09:23:29.785 [info] Getting sessions for all scopes...
2024-08-03 09:23:29.785 [info] Got 2 sessions for ...
2024-08-03 09:23:40.097 [info] Getting sessions for all scopes...
2024-08-03 09:23:40.097 [info] Got 2 sessions for ...
2024-08-03 09:23:41.574 [info] Getting sessions for all scopes...
2024-08-03 09:23:41.574 [info] Got 2 sessions for ...
2024-08-03 09:23:45.229 [info] Getting sessions for all scopes...
2024-08-03 09:23:45.229 [info] Got 2 sessions for ...
2024-08-03 09:23:54.475 [info] Getting sessions for all scopes...
2024-08-03 09:23:54.475 [info] Got 2 sessions for ...
2024-08-03 09:23:59.810 [info] Getting sessions for all scopes...
2024-08-03 09:23:59.811 [info] Got 2 sessions for ...
2024-08-03 09:24:09.076 [info] Getting sessions for all scopes...
2024-08-03 09:24:09.076 [info] Got 2 sessions for ...
2024-08-03 09:24:10.266 [info] Getting sessions for all scopes...
2024-08-03 09:24:10.266 [info] Got 2 sessions for ...
2024-08-03 09:24:36.186 [info] Getting sessions for all scopes...
2024-08-03 09:24:36.186 [info] Got 2 sessions for ...
2024-08-03 09:25:07.712 [info] Getting sessions for all scopes...
2024-08-03 09:25:07.712 [info] Got 2 sessions for ...
2024-08-03 09:25:27.399 [info] Getting sessions for all scopes...
2024-08-03 09:25:27.399 [info] Got 2 sessions for ...
2024-08-03 09:25:28.954 [info] Getting sessions for all scopes...
2024-08-03 09:25:28.954 [info] Got 2 sessions for ...
2024-08-03 09:26:17.192 [info] Getting sessions for all scopes...
2024-08-03 09:26:17.192 [info] Got 2 sessions for ...
2024-08-03 09:26:19.614 [info] Getting sessions for all scopes...
2024-08-03 09:26:19.614 [info] Got 2 sessions for ...
2024-08-03 09:26:24.222 [info] Getting sessions for all scopes...
2024-08-03 09:26:24.222 [info] Got 2 sessions for ...
2024-08-03 09:26:26.701 [info] Getting sessions for all scopes...
2024-08-03 09:26:26.701 [info] Got 2 sessions for ...
2024-08-03 09:26:38.793 [info] Getting sessions for all scopes...
2024-08-03 09:26:38.793 [info] Got 2 sessions for ...
2024-08-03 09:26:43.604 [info] Getting sessions for all scopes...
2024-08-03 09:26:43.604 [info] Got 2 sessions for ...
2024-08-03 09:27:18.533 [info] Getting sessions for all scopes...
2024-08-03 09:27:18.533 [info] Got 2 sessions for ...
2024-08-03 09:27:31.432 [info] Getting sessions for all scopes...
2024-08-03 09:27:31.432 [info] Got 2 sessions for ...
2024-08-03 09:27:36.075 [info] Getting sessions for all scopes...
2024-08-03 09:27:36.075 [info] Got 2 sessions for ...
2024-08-03 09:28:47.720 [info] Getting sessions for all scopes...
2024-08-03 09:28:47.721 [info] Got 2 sessions for ...
2024-08-03 09:28:50.585 [info] Getting sessions for all scopes...
2024-08-03 09:28:50.585 [info] Got 2 sessions for ...
2024-08-03 09:30:12.841 [info] Getting sessions for all scopes...
2024-08-03 09:30:12.841 [info] Got 2 sessions for ...
2024-08-03 09:30:25.112 [info] Getting sessions for all scopes...
2024-08-03 09:30:25.112 [info] Got 2 sessions for ...
2024-08-03 09:30:26.396 [info] Getting sessions for all scopes...
2024-08-03 09:30:26.396 [info] Got 2 sessions for ...
2024-08-03 09:30:30.407 [info] Getting sessions for all scopes...
2024-08-03 09:30:30.408 [info] Got 2 sessions for ...
2024-08-03 09:31:02.963 [info] Getting sessions for all scopes...
2024-08-03 09:31:02.963 [info] Got 2 sessions for ...
2024-08-03 09:31:12.977 [info] Getting sessions for all scopes...
2024-08-03 09:31:12.977 [info] Got 2 sessions for ...
2024-08-03 09:31:24.310 [info] Getting sessions for all scopes...
2024-08-03 09:31:24.310 [info] Got 2 sessions for ...
2024-08-03 09:31:24.743 [info] Getting sessions for all scopes...
2024-08-03 09:31:24.743 [info] Got 2 sessions for ...
2024-08-03 09:31:27.408 [info] Getting sessions for all scopes...
2024-08-03 09:31:27.409 [info] Got 2 sessions for ...
2024-08-03 09:31:57.095 [info] Getting sessions for all scopes...
2024-08-03 09:31:57.095 [info] Got 2 sessions for ...
2024-08-03 09:32:09.346 [info] Getting sessions for all scopes...
2024-08-03 09:32:09.346 [info] Got 2 sessions for ...
2024-08-03 09:32:18.100 [info] Getting sessions for all scopes...
2024-08-03 09:32:18.100 [info] Got 2 sessions for ...
2024-08-03 09:32:18.818 [info] Getting sessions for all scopes...
2024-08-03 09:32:18.818 [info] Got 2 sessions for ...
2024-08-03 09:32:29.832 [info] Getting sessions for all scopes...
2024-08-03 09:32:29.832 [info] Got 2 sessions for ...
2024-08-03 09:32:38.417 [info] Getting sessions for all scopes...
2024-08-03 09:32:38.417 [info] Got 2 sessions for ...
2024-08-03 09:32:46.379 [info] Getting sessions for all scopes...
2024-08-03 09:32:46.379 [info] Got 2 sessions for ...
2024-08-03 09:32:47.825 [info] Getting sessions for all scopes...
2024-08-03 09:32:47.825 [info] Got 2 sessions for ...
2024-08-03 09:32:53.864 [info] Getting sessions for all scopes...
2024-08-03 09:32:53.864 [info] Got 2 sessions for ...
2024-08-03 09:33:04.016 [info] Getting sessions for all scopes...
2024-08-03 09:33:04.016 [info] Got 2 sessions for ...
2024-08-03 09:33:09.551 [info] Getting sessions for all scopes...
2024-08-03 09:33:09.551 [info] Got 2 sessions for ...
2024-08-03 09:33:13.514 [info] Getting sessions for all scopes...
2024-08-03 09:33:13.514 [info] Got 2 sessions for ...
2024-08-03 09:33:16.952 [info] Getting sessions for all scopes...
2024-08-03 09:33:16.952 [info] Got 2 sessions for ...
2024-08-03 09:33:22.300 [info] Getting sessions for all scopes...
2024-08-03 09:33:22.300 [info] Got 2 sessions for ...
2024-08-03 09:33:23.379 [info] Getting sessions for all scopes...
2024-08-03 09:33:23.379 [info] Got 2 sessions for ...
2024-08-03 09:33:23.918 [info] Getting sessions for all scopes...
2024-08-03 09:33:23.918 [info] Got 2 sessions for ...
2024-08-03 09:33:42.150 [info] Getting sessions for all scopes...
2024-08-03 09:33:42.150 [info] Got 2 sessions for ...
2024-08-03 09:33:51.554 [info] Getting sessions for all scopes...
2024-08-03 09:33:51.555 [info] Got 2 sessions for ...
2024-08-03 09:33:57.279 [info] Getting sessions for all scopes...
2024-08-03 09:33:57.279 [info] Got 2 sessions for ...
2024-08-03 09:34:24.238 [info] Getting sessions for all scopes...
2024-08-03 09:34:24.238 [info] Got 2 sessions for ...
2024-08-03 09:34:32.967 [info] Getting sessions for all scopes...
2024-08-03 09:34:32.967 [info] Got 2 sessions for ...
2024-08-03 09:34:48.307 [info] Getting sessions for all scopes...
2024-08-03 09:34:48.307 [info] Got 2 sessions for ...
2024-08-03 09:34:57.703 [info] Getting sessions for all scopes...
2024-08-03 09:34:57.703 [info] Got 2 sessions for ...
2024-08-03 09:35:04.072 [info] Getting sessions for all scopes...
2024-08-03 09:35:04.072 [info] Got 2 sessions for ...
2024-08-03 09:35:06.600 [info] Getting sessions for all scopes...
2024-08-03 09:35:06.600 [info] Got 2 sessions for ...
2024-08-03 09:35:13.429 [info] Getting sessions for all scopes...
2024-08-03 09:35:13.429 [info] Got 2 sessions for ...
2024-08-03 09:35:15.963 [info] Getting sessions for all scopes...
2024-08-03 09:35:15.963 [info] Got 2 sessions for ...
2024-08-03 09:35:44.806 [info] Getting sessions for all scopes...
2024-08-03 09:35:44.806 [info] Got 2 sessions for ...
2024-08-03 09:36:40.878 [info] Getting sessions for all scopes...
2024-08-03 09:36:40.879 [info] Got 2 sessions for ...
2024-08-03 09:36:41.354 [info] Getting sessions for all scopes...
2024-08-03 09:36:41.355 [info] Got 2 sessions for ...
2024-08-03 09:36:50.632 [info] Getting sessions for all scopes...
2024-08-03 09:36:50.632 [info] Got 2 sessions for ...
2024-08-03 09:36:52.947 [info] Getting sessions for all scopes...
2024-08-03 09:36:52.947 [info] Got 2 sessions for ...
2024-08-03 09:36:54.724 [info] Getting sessions for all scopes...
2024-08-03 09:36:54.725 [info] Got 2 sessions for ...
2024-08-03 09:36:55.940 [info] Getting sessions for all scopes...
2024-08-03 09:36:55.940 [info] Got 2 sessions for ...
2024-08-03 09:36:56.277 [info] Getting sessions for all scopes...
2024-08-03 09:36:56.277 [info] Got 2 sessions for ...
2024-08-03 09:37:02.825 [info] Getting sessions for all scopes...
2024-08-03 09:37:02.825 [info] Got 2 sessions for ...
2024-08-03 09:37:09.165 [info] Getting sessions for all scopes...
2024-08-03 09:37:09.165 [info] Got 2 sessions for ...
2024-08-03 09:37:18.178 [info] Getting sessions for all scopes...
2024-08-03 09:37:18.178 [info] Got 2 sessions for ...
2024-08-03 09:37:29.462 [info] Getting sessions for all scopes...
2024-08-03 09:37:29.462 [info] Got 2 sessions for ...
2024-08-03 09:37:35.782 [info] Getting sessions for all scopes...
2024-08-03 09:37:35.782 [info] Got 2 sessions for ...
2024-08-03 09:37:38.747 [info] Getting sessions for all scopes...
2024-08-03 09:37:38.747 [info] Got 2 sessions for ...
2024-08-03 09:37:49.044 [info] Getting sessions for all scopes...
2024-08-03 09:37:49.045 [info] Got 2 sessions for ...
2024-08-03 09:37:49.829 [info] Getting sessions for all scopes...
2024-08-03 09:37:49.829 [info] Got 2 sessions for ...
2024-08-03 09:38:09.232 [info] Getting sessions for all scopes...
2024-08-03 09:38:09.232 [info] Got 2 sessions for ...
2024-08-03 09:38:17.452 [info] Getting sessions for all scopes...
2024-08-03 09:38:17.452 [info] Got 2 sessions for ...
2024-08-03 09:38:25.836 [info] Getting sessions for all scopes...
2024-08-03 09:38:25.836 [info] Got 2 sessions for ...
2024-08-03 09:38:32.364 [info] Getting sessions for all scopes...
2024-08-03 09:38:32.364 [info] Got 2 sessions for ...
2024-08-03 09:38:36.880 [info] Getting sessions for all scopes...
2024-08-03 09:38:36.880 [info] Got 2 sessions for ...
2024-08-03 09:38:37.363 [info] Getting sessions for all scopes...
2024-08-03 09:38:37.363 [info] Got 2 sessions for ...
2024-08-03 09:38:43.103 [info] Getting sessions for all scopes...
2024-08-03 09:38:43.103 [info] Got 2 sessions for ...
2024-08-03 09:38:46.452 [info] Getting sessions for all scopes...
2024-08-03 09:38:46.452 [info] Got 2 sessions for ...
2024-08-03 09:39:01.165 [info] Getting sessions for all scopes...
2024-08-03 09:39:01.165 [info] Got 2 sessions for ...
2024-08-03 09:39:01.921 [info] Getting sessions for all scopes...
2024-08-03 09:39:01.921 [info] Got 2 sessions for ...
2024-08-03 09:39:14.686 [info] Getting sessions for all scopes...
2024-08-03 09:39:14.686 [info] Got 2 sessions for ...
2024-08-03 09:39:18.772 [info] Getting sessions for all scopes...
2024-08-03 09:39:18.772 [info] Got 2 sessions for ...
2024-08-03 09:39:46.807 [info] Getting sessions for all scopes...
2024-08-03 09:39:46.807 [info] Got 2 sessions for ...
2024-08-03 09:39:51.446 [info] Getting sessions for all scopes...
2024-08-03 09:39:51.446 [info] Got 2 sessions for ...
2024-08-03 09:40:07.362 [info] Getting sessions for all scopes...
2024-08-03 09:40:07.362 [info] Got 2 sessions for ...
2024-08-03 09:40:11.640 [info] Getting sessions for all scopes...
2024-08-03 09:40:11.640 [info] Got 2 sessions for ...
2024-08-03 09:40:14.238 [info] Getting sessions for all scopes...
2024-08-03 09:40:14.238 [info] Got 2 sessions for ...
2024-08-03 09:40:40.623 [info] Getting sessions for all scopes...
2024-08-03 09:40:40.623 [info] Got 2 sessions for ...
2024-08-03 09:40:43.774 [info] Getting sessions for all scopes...
2024-08-03 09:40:43.774 [info] Got 2 sessions for ...
2024-08-03 09:40:47.794 [info] Getting sessions for all scopes...
2024-08-03 09:40:47.794 [info] Got 2 sessions for ...
2024-08-03 09:40:55.754 [info] Getting sessions for all scopes...
2024-08-03 09:40:55.754 [info] Got 2 sessions for ...
2024-08-03 09:41:06.808 [info] Getting sessions for all scopes...
2024-08-03 09:41:06.808 [info] Got 2 sessions for ...
2024-08-03 09:41:16.792 [info] Getting sessions for all scopes...
2024-08-03 09:41:16.792 [info] Got 2 sessions for ...
2024-08-03 09:41:21.176 [info] Getting sessions for all scopes...
2024-08-03 09:41:21.176 [info] Got 2 sessions for ...
2024-08-03 09:41:29.848 [info] Getting sessions for all scopes...
2024-08-03 09:41:29.849 [info] Got 2 sessions for ...
2024-08-03 09:41:43.546 [info] Getting sessions for all scopes...
2024-08-03 09:41:43.546 [info] Got 2 sessions for ...
2024-08-03 09:41:47.276 [info] Getting sessions for all scopes...
2024-08-03 09:41:47.276 [info] Got 2 sessions for ...
2024-08-03 09:42:04.714 [info] Getting sessions for all scopes...
2024-08-03 09:42:04.714 [info] Got 2 sessions for ...
2024-08-03 09:42:15.441 [info] Getting sessions for all scopes...
2024-08-03 09:42:15.441 [info] Got 2 sessions for ...
2024-08-03 09:42:16.804 [info] Getting sessions for all scopes...
2024-08-03 09:42:16.805 [info] Got 2 sessions for ...
2024-08-03 09:42:20.046 [info] Getting sessions for all scopes...
2024-08-03 09:42:20.046 [info] Got 2 sessions for ...
2024-08-03 09:42:31.113 [info] Getting sessions for all scopes...
2024-08-03 09:42:31.114 [info] Got 2 sessions for ...
2024-08-03 09:42:37.928 [info] Getting sessions for all scopes...
2024-08-03 09:42:37.928 [info] Got 2 sessions for ...
2024-08-03 09:42:44.251 [info] Getting sessions for all scopes...
2024-08-03 09:42:44.251 [info] Got 2 sessions for ...
2024-08-03 09:42:50.288 [info] Getting sessions for all scopes...
2024-08-03 09:42:50.288 [info] Got 2 sessions for ...
2024-08-03 09:42:51.605 [info] Getting sessions for all scopes...
2024-08-03 09:42:51.605 [info] Got 2 sessions for ...
2024-08-03 09:42:55.221 [info] Getting sessions for all scopes...
2024-08-03 09:42:55.221 [info] Got 2 sessions for ...
2024-08-03 09:43:06.615 [info] Getting sessions for all scopes...
2024-08-03 09:43:06.616 [info] Got 2 sessions for ...
2024-08-03 09:43:10.484 [info] Getting sessions for all scopes...
2024-08-03 09:43:10.484 [info] Got 2 sessions for ...
2024-08-03 09:43:13.468 [info] Getting sessions for all scopes...
2024-08-03 09:43:13.468 [info] Got 2 sessions for ...
2024-08-03 09:43:17.612 [info] Getting sessions for all scopes...
2024-08-03 09:43:17.612 [info] Got 2 sessions for ...
2024-08-03 09:43:19.902 [info] Getting sessions for all scopes...
2024-08-03 09:43:19.902 [info] Got 2 sessions for ...
2024-08-03 09:43:29.451 [info] Getting sessions for all scopes...
2024-08-03 09:43:29.451 [info] Got 2 sessions for ...
2024-08-03 09:43:30.994 [info] Getting sessions for all scopes...
2024-08-03 09:43:30.995 [info] Got 2 sessions for ...
2024-08-03 09:43:38.564 [info] Getting sessions for all scopes...
2024-08-03 09:43:38.564 [info] Got 2 sessions for ...
2024-08-03 09:43:50.670 [info] Getting sessions for all scopes...
2024-08-03 09:43:50.671 [info] Got 2 sessions for ...
2024-08-03 09:43:54.098 [info] Getting sessions for all scopes...
2024-08-03 09:43:54.098 [info] Got 2 sessions for ...
2024-08-03 09:43:56.008 [info] Getting sessions for all scopes...
2024-08-03 09:43:56.008 [info] Got 2 sessions for ...
2024-08-03 09:43:59.239 [info] Getting sessions for all scopes...
2024-08-03 09:43:59.239 [info] Got 2 sessions for ...
2024-08-03 09:44:00.647 [info] Getting sessions for all scopes...
2024-08-03 09:44:00.647 [info] Got 2 sessions for ...
2024-08-03 09:44:01.916 [info] Getting sessions for all scopes...
2024-08-03 09:44:01.916 [info] Got 2 sessions for ...
2024-08-03 09:44:07.353 [info] Getting sessions for all scopes...
2024-08-03 09:44:07.353 [info] Got 2 sessions for ...
2024-08-03 09:44:08.402 [info] Getting sessions for all scopes...
2024-08-03 09:44:08.402 [info] Got 2 sessions for ...
2024-08-03 09:44:08.953 [info] Getting sessions for all scopes...
2024-08-03 09:44:08.953 [info] Got 2 sessions for ...
2024-08-03 09:44:12.924 [info] Getting sessions for all scopes...
2024-08-03 09:44:12.924 [info] Got 2 sessions for ...
2024-08-03 09:44:43.090 [info] Getting sessions for all scopes...
2024-08-03 09:44:43.090 [info] Got 2 sessions for ...
2024-08-03 09:44:44.787 [info] Getting sessions for all scopes...
2024-08-03 09:44:44.787 [info] Got 2 sessions for ...
