2024-08-04 04:59:36.958 [info] Added views:workbench.panel.markers.view in workbench.panel.markers
2024-08-04 04:59:36.958 [info] Added views:workbench.panel.output in workbench.panel.output
2024-08-04 04:59:36.958 [info] Added views:terminal in terminal
2024-08-04 04:59:36.958 [info] Added views:workbench.scm in workbench.view.scm
2024-08-04 04:59:36.958 [info] Added views:workbench.view.search in workbench.view.search
2024-08-04 04:59:36.958 [info] Added views:workbench.explorer.fileView in workbench.view.explorer
2024-08-04 04:59:37.388 [info] Added views:workbench.debug.welcome in workbench.view.debug
2024-08-04 04:59:39.470 [info] Added views:openapiNotSelectedOutline in workbench.view.extension.openapi-explorer
2024-08-04 04:59:39.470 [info] Added views:gitlens.views.home,gitlens.views.workspaces,gitlens.views.account in workbench.view.extension.gitlens
2024-08-04 04:59:39.471 [info] Added views:gitlens.views.commitDetails,gitlens.views.lineHistory,gitlens.views.fileHistory,gitlens.views.searchAndCompare in workbench.view.extension.gitlensInspect
2024-08-04 04:59:39.472 [info] Added views:gitlens.views.commits,gitlens.views.branches,gitlens.views.remotes,gitlens.views.stashes,gitlens.views.tags,gitlens.views.contributors in workbench.view.scm
2024-08-04 04:59:39.474 [info] Added views:dockerContainers,dockerImages,dockerRegistries,dockerNetworks,dockerVolumes,vscode-docker.views.dockerContexts,vscode-docker.views.help in workbench.view.extension.dockerView
2024-08-04 04:59:39.475 [info] Added views:git-log--graph in workbench.view.scm
2024-08-04 04:59:39.724 [info] Added views:workbench.panel.repl.view in workbench.panel.repl
2024-08-04 04:59:46.807 [info] Added views:~remote.forwardedPorts in ~remote.forwardedPortsContainer
2024-08-04 04:59:48.025 [info] Added views:gitlens.views.drafts in workbench.view.extension.gitlens
2024-08-04 04:59:48.504 [info] Added views:gitlens.views.graph,gitlens.views.graphDetails in workbench.view.extension.gitlensPanel
2024-08-04 04:59:48.504 [info] Added views:gitlens.views.timeline in workbench.view.extension.gitlensInspect
2024-08-04 04:59:48.509 [info] Added views:gitlens.views.worktrees in workbench.view.scm
2024-08-04 04:59:49.065 [info] Added views:makefile.outline in workbench.view.extension.makefile__viewContainer
