2024-08-02 09:12:14.354 [info] Started local extension host with pid 661868.
2024-08-02 09:12:18.164 [info] [perf] Render performance baseline is 92ms
2024-08-02 09:13:59.387 [error] Error: 54:18: missing ',' before newline in composite literal
    at handleResponse (/home/peter/.vscode/extensions/golang.go-0.42.0/dist/goMain.js:8606:40)
    at handleMessage (/home/peter/.vscode/extensions/golang.go-0.42.0/dist/goMain.js:8416:11)
    at processMessageQueue (/home/peter/.vscode/extensions/golang.go-0.42.0/dist/goMain.js:8431:13)
    at Immediate.<anonymous> (/home/peter/.vscode/extensions/golang.go-0.42.0/dist/goMain.js:8407:11)
    at processImmediate (node:internal/timers:478:21)
2024-08-02 09:17:18.853 [error] Error: 60:13: expected operand, found ',' (and 2 more errors)
    at handleResponse (/home/peter/.vscode/extensions/golang.go-0.42.0/dist/goMain.js:8606:40)
    at handleMessage (/home/peter/.vscode/extensions/golang.go-0.42.0/dist/goMain.js:8416:11)
    at processMessageQueue (/home/peter/.vscode/extensions/golang.go-0.42.0/dist/goMain.js:8431:13)
    at Immediate.<anonymous> (/home/peter/.vscode/extensions/golang.go-0.42.0/dist/goMain.js:8407:11)
    at processImmediate (node:internal/timers:478:21)
2024-08-02 09:17:44.250 [error] Error: 59:13: expected operand, found ',' (and 3 more errors)
    at handleResponse (/home/peter/.vscode/extensions/golang.go-0.42.0/dist/goMain.js:8606:40)
    at handleMessage (/home/peter/.vscode/extensions/golang.go-0.42.0/dist/goMain.js:8416:11)
    at processMessageQueue (/home/peter/.vscode/extensions/golang.go-0.42.0/dist/goMain.js:8431:13)
    at Immediate.<anonymous> (/home/peter/.vscode/extensions/golang.go-0.42.0/dist/goMain.js:8407:11)
    at processImmediate (node:internal/timers:478:21)
2024-08-02 09:18:28.352 [error] Error: 59:13: expected operand, found ',' (and 3 more errors)
    at handleResponse (/home/peter/.vscode/extensions/golang.go-0.42.0/dist/goMain.js:8606:40)
    at handleMessage (/home/peter/.vscode/extensions/golang.go-0.42.0/dist/goMain.js:8416:11)
    at processMessageQueue (/home/peter/.vscode/extensions/golang.go-0.42.0/dist/goMain.js:8431:13)
    at Immediate.<anonymous> (/home/peter/.vscode/extensions/golang.go-0.42.0/dist/goMain.js:8407:11)
    at processImmediate (node:internal/timers:478:21)
2024-08-02 09:19:04.930 [error] Error: 60:13: expected operand, found ',' (and 3 more errors)
    at handleResponse (/home/peter/.vscode/extensions/golang.go-0.42.0/dist/goMain.js:8606:40)
    at handleMessage (/home/peter/.vscode/extensions/golang.go-0.42.0/dist/goMain.js:8416:11)
    at processMessageQueue (/home/peter/.vscode/extensions/golang.go-0.42.0/dist/goMain.js:8431:13)
    at Immediate.<anonymous> (/home/peter/.vscode/extensions/golang.go-0.42.0/dist/goMain.js:8407:11)
    at processImmediate (node:internal/timers:478:21)
2024-08-02 09:19:37.059 [error] Error: 61:13: expected operand, found ',' (and 3 more errors)
    at handleResponse (/home/peter/.vscode/extensions/golang.go-0.42.0/dist/goMain.js:8606:40)
    at handleMessage (/home/peter/.vscode/extensions/golang.go-0.42.0/dist/goMain.js:8416:11)
    at processMessageQueue (/home/peter/.vscode/extensions/golang.go-0.42.0/dist/goMain.js:8431:13)
    at Immediate.<anonymous> (/home/peter/.vscode/extensions/golang.go-0.42.0/dist/goMain.js:8407:11)
    at processImmediate (node:internal/timers:478:21)
2024-08-02 09:20:12.675 [error] Error: 64:13: expected operand, found ',' (and 3 more errors)
    at handleResponse (/home/peter/.vscode/extensions/golang.go-0.42.0/dist/goMain.js:8606:40)
    at handleMessage (/home/peter/.vscode/extensions/golang.go-0.42.0/dist/goMain.js:8416:11)
    at processMessageQueue (/home/peter/.vscode/extensions/golang.go-0.42.0/dist/goMain.js:8431:13)
    at Immediate.<anonymous> (/home/peter/.vscode/extensions/golang.go-0.42.0/dist/goMain.js:8407:11)
    at processImmediate (node:internal/timers:478:21)
2024-08-02 09:28:53.268 [error] Error: 29:38: expected operand, found ']'
    at handleResponse (/home/peter/.vscode/extensions/golang.go-0.42.0/dist/goMain.js:8606:40)
    at handleMessage (/home/peter/.vscode/extensions/golang.go-0.42.0/dist/goMain.js:8416:11)
    at processMessageQueue (/home/peter/.vscode/extensions/golang.go-0.42.0/dist/goMain.js:8431:13)
    at Immediate.<anonymous> (/home/peter/.vscode/extensions/golang.go-0.42.0/dist/goMain.js:8407:11)
    at processImmediate (node:internal/timers:478:21)
2024-08-02 09:32:14.531 [error] failed to resolve import "day_1/cli": Error: failed to resolve import "day_1/cli"
    at handleResponse (/home/peter/.vscode/extensions/golang.go-0.42.0/dist/goMain.js:8606:40)
    at handleMessage (/home/peter/.vscode/extensions/golang.go-0.42.0/dist/goMain.js:8416:11)
    at processMessageQueue (/home/peter/.vscode/extensions/golang.go-0.42.0/dist/goMain.js:8431:13)
    at Immediate.<anonymous> (/home/peter/.vscode/extensions/golang.go-0.42.0/dist/goMain.js:8407:11)
    at processImmediate (node:internal/timers:478:21)
2024-08-02 09:32:14.564 [error] no package data for import "day_1/cli": Error: no package data for import "day_1/cli"
    at handleResponse (/home/peter/.vscode/extensions/golang.go-0.42.0/dist/goMain.js:8606:40)
    at handleMessage (/home/peter/.vscode/extensions/golang.go-0.42.0/dist/goMain.js:8416:11)
    at processMessageQueue (/home/peter/.vscode/extensions/golang.go-0.42.0/dist/goMain.js:8431:13)
    at Immediate.<anonymous> (/home/peter/.vscode/extensions/golang.go-0.42.0/dist/goMain.js:8407:11)
    at processImmediate (node:internal/timers:478:21)
2024-08-02 09:42:09.873 [error] failed to resolve import "day_1/packages/find": Error: failed to resolve import "day_1/packages/find"
    at handleResponse (/home/peter/.vscode/extensions/golang.go-0.42.0/dist/goMain.js:8606:40)
    at handleMessage (/home/peter/.vscode/extensions/golang.go-0.42.0/dist/goMain.js:8416:11)
    at processMessageQueue (/home/peter/.vscode/extensions/golang.go-0.42.0/dist/goMain.js:8431:13)
    at Immediate.<anonymous> (/home/peter/.vscode/extensions/golang.go-0.42.0/dist/goMain.js:8407:11)
    at processImmediate (node:internal/timers:478:21)
2024-08-02 09:42:09.915 [error] no package data for import "day_1/packages/find": Error: no package data for import "day_1/packages/find"
    at handleResponse (/home/peter/.vscode/extensions/golang.go-0.42.0/dist/goMain.js:8606:40)
    at handleMessage (/home/peter/.vscode/extensions/golang.go-0.42.0/dist/goMain.js:8416:11)
    at processMessageQueue (/home/peter/.vscode/extensions/golang.go-0.42.0/dist/goMain.js:8431:13)
    at Immediate.<anonymous> (/home/peter/.vscode/extensions/golang.go-0.42.0/dist/goMain.js:8407:11)
    at processImmediate (node:internal/timers:478:21)
2024-08-02 09:42:32.029 [info] Started local extension host with pid 738686.
2024-08-02 09:42:36.231 [info] [perf] Render performance baseline is 84ms
2024-08-02 09:47:11.940 [error] no package data for file:///home/peter/Developer/go/day_1/internal/cli/cli.go: Error: no package data for file:///home/peter/Developer/go/day_1/internal/cli/cli.go
    at handleResponse (/home/peter/.vscode/extensions/golang.go-0.42.0/dist/goMain.js:8606:40)
    at handleMessage (/home/peter/.vscode/extensions/golang.go-0.42.0/dist/goMain.js:8416:11)
    at processMessageQueue (/home/peter/.vscode/extensions/golang.go-0.42.0/dist/goMain.js:8431:13)
    at Immediate.<anonymous> (/home/peter/.vscode/extensions/golang.go-0.42.0/dist/goMain.js:8407:11)
    at processImmediate (node:internal/timers:478:21)
