2024-08-02 09:12:14.151 [info] Added views:workbench.panel.markers.view in workbench.panel.markers
2024-08-02 09:12:14.151 [info] Added views:workbench.panel.output in workbench.panel.output
2024-08-02 09:12:14.151 [info] Added views:terminal in terminal
2024-08-02 09:12:14.151 [info] Added views:outline in workbench.view.explorer
2024-08-02 09:12:14.151 [info] Added views:workbench.scm in workbench.view.scm
2024-08-02 09:12:14.151 [info] Added views:workbench.view.search in workbench.view.search
2024-08-02 09:12:14.151 [info] Added views:workbench.explorer.fileView in workbench.view.explorer
2024-08-02 09:12:15.438 [info] Added views:openapiNotSelectedOutline in workbench.view.extension.openapi-explorer
2024-08-02 09:12:15.439 [info] Added views:gitlens.views.home,gitlens.views.workspaces,gitlens.views.account in workbench.view.extension.gitlens
2024-08-02 09:12:15.440 [info] Added views:gitlens.views.commitDetails,gitlens.views.lineHistory,gitlens.views.fileHistory,gitlens.views.searchAndCompare in workbench.view.extension.gitlensInspect
2024-08-02 09:12:15.445 [info] Added views:gitlens.views.commits,gitlens.views.branches,gitlens.views.remotes,gitlens.views.stashes,gitlens.views.tags,gitlens.views.contributors in workbench.view.scm
2024-08-02 09:12:15.447 [info] Added views:dockerContainers,dockerImages,dockerRegistries,dockerNetworks,dockerVolumes,vscode-docker.views.dockerContexts,vscode-docker.views.help in workbench.view.extension.dockerView
2024-08-02 09:12:15.447 [info] Added views:git-log--graph in workbench.view.scm
2024-08-02 09:12:15.615 [info] Added views:workbench.debug.variablesView,workbench.debug.watchExpressionsView,workbench.debug.callStackView,workbench.debug.breakPointsView in workbench.view.debug
2024-08-02 09:12:15.833 [info] Added views:workbench.panel.repl.view in workbench.panel.repl
2024-08-02 09:12:15.838 [info] Removed views:workbench.debug.breakPointsView,workbench.debug.callStackView,workbench.debug.watchExpressionsView,workbench.debug.variablesView from workbench.view.debug
2024-08-02 09:12:15.839 [info] Added views:workbench.debug.welcome in workbench.view.debug
2024-08-02 09:12:16.339 [info] Added views:~remote.forwardedPorts in ~remote.forwardedPortsContainer
2024-08-02 09:12:17.085 [info] Added views:makefile.outline in workbench.view.extension.makefile__viewContainer
2024-08-02 09:12:26.618 [info] Removed views:gitlens.views.searchAndCompare,gitlens.views.fileHistory,gitlens.views.lineHistory,gitlens.views.commitDetails from workbench.view.extension.gitlensInspect
2024-08-02 09:12:26.620 [info] Removed views:gitlens.views.contributors,gitlens.views.tags,gitlens.views.stashes,gitlens.views.remotes,gitlens.views.branches,gitlens.views.commits from workbench.view.scm
2024-08-02 09:12:26.841 [info] Added views:gitlens.views.drafts in workbench.view.extension.gitlens
2024-08-02 09:13:35.482 [info] Added views:workbench.views.extensions.installed,workbench.views.extensions.popular,extensions.recommendedList in workbench.view.extensions
2024-08-02 09:13:35.490 [info] Removed views:workbench.views.extensions.popular from workbench.view.extensions
2024-08-02 09:13:37.642 [info] Removed views:extensions.recommendedList,workbench.views.extensions.installed from workbench.view.extensions
2024-08-02 09:13:37.680 [info] Added views:workbench.views.extensions.marketplace in workbench.view.extensions
2024-08-02 09:13:44.686 [info] Added views:workbench.view.testing in workbench.view.extension.test
2024-08-02 09:13:44.703 [info] Added views:go.explorer in workbench.view.explorer
2024-08-02 09:42:30.705 [info] Removed views:workbench.view.testing from workbench.view.extension.test
2024-08-02 09:42:31.916 [info] Added views:workbench.panel.markers.view in workbench.panel.markers
2024-08-02 09:42:31.916 [info] Added views:workbench.panel.output in workbench.panel.output
2024-08-02 09:42:31.916 [info] Added views:terminal in terminal
2024-08-02 09:42:31.916 [info] Added views:outline in workbench.view.explorer
2024-08-02 09:42:31.916 [info] Added views:workbench.scm in workbench.view.scm
2024-08-02 09:42:31.916 [info] Added views:workbench.view.search in workbench.view.search
2024-08-02 09:42:31.916 [info] Added views:workbench.explorer.fileView in workbench.view.explorer
2024-08-02 09:42:32.199 [info] Added views:workbench.debug.welcome in workbench.view.debug
2024-08-02 09:42:33.015 [info] Added views:openapiNotSelectedOutline in workbench.view.extension.openapi-explorer
2024-08-02 09:42:33.015 [info] Added views:gitlens.views.home,gitlens.views.workspaces,gitlens.views.account in workbench.view.extension.gitlens
2024-08-02 09:42:33.016 [info] Added views:gitlens.views.commitDetails,gitlens.views.lineHistory,gitlens.views.fileHistory,gitlens.views.searchAndCompare in workbench.view.extension.gitlensInspect
2024-08-02 09:42:33.017 [info] Added views:gitlens.views.commits,gitlens.views.branches,gitlens.views.remotes,gitlens.views.stashes,gitlens.views.tags,gitlens.views.contributors in workbench.view.scm
2024-08-02 09:42:33.018 [info] Added views:dockerContainers,dockerImages,dockerRegistries,dockerNetworks,dockerVolumes,vscode-docker.views.dockerContexts,vscode-docker.views.help in workbench.view.extension.dockerView
2024-08-02 09:42:33.019 [info] Added views:git-log--graph in workbench.view.scm
2024-08-02 09:42:33.233 [info] Added views:workbench.panel.repl.view in workbench.panel.repl
2024-08-02 09:42:33.891 [info] Added views:workbench.view.testing in workbench.view.extension.test
2024-08-02 09:42:33.909 [info] Added views:go.explorer in workbench.view.explorer
2024-08-02 09:42:35.932 [info] Added views:~remote.forwardedPorts in ~remote.forwardedPortsContainer
2024-08-02 09:42:36.106 [info] Added views:makefile.outline in workbench.view.extension.makefile__viewContainer
2024-08-02 09:42:44.622 [info] Removed views:gitlens.views.searchAndCompare,gitlens.views.fileHistory,gitlens.views.lineHistory,gitlens.views.commitDetails from workbench.view.extension.gitlensInspect
2024-08-02 09:42:44.624 [info] Removed views:gitlens.views.contributors,gitlens.views.tags,gitlens.views.stashes,gitlens.views.remotes,gitlens.views.branches,gitlens.views.commits from workbench.view.scm
2024-08-02 09:42:44.761 [info] Added views:gitlens.views.drafts in workbench.view.extension.gitlens
2024-08-02 09:48:11.827 [info] Removed views:workbench.view.testing from workbench.view.extension.test
