2024-08-03 08:17:36.243 [info] Reading sessions from keychain...
2024-08-03 08:17:36.243 [info] Getting sessions for all scopes...
2024-08-03 08:17:36.243 [info] Getting sessions for all scopes...
2024-08-03 08:17:36.243 [info] Got stored sessions!
2024-08-03 08:17:36.243 [info] Got 2 verified sessions.
2024-08-03 08:17:36.243 [info] Got 2 sessions for ...
2024-08-03 08:17:36.243 [info] Got 2 sessions for ...
2024-08-03 08:17:36.243 [info] Getting sessions for user:email...
2024-08-03 08:17:36.243 [info] Got 1 sessions for user:email...
2024-08-03 08:17:36.362 [info] Getting sessions for user:email...
2024-08-03 08:17:36.362 [info] Got 1 sessions for user:email...
2024-08-03 08:17:36.679 [info] Getting sessions for all scopes...
2024-08-03 08:17:36.679 [info] Got 2 sessions for ...
2024-08-03 08:17:40.428 [info] Getting sessions for read:user,repo,user:email...
2024-08-03 08:17:40.428 [info] Got 0 sessions for read:user,repo,user:email...
2024-08-03 08:17:40.697 [info] Getting sessions for all scopes...
2024-08-03 08:17:40.697 [info] Got 2 sessions for ...
2024-08-03 08:17:40.785 [info] Getting sessions for all scopes...
2024-08-03 08:17:40.785 [info] Got 2 sessions for ...
2024-08-03 08:17:40.993 [info] Getting sessions for all scopes...
2024-08-03 08:17:40.993 [info] Got 2 sessions for ...
2024-08-03 08:17:51.414 [info] Getting sessions for all scopes...
2024-08-03 08:17:51.414 [info] Got 2 sessions for ...
2024-08-03 08:17:55.581 [info] Getting sessions for all scopes...
2024-08-03 08:17:55.581 [info] Got 2 sessions for ...
